


ARM Macro Assembler    Page 1 


    1 00000000 400043FC 
                       PORTA_DATA
                               EQU              0x400043FC
    2 00000000         ;TIMER0_CTL   EQU 0x4003000C
    3 00000000         
    4 00000000         
    5 00000000                 AREA             routines, CODE, READONLY
    6 00000000                 THUMB
    7 00000000                 EXTERN           TRANSMIT
    8 00000000                 EXPORT           BEGINING
    9 00000000         
   10 00000000         
   11 00000000         
   12 00000000         BEGINING
                               PROC
   13 00000000         
   14 00000000 B500            PUSH             {LR}
   15 00000002 49C8            LDR              R1,=PORTA_DATA
   16 00000004 6808            LDR              R0,[R1]
   17 00000006 F020 0040       BIC              R0,#0x40
   18 0000000A 6008            STR              R0,[R1]
   19 0000000C         
   20 0000000C F04F 059F       MOV              R5, #0x9F
   21 00000010 F7FF FFFE       BL               TRANSMIT
   22 00000014 F04F 0541       MOV              R5, #0X41
   23 00000018 F7FF FFFE       BL               TRANSMIT
   24 0000001C F04F 050D       MOV              R5, #0X0D
   25 00000020 F7FF FFFE       BL               TRANSMIT
   26 00000024 49BF            LDR              R1,=PORTA_DATA
   27 00000026 6808            LDR              R0,[R1]
   28 00000028 F040 0040       ORR              R0,#0x40
   29 0000002C 6008            STR              R0,[R1]
   30 0000002E         
   31 0000002E F04F 0500       MOV              R5, #0X0
   32 00000032 F7FF FFFE       BL               TRANSMIT
   33 00000036 F04F 0500       MOV              R5, #0X0
   34 0000003A F7FF FFFE       BL               TRANSMIT
   35 0000003E F04F 05C4       MOV              R5, #0XC4
   36 00000042 F7FF FFFE       BL               TRANSMIT
   37 00000046 F04F 0530       MOV              R5, #0X30
   38 0000004A F7FF FFFE       BL               TRANSMIT
   39 0000004E F04F 0530       MOV              R5, #0X30
   40 00000052 F7FF FFFE       BL               TRANSMIT
   41 00000056 F04F 0548       MOV              R5, #0X48
   42 0000005A F7FF FFFE       BL               TRANSMIT
   43 0000005E F04F 0588       MOV              R5, #0X88
   44 00000062 F7FF FFFE       BL               TRANSMIT
   45 00000066 F04F 058E       MOV              R5, #0X8E
   46 0000006A F7FF FFFE       BL               TRANSMIT
   47 0000006E F04F 0588       MOV              R5, #0X88
   48 00000072 F7FF FFFE       BL               TRANSMIT
   49 00000076 F04F 0548       MOV              R5, #0X48
   50 0000007A F7FF FFFE       BL               TRANSMIT
   51 0000007E F04F 0530       MOV              R5, #0X30
   52 00000082 F7FF FFFE       BL               TRANSMIT
   53 00000086 F04F 0530       MOV              R5, #0X30
   54 0000008A F7FF FFFE       BL               TRANSMIT
   55 0000008E F04F 05C4       MOV              R5, #0XC4
   56 00000092 F7FF FFFE       BL               TRANSMIT



ARM Macro Assembler    Page 2 


   57 00000096 F04F 0500       MOV              R5, #0X0
   58 0000009A F7FF FFFE       BL               TRANSMIT
   59 0000009E F04F 0500       MOV              R5, #0X0
   60 000000A2 F7FF FFFE       BL               TRANSMIT
   61 000000A6         
   62 000000A6         
   63 000000A6 499F            LDR              R1,=PORTA_DATA
   64 000000A8 6808            LDR              R0,[R1]
   65 000000AA F020 0040       BIC              R0,#0x40
   66 000000AE 6008            STR              R0,[R1]
   67 000000B0         
   68 000000B0 F04F 059F       MOV              R5, #0x9F
   69 000000B4 F7FF FFFE       BL               TRANSMIT
   70 000000B8 F04F 0542       MOV              R5, #0X42
   71 000000BC F7FF FFFE       BL               TRANSMIT
   72 000000C0         
   73 000000C0 4998            LDR              R1,=PORTA_DATA
   74 000000C2 6808            LDR              R0,[R1]
   75 000000C4 F040 0040       ORR              R0,#0x40
   76 000000C8 6008            STR              R0,[R1]
   77 000000CA         
   78 000000CA         
   79 000000CA F04F 0501       MOV              R5, #0X1
   80 000000CE F7FF FFFE       BL               TRANSMIT
   81 000000D2 F04F 0501       MOV              R5, #0X1
   82 000000D6 F7FF FFFE       BL               TRANSMIT
   83 000000DA F04F 0527       MOV              R5, #0X27
   84 000000DE F7FF FFFE       BL               TRANSMIT
   85 000000E2 F04F 0519       MOV              R5, #0X19
   86 000000E6 F7FF FFFE       BL               TRANSMIT
   87 000000EA F04F 0519       MOV              R5, #0X19
   88 000000EE F7FF FFFE       BL               TRANSMIT
   89 000000F2 F04F 0525       MOV              R5, #0X25
   90 000000F6 F7FF FFFE       BL               TRANSMIT
   91 000000FA F04F 0523       MOV              R5, #0X23
   92 000000FE F7FF FFFE       BL               TRANSMIT
   93 00000102 F04F 05E2       MOV              R5, #0XE2
   94 00000106 F7FF FFFE       BL               TRANSMIT
   95 0000010A F04F 0523       MOV              R5, #0X23
   96 0000010E F7FF FFFE       BL               TRANSMIT
   97 00000112 F04F 0525       MOV              R5, #0X25
   98 00000116 F7FF FFFE       BL               TRANSMIT
   99 0000011A F04F 0519       MOV              R5, #0X19
  100 0000011E F7FF FFFE       BL               TRANSMIT
  101 00000122 F04F 0519       MOV              R5, #0X19
  102 00000126 F7FF FFFE       BL               TRANSMIT
  103 0000012A F04F 0527       MOV              R5, #0X27
  104 0000012E F7FF FFFE       BL               TRANSMIT
  105 00000132 F04F 0501       MOV              R5, #0X1
  106 00000136 F7FF FFFE       BL               TRANSMIT
  107 0000013A F04F 0501       MOV              R5, #0X1
  108 0000013E F7FF FFFE       BL               TRANSMIT
  109 00000142         
  110 00000142         
  111 00000142 4978            LDR              R1,=PORTA_DATA
  112 00000144 6808            LDR              R0,[R1]
  113 00000146 F020 0040       BIC              R0,#0x40
  114 0000014A 6008            STR              R0,[R1]
  115 0000014C         



ARM Macro Assembler    Page 3 


  116 0000014C F04F 058D       MOV              R5, #0x8D
  117 00000150 F7FF FFFE       BL               TRANSMIT
  118 00000154 F04F 0543       MOV              R5, #0X43
  119 00000158 F7FF FFFE       BL               TRANSMIT
  120 0000015C         
  121 0000015C 4971            LDR              R1,=PORTA_DATA
  122 0000015E 6808            LDR              R0,[R1]
  123 00000160 F040 0040       ORR              R0,#0x40
  124 00000164 6008            STR              R0,[R1]
  125 00000166         
  126 00000166 F04F 057F       MOV              R5, #0X7F   ;B
  127 0000016A F7FF FFFE       BL               TRANSMIT
  128 0000016E F04F 0549       MOV              R5, #0X49
  129 00000172 F7FF FFFE       BL               TRANSMIT
  130 00000176 F04F 0549       MOV              R5, #0X49
  131 0000017A F7FF FFFE       BL               TRANSMIT
  132 0000017E F04F 0549       MOV              R5, #0X49
  133 00000182 F7FF FFFE       BL               TRANSMIT
  134 00000186 F04F 0536       MOV              R5, #0X36
  135 0000018A F7FF FFFE       BL               TRANSMIT
  136 0000018E F04F 057E       MOV              R5, #0X7E   ;A
  137 00000192 F7FF FFFE       BL               TRANSMIT
  138 00000196 F04F 0511       MOV              R5, #0X11
  139 0000019A F7FF FFFE       BL               TRANSMIT
  140 0000019E F04F 0511       MOV              R5, #0X11
  141 000001A2 F7FF FFFE       BL               TRANSMIT
  142 000001A6 F04F 0511       MOV              R5, #0X11
  143 000001AA F7FF FFFE       BL               TRANSMIT
  144 000001AE F04F 057E       MOV              R5, #0X7E
  145 000001B2 F7FF FFFE       BL               TRANSMIT
  146 000001B6 F04F 0501       MOV              R5, #0X01   ;T
  147 000001BA F7FF FFFE       BL               TRANSMIT
  148 000001BE F04F 0501       MOV              R5, #0X01
  149 000001C2 F7FF FFFE       BL               TRANSMIT
  150 000001C6 F04F 057F       MOV              R5, #0X7F
  151 000001CA F7FF FFFE       BL               TRANSMIT
  152 000001CE F04F 0501       MOV              R5, #0X01
  153 000001D2 F7FF FFFE       BL               TRANSMIT
  154 000001D6 F04F 0501       MOV              R5, #0X01
  155 000001DA F7FF FFFE       BL               TRANSMIT
  156 000001DE F04F 0501       MOV              R5, #0X01   ;T
  157 000001E2 F7FF FFFE       BL               TRANSMIT
  158 000001E6 F04F 0501       MOV              R5, #0X01
  159 000001EA F7FF FFFE       BL               TRANSMIT
  160 000001EE F04F 057F       MOV              R5, #0X7F
  161 000001F2 F7FF FFFE       BL               TRANSMIT
  162 000001F6 F04F 0501       MOV              R5, #0X01
  163 000001FA F7FF FFFE       BL               TRANSMIT
  164 000001FE F04F 0501       MOV              R5, #0X01
  165 00000202 F7FF FFFE       BL               TRANSMIT
  166 00000206 F04F 057F       MOV              R5, #0X7F   ;L
  167 0000020A F7FF FFFE       BL               TRANSMIT
  168 0000020E F04F 0540       MOV              R5, #0X40
  169 00000212 F7FF FFFE       BL               TRANSMIT
  170 00000216 F04F 0540       MOV              R5, #0X40
  171 0000021A F7FF FFFE       BL               TRANSMIT
  172 0000021E F04F 0540       MOV              R5, #0X40
  173 00000222 F7FF FFFE       BL               TRANSMIT
  174 00000226 F04F 0540       MOV              R5, #0X40



ARM Macro Assembler    Page 4 


  175 0000022A F7FF FFFE       BL               TRANSMIT
  176 0000022E F04F 057F       MOV              R5, #0X7F   ;E
  177 00000232 F7FF FFFE       BL               TRANSMIT
  178 00000236 F04F 0549       MOV              R5, #0X49
  179 0000023A F7FF FFFE       BL               TRANSMIT
  180 0000023E F04F 0549       MOV              R5, #0X49
  181 00000242 F7FF FFFE       BL               TRANSMIT
  182 00000246 F04F 0549       MOV              R5, #0X49
  183 0000024A F7FF FFFE       BL               TRANSMIT
  184 0000024E F04F 0541       MOV              R5, #0X41
  185 00000252 F7FF FFFE       BL               TRANSMIT
  186 00000256 F04F 0546       MOV              R5, #0X46   ;S
  187 0000025A F7FF FFFE       BL               TRANSMIT
  188 0000025E F04F 0549       MOV              R5, #0X49
  189 00000262 F7FF FFFE       BL               TRANSMIT
  190 00000266 F04F 0549       MOV              R5, #0X49
  191 0000026A F7FF FFFE       BL               TRANSMIT
  192 0000026E F04F 0549       MOV              R5, #0X49
  193 00000272 F7FF FFFE       BL               TRANSMIT
  194 00000276 F04F 0531       MOV              R5, #0X31
  195 0000027A F7FF FFFE       BL               TRANSMIT
  196 0000027E F04F 057F       MOV              R5, #0X7F   ;H
  197 00000282 F7FF FFFE       BL               TRANSMIT
  198 00000286 F04F 0508       MOV              R5, #0X08
  199 0000028A F7FF FFFE       BL               TRANSMIT
  200 0000028E F04F 0508       MOV              R5, #0X08
  201 00000292 F7FF FFFE       BL               TRANSMIT
  202 00000296 F04F 0508       MOV              R5, #0X08
  203 0000029A F7FF FFFE       BL               TRANSMIT
  204 0000029E F04F 057F       MOV              R5, #0X7F
  205 000002A2 F7FF FFFE       BL               TRANSMIT
  206 000002A6 F04F 0500       MOV              R5, #0X00   ;I
  207 000002AA F7FF FFFE       BL               TRANSMIT
  208 000002AE F04F 0541       MOV              R5, #0X41
  209 000002B2 F7FF FFFE       BL               TRANSMIT
  210 000002B6 F04F 057F       MOV              R5, #0X7F
  211 000002BA F7FF FFFE       BL               TRANSMIT
  212 000002BE F04F 0541       MOV              R5, #0X41
  213 000002C2 F7FF FFFE       BL               TRANSMIT
  214 000002C6 F04F 0500       MOV              R5, #0X00
  215 000002CA F7FF FFFE       BL               TRANSMIT
  216 000002CE F04F 057F       MOV              R5, #0X7F   ;P
  217 000002D2 F7FF FFFE       BL               TRANSMIT
  218 000002D6 F04F 0509       MOV              R5, #0X09
  219 000002DA F7FF FFFE       BL               TRANSMIT
  220 000002DE F04F 0509       MOV              R5, #0X09
  221 000002E2 F7FF FFFE       BL               TRANSMIT
  222 000002E6 F04F 0509       MOV              R5, #0X09
  223 000002EA F7FF FFFE       BL               TRANSMIT
  224 000002EE F04F 0506       MOV              R5, #0X06
  225 000002F2 F7FF FFFE       BL               TRANSMIT
  226 000002F6 F04F 0546       MOV              R5, #0X46   ;S
  227 000002FA F7FF FFFE       BL               TRANSMIT
  228 000002FE F04F 0549       MOV              R5, #0X49
  229 00000302 F7FF FFFE       BL               TRANSMIT
  230 00000306 F04F 0549       MOV              R5, #0X49
  231 0000030A F7FF FFFE       BL               TRANSMIT
  232 0000030E F04F 0549       MOV              R5, #0X49
  233 00000312 F7FF FFFE       BL               TRANSMIT



ARM Macro Assembler    Page 5 


  234 00000316 F04F 0531       MOV              R5, #0X31
  235 0000031A F7FF FFFE       BL               TRANSMIT
  236 0000031E         
  237 0000031E         
  238 0000031E F85D EB04       POP              {LR}
  239 00000322 4770            BX               LR
  240 00000324         
  241 00000324                 ENDP
  242 00000324                 END
              400043FC 
Command Line: --debug --xref --diag_suppress=9931 --cpu=Cortex-M4.fp --apcs=int
erwork --depend=.\objects\begining.d -o.\objects\begining.o -I.\RTE\_Target_1 -
IC:\Keil_v5\ARM\PACK\Keil\TM4C_DFP\1.1.0\Device\Include\TM4C123 -IC:\Keil_v5\AR
M\CMSIS\Include --predefine="__EVAL SETA 1" --predefine="__UVISION_VERSION SETA
 526" --predefine="TM4C123GH6PM SETA 1" --list=.\listings\begining.lst BEGINING
.s



ARM Macro Assembler    Page 1 Alphabetic symbol ordering
Relocatable symbols

BEGINING 00000000

Symbol: BEGINING
   Definitions
      At line 12 in file BEGINING.s
   Uses
      At line 8 in file BEGINING.s
Comment: BEGINING used once
routines 00000000

Symbol: routines
   Definitions
      At line 5 in file BEGINING.s
   Uses
      None
Comment: routines unused
2 symbols



ARM Macro Assembler    Page 1 Alphabetic symbol ordering
Absolute symbols

PORTA_DATA 400043FC

Symbol: PORTA_DATA
   Definitions
      At line 1 in file BEGINING.s
   Uses
      At line 15 in file BEGINING.s
      At line 26 in file BEGINING.s
      At line 63 in file BEGINING.s
      At line 73 in file BEGINING.s
      At line 111 in file BEGINING.s
      At line 121 in file BEGINING.s

1 symbol



ARM Macro Assembler    Page 1 Alphabetic symbol ordering
External symbols

TRANSMIT 00000000

Symbol: TRANSMIT
   Definitions
      At line 7 in file BEGINING.s
   Uses
      At line 21 in file BEGINING.s
      At line 23 in file BEGINING.s
      At line 25 in file BEGINING.s
      At line 32 in file BEGINING.s
      At line 34 in file BEGINING.s
      At line 36 in file BEGINING.s
      At line 38 in file BEGINING.s
      At line 40 in file BEGINING.s
      At line 42 in file BEGINING.s
      At line 44 in file BEGINING.s
      At line 46 in file BEGINING.s
      At line 48 in file BEGINING.s
      At line 50 in file BEGINING.s
      At line 52 in file BEGINING.s
      At line 54 in file BEGINING.s
      At line 56 in file BEGINING.s
      At line 58 in file BEGINING.s
      At line 60 in file BEGINING.s
      At line 69 in file BEGINING.s
      At line 71 in file BEGINING.s
      At line 80 in file BEGINING.s
      At line 82 in file BEGINING.s
      At line 84 in file BEGINING.s
      At line 86 in file BEGINING.s
      At line 88 in file BEGINING.s
      At line 90 in file BEGINING.s
      At line 92 in file BEGINING.s
      At line 94 in file BEGINING.s
      At line 96 in file BEGINING.s
      At line 98 in file BEGINING.s
      At line 100 in file BEGINING.s
      At line 102 in file BEGINING.s
      At line 104 in file BEGINING.s
      At line 106 in file BEGINING.s
      At line 108 in file BEGINING.s
      At line 117 in file BEGINING.s
      At line 119 in file BEGINING.s
      At line 127 in file BEGINING.s
      At line 129 in file BEGINING.s
      At line 131 in file BEGINING.s
      At line 133 in file BEGINING.s
      At line 135 in file BEGINING.s
      At line 137 in file BEGINING.s
      At line 139 in file BEGINING.s
      At line 141 in file BEGINING.s
      At line 143 in file BEGINING.s
      At line 145 in file BEGINING.s
      At line 147 in file BEGINING.s
      At line 149 in file BEGINING.s
      At line 151 in file BEGINING.s
      At line 153 in file BEGINING.s
      At line 155 in file BEGINING.s
      At line 157 in file BEGINING.s



ARM Macro Assembler    Page 2 Alphabetic symbol ordering
External symbols

      At line 159 in file BEGINING.s
      At line 161 in file BEGINING.s
      At line 163 in file BEGINING.s
      At line 165 in file BEGINING.s
      At line 167 in file BEGINING.s
      At line 169 in file BEGINING.s
      At line 171 in file BEGINING.s
      At line 173 in file BEGINING.s
      At line 175 in file BEGINING.s
      At line 177 in file BEGINING.s
      At line 179 in file BEGINING.s
      At line 181 in file BEGINING.s
      At line 183 in file BEGINING.s
      At line 185 in file BEGINING.s
      At line 187 in file BEGINING.s
      At line 189 in file BEGINING.s
      At line 191 in file BEGINING.s
      At line 193 in file BEGINING.s
      At line 195 in file BEGINING.s
      At line 197 in file BEGINING.s
      At line 199 in file BEGINING.s
      At line 201 in file BEGINING.s
      At line 203 in file BEGINING.s
      At line 205 in file BEGINING.s
      At line 207 in file BEGINING.s
      At line 209 in file BEGINING.s
      At line 211 in file BEGINING.s
      At line 213 in file BEGINING.s
      At line 215 in file BEGINING.s
      At line 217 in file BEGINING.s
      At line 219 in file BEGINING.s
      At line 221 in file BEGINING.s
      At line 223 in file BEGINING.s
      At line 225 in file BEGINING.s
      At line 227 in file BEGINING.s
      At line 229 in file BEGINING.s
      At line 231 in file BEGINING.s
      At line 233 in file BEGINING.s
      At line 235 in file BEGINING.s

1 symbol
340 symbols in table
