


ARM Macro Assembler    Page 1 


    1 00000000 20000400 
                       POSITION
                               EQU              0X20000400
    2 00000000 2000040F 
                       BATTLE_COUNTER
                               EQU              0X2000040F
    3 00000000 20000410 
                       CIV_COUNTER
                               EQU              0X20000410
    4 00000000 20000411 
                       SCREEN_COUNTER
                               EQU              0X20000411
    5 00000000 20000412 
                       MINE_POSITION
                               EQU              0X20000412
    6 00000000 400043FC 
                       PORTA_DATA
                               EQU              0x400043FC
    7 00000000 20000424 
                       MINE_COUNTER
                               EQU              0X20000424
    8 00000000         
    9 00000000         
   10 00000000         
   11 00000000                 AREA             routines, CODE, READONLY
   12 00000000                 THUMB
   13 00000000                 EXTERN           TRANSMIT
   14 00000000                 EXTERN           WIN
   15 00000000                 EXTERN           LOSE_B
   16 00000000                 EXTERN           LOSE_C
   17 00000000                 EXTERN           TIMER_INIT
   18 00000000                 EXPORT           FINAL
   19 00000000         
   20 00000000         
   21 00000000         
   22 00000000         FINAL   PROC
   23 00000000 B500            PUSH{LR}
   24 00000002 F04F 0900       MOV              R9,#0
   25 00000006 F04F 0A00       MOV              R10,#0
   26 0000000A         
   27 0000000A         FINAL_CIV
   28 0000000A         
   29 0000000A F1B9 0F06       CMP              R9,#6
   30 0000000E BF04 F04F 
              0900             MOVEQ            R9,#0
   31 00000014 F10A 0A02       ADDEQ            R10,#2
   32 00000018 F1BA 0F08       CMP              R10,#8
   33 0000001C BF04 F04F 
              0A00             MOVEQ            R10,#0
   34 00000022 F04F 0900       MOVEQ            R9,#0
   35 00000026 D02F            BEQ              FINAL_BAT
   36 00000028 4942            LDR              R1,=MINE_POSITION
   37 0000002A F811 000A       LDRB             R0,[R1,R10]
   38 0000002E 28FF            CMP              R0,#0xFF
   39 00000030 BF02 F04F 
              0A06             MOVEQ            R10,#6
   40 00000036 F04F 0906       MOVEQ            R9,#6
   41 0000003A F7FF FFE6       BLEQ             FINAL_CIV
   42 0000003E 493E            LDR              R1,=POSITION



ARM Macro Assembler    Page 2 


   43 00000040 F811 2009       LDRB             R2,[R1,R9]
   44 00000044 4290            CMP              R0,R2
   45 00000046 BF38 F109 
              0902             ADDLO            R9,#2
   46 0000004C D3DD            BLO              FINAL_CIV
   47 0000004E F102 0208       ADD              R2,R2,#8
   48 00000052 4290            CMP              R0,R2
   49 00000054 BFC8 F109 
              0902             ADDGT            R9,#2
   50 0000005A DCD6            BGT              FINAL_CIV
   51 0000005C 4937            LDR              R1,=(MINE_POSITION  + 1)
   52 0000005E F811 000A       LDRB             R0,[R1,R10]
   53 00000062 4937            LDR              R1,=(POSITION  + 1)
   54 00000064 F811 2009       LDRB             R2,[R1,R9]
   55 00000068 4290            CMP              R0,R2
   56 0000006A BF38 F109 
              0902             ADDLO            R9,#2
   57 00000070 D3CB            BLO              FINAL_CIV
   58 00000072 F102 0208       ADD              R2,R2,#8
   59 00000076 4290            CMP              R0,R2
   60 00000078 BF98 F7FF 
              FFFE             BLLS             LOSE_C
   61 0000007E D956            BLS              FINISH
   62 00000080 BFC8 F109 
              0902             ADDGT            R9,#2
   63 00000086 E7C0            B                FINAL_CIV
   64 00000088         
   65 00000088         FINAL_BAT
   66 00000088 F1B9 0F08       CMP              R9,#8
   67 0000008C BF04 F10A 
              0A02             ADDEQ            R10,#2
   68 00000092 F04F 0900       MOVEQ            R9,#0
   69 00000096 F1BA 0F08       CMP              R10,#8
   70 0000009A BF04 F04F 
              0A00             MOVEQ            R10,#0
   71 000000A0 F04F 0900       MOVEQ            R9,#0
   72 000000A4 D037            BEQ              CHECK_BAT
   73 000000A6 4923            LDR              R1,=MINE_POSITION
   74 000000A8 F811 000A       LDRB             R0,[R1,R10]
   75 000000AC 28FF            CMP              R0,#0xFF
   76 000000AE BF02 F04F 
              0A06             MOVEQ            R10,#6
   77 000000B4 F04F 0908       MOVEQ            R9,#8
   78 000000B8 F7FF FFE6       BLEQ             FINAL_BAT
   79 000000BC 4921            LDR              R1,=POSITION+ 6
   80 000000BE F811 2009       LDRB             R2,[R1,R9]
   81 000000C2 4290            CMP              R0,R2
   82 000000C4 BF38 F109 
              0902             ADDLO            R9,#2
   83 000000CA D3DD            BLO              FINAL_BAT
   84 000000CC F102 0208       ADD              R2,R2,#8
   85 000000D0 4290            CMP              R0,R2
   86 000000D2 BFC8 F109 
              0902             ADDGT            R9,#2
   87 000000D8 DCD6            BGT              FINAL_BAT
   88 000000DA 4918            LDR              R1,=(MINE_POSITION + 1)
   89 000000DC F811 000A       LDRB             R0,[R1,R10]
   90 000000E0 4919            LDR              R1,=(POSITION + 7)
   91 000000E2 F811 2009       LDRB             R2,[R1,R9]



ARM Macro Assembler    Page 3 


   92 000000E6 4290            CMP              R0,R2
   93 000000E8 BF38 F109 
              0902             ADDLO            R9,#2
   94 000000EE D3CB            BLO              FINAL_BAT
   95 000000F0 F102 0208       ADD              R2,R2,#8
   96 000000F4 4290            CMP              R0,R2
   97 000000F6 BFC8 F109 
              0902             ADDGT            R9,#2
   98 000000FC DCC4            BGT              FINAL_BAT
   99 000000FE F04F 00FF       MOV              R0,#0xFF
  100 00000102 4910            LDR              R1,=(POSITION+6)
  101 00000104 F801 0009       STRB             R0,[R1,R9]
  102 00000108 490F            LDR              R1,=(POSITION+7)
  103 0000010A F801 0009       STRB             R0,[R1,R9]
  104 0000010E BF98 F109 
              0902             ADDLS            R9,#2
  105 00000114 E7B8            B                FINAL_BAT
  106 00000116         
  107 00000116         CHECK_BAT
  108 00000116 490B            LDR              R1,=POSITION+6
  109 00000118 6808            LDR              R0,[R1]
  110 0000011A F1B0 3FFF       CMP              R0,#0xFFFFFFFF
  111 0000011E BF18 F7FF 
              FFFE             BLNE             LOSE_B
  112 00000124 F1B0 3FFF       CMP              R0,#0xFFFFFFFF
  113 00000128 BF08 F7FF 
              FFFE             BLEQ             WIN
  114 0000012E         
  115 0000012E         FINISH
  116 0000012E F85D EB04       POP              {LR}
  117 00000132 4770            BX               LR
  118 00000134         
  119 00000134         
  120 00000134                 ENDP
  121 00000134                 ALIGN
  122 00000134                 END
              20000412 
              20000400 
              20000413 
              20000401 
              20000406 
              20000407 
Command Line: --debug --xref --diag_suppress=9931 --cpu=Cortex-M4.fp --apcs=int
erwork --depend=.\objects\final.d -o.\objects\final.o -I.\RTE\_Target_1 -IC:\Ke
il_v5\ARM\PACK\Keil\TM4C_DFP\1.1.0\Device\Include\TM4C123 -IC:\Keil_v5\ARM\CMSI
S\Include --predefine="__EVAL SETA 1" --predefine="__UVISION_VERSION SETA 526" 
--predefine="TM4C123GH6PM SETA 1" --list=.\listings\final.lst FINAL.s



ARM Macro Assembler    Page 1 Alphabetic symbol ordering
Relocatable symbols

CHECK_BAT 00000116

Symbol: CHECK_BAT
   Definitions
      At line 107 in file FINAL.s
   Uses
      At line 72 in file FINAL.s
Comment: CHECK_BAT used once
FINAL 00000000

Symbol: FINAL
   Definitions
      At line 22 in file FINAL.s
   Uses
      At line 18 in file FINAL.s
Comment: FINAL used once
FINAL_BAT 00000088

Symbol: FINAL_BAT
   Definitions
      At line 65 in file FINAL.s
   Uses
      At line 35 in file FINAL.s
      At line 78 in file FINAL.s
      At line 83 in file FINAL.s
      At line 87 in file FINAL.s
      At line 94 in file FINAL.s
      At line 98 in file FINAL.s
      At line 105 in file FINAL.s

FINAL_CIV 0000000A

Symbol: FINAL_CIV
   Definitions
      At line 27 in file FINAL.s
   Uses
      At line 41 in file FINAL.s
      At line 46 in file FINAL.s
      At line 50 in file FINAL.s
      At line 57 in file FINAL.s
      At line 63 in file FINAL.s

FINISH 0000012E

Symbol: FINISH
   Definitions
      At line 115 in file FINAL.s
   Uses
      At line 61 in file FINAL.s
Comment: FINISH used once
routines 00000000

Symbol: routines
   Definitions
      At line 11 in file FINAL.s
   Uses
      None
Comment: routines unused
6 symbols



ARM Macro Assembler    Page 1 Alphabetic symbol ordering
Absolute symbols

BATTLE_COUNTER 2000040F

Symbol: BATTLE_COUNTER
   Definitions
      At line 2 in file FINAL.s
   Uses
      None
Comment: BATTLE_COUNTER unused
CIV_COUNTER 20000410

Symbol: CIV_COUNTER
   Definitions
      At line 3 in file FINAL.s
   Uses
      None
Comment: CIV_COUNTER unused
MINE_COUNTER 20000424

Symbol: MINE_COUNTER
   Definitions
      At line 7 in file FINAL.s
   Uses
      None
Comment: MINE_COUNTER unused
MINE_POSITION 20000412

Symbol: MINE_POSITION
   Definitions
      At line 5 in file FINAL.s
   Uses
      At line 36 in file FINAL.s
      At line 51 in file FINAL.s
      At line 73 in file FINAL.s
      At line 88 in file FINAL.s

PORTA_DATA 400043FC

Symbol: PORTA_DATA
   Definitions
      At line 6 in file FINAL.s
   Uses
      None
Comment: PORTA_DATA unused
POSITION 20000400

Symbol: POSITION
   Definitions
      At line 1 in file FINAL.s
   Uses
      At line 42 in file FINAL.s
      At line 53 in file FINAL.s
      At line 79 in file FINAL.s
      At line 90 in file FINAL.s
      At line 100 in file FINAL.s
      At line 102 in file FINAL.s
      At line 108 in file FINAL.s

SCREEN_COUNTER 20000411




ARM Macro Assembler    Page 2 Alphabetic symbol ordering
Absolute symbols

Symbol: SCREEN_COUNTER
   Definitions
      At line 4 in file FINAL.s
   Uses
      None
Comment: SCREEN_COUNTER unused
7 symbols



ARM Macro Assembler    Page 1 Alphabetic symbol ordering
External symbols

LOSE_B 00000000

Symbol: LOSE_B
   Definitions
      At line 15 in file FINAL.s
   Uses
      At line 111 in file FINAL.s
Comment: LOSE_B used once
LOSE_C 00000000

Symbol: LOSE_C
   Definitions
      At line 16 in file FINAL.s
   Uses
      At line 60 in file FINAL.s
Comment: LOSE_C used once
TIMER_INIT 00000000

Symbol: TIMER_INIT
   Definitions
      At line 17 in file FINAL.s
   Uses
      None
Comment: TIMER_INIT unused
TRANSMIT 00000000

Symbol: TRANSMIT
   Definitions
      At line 13 in file FINAL.s
   Uses
      None
Comment: TRANSMIT unused
WIN 00000000

Symbol: WIN
   Definitions
      At line 14 in file FINAL.s
   Uses
      At line 113 in file FINAL.s
Comment: WIN used once
5 symbols
354 symbols in table
