


ARM Macro Assembler    Page 1 


    1 00000000         
    2 00000000         ;Nested Vector Interrupt Controller registers
    3 00000000 40000000 
                       NVIC_EN0_INT30
                               EQU              0x40000000  ; Interrupt 19 enab
                                                            le
    4 00000000 E000E100 
                       NVIC_EN0
                               EQU              0xE000E100  ; IRQ 0 to 31 Set E
                                                            nable Register
    5 00000000 E000E41C 
                       NVIC_PRI7
                               EQU              0xE000E41C  ; IRQ 28 to 31 Prio
                                                            rity Register
    6 00000000         ; GPIO Registers
    7 00000000 400FE608 
                       RCGCGPIO
                               EQU              0x400FE608  ; GPIO clock regist
                                                            er
    8 00000000         ;PORT F base address EQU 0x40025000
    9 00000000 4002551C 
                       PORTF_DEN
                               EQU              0x4002551C  ; Digital Enable
   10 00000000 4002552C 
                       PORTF_PCTL
                               EQU              0x4002552C  ; Alternate functio
                                                            n select
   11 00000000 40025420 
                       PORTF_AFSEL
                               EQU              0x40025420  ; Enable Alt functi
                                                            ons
   12 00000000 40025528 
                       PORTF_AMSEL
                               EQU              0x40025528  ; Enable analog
   13 00000000 40025400 
                       PORTF_DIR
                               EQU              0x40025400  ;Set direction
   14 00000000 400253FC 
                       PORTF_DATA
                               EQU              0x400253FC
   15 00000000 40025520 
                       PORTF_LOCK
                               EQU              0X40025520
   16 00000000 4C4F434B 
                       GPIO_LOCK_KEY
                               EQU              0x4C4F434B
   17 00000000 40025524 
                       GPIO_PORTF_CR_R
                               EQU              0x40025524
   18 00000000 40025510 
                       PORTF_PUR
                               EQU              0x40025510
   19 00000000 40025404 
                       GPIO_PORTF_IS
                               EQU              0X40025404
   20 00000000 40025408 
                       GPIO_PORTF_IBE
                               EQU              0X40025408
   21 00000000 4002540C 



ARM Macro Assembler    Page 2 


                       GPIO_PORTF_IEV
                               EQU              0X4002540C
   22 00000000 40025410 
                       GPIO_PORTF_IM
                               EQU              0X40025410
   23 00000000 40025414 
                       GPIO_PORTF_RIS
                               EQU              0X40025414
   24 00000000 4002541C 
                       GPIO_PORTF_ICR
                               EQU              0X4002541C
   25 00000000         
   26 00000000 20000400 
                       POSITION
                               EQU              0X20000400
   27 00000000 2000040F 
                       BATTLE_COUNTER
                               EQU              0X2000040F
   28 00000000 20000410 
                       CIV_COUNTER
                               EQU              0X20000410
   29 00000000 20000411 
                       SCREEN_COUNTER
                               EQU              0X20000411
   30 00000000 20000412 
                       MINE_POSITION
                               EQU              0X20000412
   31 00000000 20000424 
                       MINE_COUNTER
                               EQU              0X20000424
   32 00000000 20000428 
                       RESTART EQU              0X20000428
   33 00000000                 AREA             routines, CODE, READONLY
   34 00000000                 THUMB
   35 00000000                 EXTERN           BATTLESHIP
   36 00000000                 EXTERN           CIVILIAN
   37 00000000                 EXTERN           FINAL
   38 00000000                 EXPORT           GPIOPortF_Handler
   39 00000000                 EXPORT           GPIO_INIT
   40 00000000         
   41 00000000         GPIOPortF_Handler
                               PROC
   42 00000000 B537            PUSH             {R0, R1, R2, R4, R5, LR}
   43 00000002 F04F 020F       MOV              R2, #0xF
   44 00000006 F64F 71FF 
                       LOOP2   MOV              R1, #0XFFFF
   45 0000000A 3901    LOOP    SUBS             R1, #1
   46 0000000C D1FD            BNE              LOOP
   47 0000000E 3A01            SUBS             R2, #1
   48 00000010 D1F9            BNE              LOOP2
   49 00000012         
   50 00000012 4971            LDR              R1, =GPIO_PORTF_RIS
   51 00000014 6808            LDR              R0, [R1]
   52 00000016 4971            LDR              R1, =GPIO_PORTF_ICR
   53 00000018 F04F 0211       MOV              R2, #0X11
   54 0000001C 600A            STR              R2, [R1]
   55 0000001E         
   56 0000001E 4970            LDR              R1, =SCREEN_COUNTER
   57 00000020 780C            LDRB             R4, [R1]



ARM Macro Assembler    Page 3 


   58 00000022 2C07            CMP              R4, #7
   59 00000024 D06A            BEQ              FIRST_MINE
   60 00000026 2C08            CMP              R4, #8
   61 00000028 D06E            BEQ              SECOND_MINE
   62 0000002A 2C09            CMP              R4, #9
   63 0000002C D072            BEQ              THIRD_MINE
   64 0000002E 2C0A            CMP              R4, #10
   65 00000030 D076            BEQ              FOURTH_MINE
   66 00000032         
   67 00000032 F04F 0500       MOV              R5, #0
   68 00000036 496B            LDR              R1, =BATTLE_COUNTER
   69 00000038 780A            LDRB             R2, [R1]
   70 0000003A 496B            LDR              R1, =CIV_COUNTER
   71 0000003C 780C            LDRB             R4, [R1]
   72 0000003E EB02 0504       ADD              R5, R2, R4
   73 00000042 2D04            CMP              R5, #4
   74 00000044 D071            BEQ              FINISH
   75 00000046 F010 0001       ANDS             R0, #0x1
   76 0000004A D131            BNE              CIV
   77 0000004C 4865            LDR              R0, =BATTLE_COUNTER
   78 0000004E 7802            LDRB             R2, [R0]
   79 00000050 2A04            CMP              R2, #4
   80 00000052 DA6A            BGE              FINISH
   81 00000054 2A02            CMP              R2, #2
   82 00000056 DC21            BGT              FOUR_B
   83 00000058 2A01            CMP              R2, #1
   84 0000005A DC15            BGT              THIRD_B
   85 0000005C 2A00            CMP              R2, #0
   86 0000005E DC09            BGT              SECOND_B
   87 00000060 4862            LDR              R0, =(POSITION + 6)
   88 00000062 F800 3B01       STRB             R3, [R0], #1 ;X POSITION
   89 00000066 F880 8000       STRB             R8, [R0]    ;SHIFTING
   90 0000006A F102 0201       ADD              R2, #1
   91 0000006E 485D            LDR              R0, =BATTLE_COUNTER
   92 00000070 7002            STRB             R2, [R0]
   93 00000072 E05A            B                FINISH
   94 00000074         SECOND_B
   95 00000074 485E            LDR              R0, =(POSITION + 8)
   96 00000076 F800 3B01       STRB             R3, [R0], #1 ;X POSITION
   97 0000007A F880 8000       STRB             R8, [R0]    ;SHIFTING
   98 0000007E F102 0201       ADD              R2, #1
   99 00000082 4858            LDR              R0, =BATTLE_COUNTER
  100 00000084 7002            STRB             R2, [R0]
  101 00000086 E050            B                FINISH
  102 00000088         THIRD_B
  103 00000088 485A            LDR              R0, =(POSITION + 10)
  104 0000008A F800 3B01       STRB             R3, [R0], #1 ;X POSITION
  105 0000008E F880 8000       STRB             R8, [R0]    ;SHIFTING
  106 00000092 F102 0201       ADD              R2, #1
  107 00000096 4853            LDR              R0, =BATTLE_COUNTER
  108 00000098 7002            STRB             R2, [R0]
  109 0000009A E046            B                FINISH
  110 0000009C         FOUR_B
  111 0000009C 4856            LDR              R0, =(POSITION + 12)
  112 0000009E F800 3B01       STRB             R3, [R0], #1 ;X POSITION
  113 000000A2 F880 8000       STRB             R8, [R0]    ;SHIFTING
  114 000000A6 F102 0201       ADD              R2, #1
  115 000000AA 484E            LDR              R0, =BATTLE_COUNTER
  116 000000AC 7002            STRB             R2, [R0]



ARM Macro Assembler    Page 4 


  117 000000AE E03C            B                FINISH
  118 000000B0         
  119 000000B0         CIV
  120 000000B0 494D            LDR              R1, =CIV_COUNTER
  121 000000B2 780C            LDRB             R4, [R1]
  122 000000B4 2C03            CMP              R4, #3
  123 000000B6 DA38            BGE              FINISH
  124 000000B8 2C01            CMP              R4, #1
  125 000000BA DC15            BGT              THIRD
  126 000000BC 2C00            CMP              R4, #0
  127 000000BE DC09            BGT              SECOND
  128 000000C0 484E            LDR              R0, =POSITION
  129 000000C2 F800 3B01       STRB             R3, [R0], #1 ;X POSITION
  130 000000C6 F880 8000       STRB             R8, [R0]    ;SHIFTING
  131 000000CA F104 0401       ADD              R4, #1
  132 000000CE 4946            LDR              R1, =CIV_COUNTER
  133 000000D0 700C            STRB             R4, [R1]
  134 000000D2 E02A            B                FINISH
  135 000000D4         SECOND
  136 000000D4 484A            LDR              R0, =(POSITION + 2)
  137 000000D6 F800 3B01       STRB             R3, [R0], #1 ;X POSITION
  138 000000DA F880 8000       STRB             R8, [R0]    ;SHIFTING
  139 000000DE F104 0401       ADD              R4, #1
  140 000000E2 4941            LDR              R1, =CIV_COUNTER
  141 000000E4 700C            STRB             R4, [R1]
  142 000000E6 E020            B                FINISH
  143 000000E8         THIRD
  144 000000E8 4846            LDR              R0, =(POSITION + 4)
  145 000000EA F800 3B01       STRB             R3, [R0], #1 ;X POSITION
  146 000000EE F880 8000       STRB             R8, [R0]    ;SHIFTING
  147 000000F2 F104 0401       ADD              R4, #1
  148 000000F6 493C            LDR              R1, =CIV_COUNTER
  149 000000F8 700C            STRB             R4, [R1]
  150 000000FA E016            B                FINISH
  151 000000FC         
  152 000000FC         FIRST_MINE
  153 000000FC 4842            LDR              R0, =MINE_POSITION
  154 000000FE F800 3B01       STRB             R3, [R0], #1 ;X POSITION
  155 00000102 F880 8000       STRB             R8, [R0]    ;SHIFTING
  156 00000106 E010            B                FINISH
  157 00000108         SECOND_MINE
  158 00000108 4840            LDR              R0, =(MINE_POSITION + 2)
  159 0000010A F800 3B01       STRB             R3, [R0], #1 ;X POSITION
  160 0000010E F880 8000       STRB             R8, [R0]    ;SHIFTING
  161 00000112 E00A            B                FINISH
  162 00000114         THIRD_MINE
  163 00000114 483E            LDR              R0, =(MINE_POSITION + 4)
  164 00000116 F800 3B01       STRB             R3, [R0], #1 ;X POSITION
  165 0000011A F880 8000       STRB             R8, [R0]    ;SHIFTING
  166 0000011E E004            B                FINISH
  167 00000120         FOURTH_MINE
  168 00000120 483C            LDR              R0, =(MINE_POSITION + 6)
  169 00000122 F800 3B01       STRB             R3, [R0], #1 ;X POSITION
  170 00000126 F880 8000       STRB             R8, [R0]    ;SHIFTING 
  171 0000012A         
  172 0000012A         FINISH
  173 0000012A 492E            LDR              R1, =BATTLE_COUNTER
  174 0000012C 780A            LDRB             R2, [R1]
  175 0000012E 492E            LDR              R1, =CIV_COUNTER



ARM Macro Assembler    Page 5 


  176 00000130 780C            LDRB             R4, [R1]
  177 00000132 F04F 0000       MOV              R0, #0
  178 00000136 EB02 0004       ADD              R0, R2, R4
  179 0000013A 2804            CMP              R0, #4
  180 0000013C 4928            LDR              R1, =SCREEN_COUNTER
  181 0000013E 780C            LDRB             R4, [R1]
  182 00000140 BF08 3401       ADDEQ            R4, #1
  183 00000144 700C            STRB             R4, [R1]
  184 00000146 E8BD 4037       POP              {R0, R1, R2, R4, R5, LR}
  185 0000014A 4770            BX               LR
  186 0000014C         
  187 0000014C         ;REST  
  188 0000014C         ;   LDR  R1, =RESTART
  189 0000014C         ;   LDR  R10,[R1]
  190 0000014C         ;   MOV   R10, #7
  191 0000014C         ;   STRB    R4,[R1]
  192 0000014C         ;   POP {R0, R1, R2, R4, R5, LR}
  193 0000014C         ;   BX LR
  194 0000014C         
  195 0000014C         
  196 0000014C         
  197 0000014C         TEST
  198 0000014C F8DF 90C8       LDR              R9, =MINE_COUNTER
  199 00000150 F8D1 A000       LDR              R10,[R1]
  200 00000154 F10A 0A01       ADD              R10,#1
  201 00000158 700C            STRB             R4,[R1]
  202 0000015A E8BD 4037       POP              {R0, R1, R2, R4, R5, LR}
  203 0000015E 4770            BX               LR
  204 00000160         
  205 00000160                 ENDP
  206 00000160         ;;;;;;;;;;;;;;;;;;;;;;;;;;;;;;;;;;;;;;;;;;;;;;;;;
  207 00000160         ;;;;; GPIO INIT
  208 00000160         ;;;;;;;;;;;;;;;;;;;;;;;;;;;;;;;;;;;;;;;;;;;;;;;;;
  209 00000160         
  210 00000160         GPIO_INIT
                               PROC
  211 00000160 492E            LDR              R1 , =RCGCGPIO
  212 00000162 6808            LDR              R0 , [ R1 ]
  213 00000164 F040 0020       ORR              R0 , R0 , #0x20 ;Port F clock e
                                                            nabled
  214 00000168 6008            STR              R0 , [ R1 ]
  215 0000016A BF00            NOP                          ;Wait for clock to 
                                                            stabilize
  216 0000016C BF00            NOP
  217 0000016E BF00            NOP
  218 00000170 492B            LDR              R1, =PORTF_LOCK
  219 00000172 482C            LDR              R0, =GPIO_LOCK_KEY
  220 00000174 6008            STR              R0, [R1]
  221 00000176 492C            LDR              R1, =GPIO_PORTF_CR_R
  222 00000178 F04F 00FF       MOV              R0, #0xFF
  223 0000017C 6008            STR              R0, [R1]
  224 0000017E 492B            LDR              R1 , =PORTF_DIR ; Config of Por
                                                            t F starts
  225 00000180 F04F 0002       MOV              R0 , #0x2
  226 00000184 6008            STR              R0 , [ R1 ]
  227 00000186 492A            LDR              R1 , =PORTF_AFSEL
  228 00000188 6808            LDR              R0 , [ R1 ]
  229 0000018A F020 00FF       BIC              R0 , #0xFF
  230 0000018E 6008            STR              R0 , [ R1 ]



ARM Macro Assembler    Page 6 


  231 00000190 4928            LDR              R1 , =PORTF_DEN
  232 00000192 6808            LDR              R0 , [ R1 ]
  233 00000194 F040 00FF       ORR              R0 , #0xFF
  234 00000198 6008            STR              R0 , [ R1 ]
  235 0000019A 4927            LDR              R1 , =PORTF_PUR
  236 0000019C 6808            LDR              R0 , [ R1 ]
  237 0000019E F040 0011       ORR              R0 , #0x11
  238 000001A2 6008            STR              R0 , [ R1 ]
  239 000001A4         
  240 000001A4 4925            LDR              R1, =GPIO_PORTF_IS
  241 000001A6 4A26            LDR              R2, =GPIO_PORTF_IBE
  242 000001A8 4B26            LDR              R3, =GPIO_PORTF_IEV
  243 000001AA 4C27            LDR              R4, =GPIO_PORTF_IM
  244 000001AC 4D0B            LDR              R5, =GPIO_PORTF_ICR
  245 000001AE F04F 0000       MOV              R0, #0x00
  246 000001B2 6008            STR              R0, [R1]
  247 000001B4 6010            STR              R0, [R2]
  248 000001B6 6018            STR              R0, [R3]
  249 000001B8 F04F 0011       MOV              R0, #0x11
  250 000001BC 6020            STR              R0, [R4]
  251 000001BE 6028            STR              R0, [R5]
  252 000001C0         
  253 000001C0 4922            LDR              R1, =NVIC_PRI7
  254 000001C2 680A            LDR              R2, [R1]
  255 000001C4 F422 027F       AND              R2, R2, #0xFF00FFFF ;
  256 000001C8 F442 0200       ORR              R2, R2, #0x00800000 ;
  257 000001CC 600A            STR              R2, [R1]
  258 000001CE 4920            LDR              R1, =NVIC_EN0
  259 000001D0 F04F 4280       MOV              R2, #0x40000000 ; set bit 19 to
                                                             enable interrupt 1
                                                            9
  260 000001D4 600A            STR              R2, [R1]
  261 000001D6         ; Enable timer
  262 000001D6         ;   LDR R1 , =PORTF_DATA
  263 000001D6         ;   MOV R0, #0x0
  264 000001D6         ;   STR R0, [R1]   
  265 000001D6 4770            BX               LR          ; end
  266 000001D8         
  267 000001D8                 ALIGN
  268 000001D8                 ENDP
  269 000001D8                 END
              40025414 
              4002541C 
              20000411 
              2000040F 
              20000410 
              20000406 
              20000408 
              2000040A 
              2000040C 
              20000400 
              20000402 
              20000404 
              20000412 
              20000414 
              20000416 
              20000418 
              20000424 
              400FE608 



ARM Macro Assembler    Page 7 


              40025520 
              4C4F434B 
              40025524 
              40025400 
              40025420 
              4002551C 
              40025510 
              40025404 
              40025408 
              4002540C 
              40025410 
              E000E41C 
              E000E100 
Command Line: --debug --xref --diag_suppress=9931 --cpu=Cortex-M4.fp --apcs=int
erwork --depend=.\objects\gpio_inter_init.d -o.\objects\gpio_inter_init.o -I.\R
TE\_Target_1 -IC:\Keil_v5\ARM\PACK\Keil\TM4C_DFP\1.1.0\Device\Include\TM4C123 -
IC:\Keil_v5\ARM\CMSIS\Include --predefine="__EVAL SETA 1" --predefine="__UVISIO
N_VERSION SETA 526" --predefine="TM4C123GH6PM SETA 1" --list=.\listings\gpio_in
ter_init.lst GPIO_INTER_INIT.s



ARM Macro Assembler    Page 1 Alphabetic symbol ordering
Relocatable symbols

CIV 000000B0

Symbol: CIV
   Definitions
      At line 119 in file GPIO_INTER_INIT.s
   Uses
      At line 76 in file GPIO_INTER_INIT.s
Comment: CIV used once
FINISH 0000012A

Symbol: FINISH
   Definitions
      At line 172 in file GPIO_INTER_INIT.s
   Uses
      At line 74 in file GPIO_INTER_INIT.s
      At line 80 in file GPIO_INTER_INIT.s
      At line 93 in file GPIO_INTER_INIT.s
      At line 101 in file GPIO_INTER_INIT.s
      At line 109 in file GPIO_INTER_INIT.s
      At line 117 in file GPIO_INTER_INIT.s
      At line 123 in file GPIO_INTER_INIT.s
      At line 134 in file GPIO_INTER_INIT.s
      At line 142 in file GPIO_INTER_INIT.s
      At line 150 in file GPIO_INTER_INIT.s
      At line 156 in file GPIO_INTER_INIT.s
      At line 161 in file GPIO_INTER_INIT.s
      At line 166 in file GPIO_INTER_INIT.s

FIRST_MINE 000000FC

Symbol: FIRST_MINE
   Definitions
      At line 152 in file GPIO_INTER_INIT.s
   Uses
      At line 59 in file GPIO_INTER_INIT.s
Comment: FIRST_MINE used once
FOURTH_MINE 00000120

Symbol: FOURTH_MINE
   Definitions
      At line 167 in file GPIO_INTER_INIT.s
   Uses
      At line 65 in file GPIO_INTER_INIT.s
Comment: FOURTH_MINE used once
FOUR_B 0000009C

Symbol: FOUR_B
   Definitions
      At line 110 in file GPIO_INTER_INIT.s
   Uses
      At line 82 in file GPIO_INTER_INIT.s
Comment: FOUR_B used once
GPIOPortF_Handler 00000000

Symbol: GPIOPortF_Handler
   Definitions
      At line 41 in file GPIO_INTER_INIT.s
   Uses
      At line 38 in file GPIO_INTER_INIT.s



ARM Macro Assembler    Page 2 Alphabetic symbol ordering
Relocatable symbols

Comment: GPIOPortF_Handler used once
GPIO_INIT 00000160

Symbol: GPIO_INIT
   Definitions
      At line 210 in file GPIO_INTER_INIT.s
   Uses
      At line 39 in file GPIO_INTER_INIT.s
Comment: GPIO_INIT used once
LOOP 0000000A

Symbol: LOOP
   Definitions
      At line 45 in file GPIO_INTER_INIT.s
   Uses
      At line 46 in file GPIO_INTER_INIT.s
Comment: LOOP used once
LOOP2 00000006

Symbol: LOOP2
   Definitions
      At line 44 in file GPIO_INTER_INIT.s
   Uses
      At line 48 in file GPIO_INTER_INIT.s
Comment: LOOP2 used once
SECOND 000000D4

Symbol: SECOND
   Definitions
      At line 135 in file GPIO_INTER_INIT.s
   Uses
      At line 127 in file GPIO_INTER_INIT.s
Comment: SECOND used once
SECOND_B 00000074

Symbol: SECOND_B
   Definitions
      At line 94 in file GPIO_INTER_INIT.s
   Uses
      At line 86 in file GPIO_INTER_INIT.s
Comment: SECOND_B used once
SECOND_MINE 00000108

Symbol: SECOND_MINE
   Definitions
      At line 157 in file GPIO_INTER_INIT.s
   Uses
      At line 61 in file GPIO_INTER_INIT.s
Comment: SECOND_MINE used once
TEST 0000014C

Symbol: TEST
   Definitions
      At line 197 in file GPIO_INTER_INIT.s
   Uses
      None
Comment: TEST unused
THIRD 000000E8




ARM Macro Assembler    Page 3 Alphabetic symbol ordering
Relocatable symbols

Symbol: THIRD
   Definitions
      At line 143 in file GPIO_INTER_INIT.s
   Uses
      At line 125 in file GPIO_INTER_INIT.s
Comment: THIRD used once
THIRD_B 00000088

Symbol: THIRD_B
   Definitions
      At line 102 in file GPIO_INTER_INIT.s
   Uses
      At line 84 in file GPIO_INTER_INIT.s
Comment: THIRD_B used once
THIRD_MINE 00000114

Symbol: THIRD_MINE
   Definitions
      At line 162 in file GPIO_INTER_INIT.s
   Uses
      At line 63 in file GPIO_INTER_INIT.s
Comment: THIRD_MINE used once
routines 00000000

Symbol: routines
   Definitions
      At line 33 in file GPIO_INTER_INIT.s
   Uses
      None
Comment: routines unused
17 symbols



ARM Macro Assembler    Page 1 Alphabetic symbol ordering
Absolute symbols

BATTLE_COUNTER 2000040F

Symbol: BATTLE_COUNTER
   Definitions
      At line 27 in file GPIO_INTER_INIT.s
   Uses
      At line 68 in file GPIO_INTER_INIT.s
      At line 77 in file GPIO_INTER_INIT.s
      At line 91 in file GPIO_INTER_INIT.s
      At line 99 in file GPIO_INTER_INIT.s
      At line 107 in file GPIO_INTER_INIT.s
      At line 115 in file GPIO_INTER_INIT.s
      At line 173 in file GPIO_INTER_INIT.s

CIV_COUNTER 20000410

Symbol: CIV_COUNTER
   Definitions
      At line 28 in file GPIO_INTER_INIT.s
   Uses
      At line 70 in file GPIO_INTER_INIT.s
      At line 120 in file GPIO_INTER_INIT.s
      At line 132 in file GPIO_INTER_INIT.s
      At line 140 in file GPIO_INTER_INIT.s
      At line 148 in file GPIO_INTER_INIT.s
      At line 175 in file GPIO_INTER_INIT.s

GPIO_LOCK_KEY 4C4F434B

Symbol: GPIO_LOCK_KEY
   Definitions
      At line 16 in file GPIO_INTER_INIT.s
   Uses
      At line 219 in file GPIO_INTER_INIT.s
Comment: GPIO_LOCK_KEY used once
GPIO_PORTF_CR_R 40025524

Symbol: GPIO_PORTF_CR_R
   Definitions
      At line 17 in file GPIO_INTER_INIT.s
   Uses
      At line 221 in file GPIO_INTER_INIT.s
Comment: GPIO_PORTF_CR_R used once
GPIO_PORTF_IBE 40025408

Symbol: GPIO_PORTF_IBE
   Definitions
      At line 20 in file GPIO_INTER_INIT.s
   Uses
      At line 241 in file GPIO_INTER_INIT.s
Comment: GPIO_PORTF_IBE used once
GPIO_PORTF_ICR 4002541C

Symbol: GPIO_PORTF_ICR
   Definitions
      At line 24 in file GPIO_INTER_INIT.s
   Uses
      At line 52 in file GPIO_INTER_INIT.s
      At line 244 in file GPIO_INTER_INIT.s



ARM Macro Assembler    Page 2 Alphabetic symbol ordering
Absolute symbols


GPIO_PORTF_IEV 4002540C

Symbol: GPIO_PORTF_IEV
   Definitions
      At line 21 in file GPIO_INTER_INIT.s
   Uses
      At line 242 in file GPIO_INTER_INIT.s
Comment: GPIO_PORTF_IEV used once
GPIO_PORTF_IM 40025410

Symbol: GPIO_PORTF_IM
   Definitions
      At line 22 in file GPIO_INTER_INIT.s
   Uses
      At line 243 in file GPIO_INTER_INIT.s
Comment: GPIO_PORTF_IM used once
GPIO_PORTF_IS 40025404

Symbol: GPIO_PORTF_IS
   Definitions
      At line 19 in file GPIO_INTER_INIT.s
   Uses
      At line 240 in file GPIO_INTER_INIT.s
Comment: GPIO_PORTF_IS used once
GPIO_PORTF_RIS 40025414

Symbol: GPIO_PORTF_RIS
   Definitions
      At line 23 in file GPIO_INTER_INIT.s
   Uses
      At line 50 in file GPIO_INTER_INIT.s
Comment: GPIO_PORTF_RIS used once
MINE_COUNTER 20000424

Symbol: MINE_COUNTER
   Definitions
      At line 31 in file GPIO_INTER_INIT.s
   Uses
      At line 198 in file GPIO_INTER_INIT.s
Comment: MINE_COUNTER used once
MINE_POSITION 20000412

Symbol: MINE_POSITION
   Definitions
      At line 30 in file GPIO_INTER_INIT.s
   Uses
      At line 153 in file GPIO_INTER_INIT.s
      At line 158 in file GPIO_INTER_INIT.s
      At line 163 in file GPIO_INTER_INIT.s
      At line 168 in file GPIO_INTER_INIT.s

NVIC_EN0 E000E100

Symbol: NVIC_EN0
   Definitions
      At line 4 in file GPIO_INTER_INIT.s
   Uses
      At line 258 in file GPIO_INTER_INIT.s



ARM Macro Assembler    Page 3 Alphabetic symbol ordering
Absolute symbols

Comment: NVIC_EN0 used once
NVIC_EN0_INT30 40000000

Symbol: NVIC_EN0_INT30
   Definitions
      At line 3 in file GPIO_INTER_INIT.s
   Uses
      None
Comment: NVIC_EN0_INT30 unused
NVIC_PRI7 E000E41C

Symbol: NVIC_PRI7
   Definitions
      At line 5 in file GPIO_INTER_INIT.s
   Uses
      At line 253 in file GPIO_INTER_INIT.s
Comment: NVIC_PRI7 used once
PORTF_AFSEL 40025420

Symbol: PORTF_AFSEL
   Definitions
      At line 11 in file GPIO_INTER_INIT.s
   Uses
      At line 227 in file GPIO_INTER_INIT.s
Comment: PORTF_AFSEL used once
PORTF_AMSEL 40025528

Symbol: PORTF_AMSEL
   Definitions
      At line 12 in file GPIO_INTER_INIT.s
   Uses
      None
Comment: PORTF_AMSEL unused
PORTF_DATA 400253FC

Symbol: PORTF_DATA
   Definitions
      At line 14 in file GPIO_INTER_INIT.s
   Uses
      None
Comment: PORTF_DATA unused
PORTF_DEN 4002551C

Symbol: PORTF_DEN
   Definitions
      At line 9 in file GPIO_INTER_INIT.s
   Uses
      At line 231 in file GPIO_INTER_INIT.s
Comment: PORTF_DEN used once
PORTF_DIR 40025400

Symbol: PORTF_DIR
   Definitions
      At line 13 in file GPIO_INTER_INIT.s
   Uses
      At line 224 in file GPIO_INTER_INIT.s
Comment: PORTF_DIR used once
PORTF_LOCK 40025520




ARM Macro Assembler    Page 4 Alphabetic symbol ordering
Absolute symbols

Symbol: PORTF_LOCK
   Definitions
      At line 15 in file GPIO_INTER_INIT.s
   Uses
      At line 218 in file GPIO_INTER_INIT.s
Comment: PORTF_LOCK used once
PORTF_PCTL 4002552C

Symbol: PORTF_PCTL
   Definitions
      At line 10 in file GPIO_INTER_INIT.s
   Uses
      None
Comment: PORTF_PCTL unused
PORTF_PUR 40025510

Symbol: PORTF_PUR
   Definitions
      At line 18 in file GPIO_INTER_INIT.s
   Uses
      At line 235 in file GPIO_INTER_INIT.s
Comment: PORTF_PUR used once
POSITION 20000400

Symbol: POSITION
   Definitions
      At line 26 in file GPIO_INTER_INIT.s
   Uses
      At line 87 in file GPIO_INTER_INIT.s
      At line 95 in file GPIO_INTER_INIT.s
      At line 103 in file GPIO_INTER_INIT.s
      At line 111 in file GPIO_INTER_INIT.s
      At line 128 in file GPIO_INTER_INIT.s
      At line 136 in file GPIO_INTER_INIT.s
      At line 144 in file GPIO_INTER_INIT.s

RCGCGPIO 400FE608

Symbol: RCGCGPIO
   Definitions
      At line 7 in file GPIO_INTER_INIT.s
   Uses
      At line 211 in file GPIO_INTER_INIT.s
Comment: RCGCGPIO used once
RESTART 20000428

Symbol: RESTART
   Definitions
      At line 32 in file GPIO_INTER_INIT.s
   Uses
      None
Comment: RESTART unused
SCREEN_COUNTER 20000411

Symbol: SCREEN_COUNTER
   Definitions
      At line 29 in file GPIO_INTER_INIT.s
   Uses
      At line 56 in file GPIO_INTER_INIT.s



ARM Macro Assembler    Page 5 Alphabetic symbol ordering
Absolute symbols

      At line 180 in file GPIO_INTER_INIT.s

27 symbols



ARM Macro Assembler    Page 1 Alphabetic symbol ordering
External symbols

BATTLESHIP 00000000

Symbol: BATTLESHIP
   Definitions
      At line 35 in file GPIO_INTER_INIT.s
   Uses
      None
Comment: BATTLESHIP unused
CIVILIAN 00000000

Symbol: CIVILIAN
   Definitions
      At line 36 in file GPIO_INTER_INIT.s
   Uses
      None
Comment: CIVILIAN unused
FINAL 00000000

Symbol: FINAL
   Definitions
      At line 37 in file GPIO_INTER_INIT.s
   Uses
      None
Comment: FINAL unused
3 symbols
383 symbols in table
