


ARM Macro Assembler    Page 1 


    1 00000000 400043FC 
                       PORTA_DATA
                               EQU              0x400043FC
    2 00000000 4003000C 
                       TIMER0_CTL
                               EQU              0x4003000C
    3 00000000         
    4 00000000         
    5 00000000                 AREA             routines, CODE, READONLY
    6 00000000                 THUMB
    7 00000000                 EXTERN           TRANSMIT
    8 00000000                 EXPORT           LOSE_B
    9 00000000         
   10 00000000         
   11 00000000         
   12 00000000         LOSE_B  PROC
   13 00000000         
   14 00000000 B500            PUSH             {LR}
   15 00000002         
   16 00000002         CLEARLOOP
   17 00000002 F04F 0000       MOV              R0,#0
   18 00000006 F240 11F7       MOV              R1, #503
   19 0000000A F04F 0500 
                       LOOP    MOV              R5, #0X0
   20 0000000E F7FF FFFE       BL               TRANSMIT
   21 00000012 F100 0001       ADD              R0, #1
   22 00000016 4288            CMP              R0,R1
   23 00000018 D1F7            BNE              LOOP
   24 0000001A         
   25 0000001A 49EF            LDR              R1,=PORTA_DATA
   26 0000001C 6808            LDR              R0,[R1]
   27 0000001E F020 0040       BIC              R0,#0x40
   28 00000022 6008            STR              R0,[R1]
   29 00000024         
   30 00000024 F04F 058F       MOV              R5, #0x8F
   31 00000028 F7FF FFFE       BL               TRANSMIT
   32 0000002C F04F 0542       MOV              R5, #0X42
   33 00000030 F7FF FFFE       BL               TRANSMIT
   34 00000034         
   35 00000034 49E8            LDR              R1,=PORTA_DATA
   36 00000036 6808            LDR              R0,[R1]
   37 00000038 F040 0040       ORR              R0,#0x40
   38 0000003C 6008            STR              R0,[R1]
   39 0000003E         
   40 0000003E F04F 057F       MOV              R5, #0X7F   ;M
   41 00000042 F7FF FFFE       BL               TRANSMIT
   42 00000046 F04F 0502       MOV              R5, #0X02
   43 0000004A F7FF FFFE       BL               TRANSMIT
   44 0000004E F04F 050C       MOV              R5, #0X0C
   45 00000052 F7FF FFFE       BL               TRANSMIT
   46 00000056 F04F 0502       MOV              R5, #0X02
   47 0000005A F7FF FFFE       BL               TRANSMIT
   48 0000005E F04F 057F       MOV              R5, #0X7F
   49 00000062 F7FF FFFE       BL               TRANSMIT
   50 00000066 F04F 0500       MOV              R5, #0X00   ;I
   51 0000006A F7FF FFFE       BL               TRANSMIT
   52 0000006E F04F 0541       MOV              R5, #0X41
   53 00000072 F7FF FFFE       BL               TRANSMIT
   54 00000076 F04F 057F       MOV              R5, #0X7F



ARM Macro Assembler    Page 2 


   55 0000007A F7FF FFFE       BL               TRANSMIT
   56 0000007E F04F 0541       MOV              R5, #0X41
   57 00000082 F7FF FFFE       BL               TRANSMIT
   58 00000086 F04F 0500       MOV              R5, #0X00
   59 0000008A F7FF FFFE       BL               TRANSMIT
   60 0000008E F04F 0546       MOV              R5, #0X46   ;S
   61 00000092 F7FF FFFE       BL               TRANSMIT
   62 00000096 F04F 0549       MOV              R5, #0X49
   63 0000009A F7FF FFFE       BL               TRANSMIT
   64 0000009E F04F 0549       MOV              R5, #0X49
   65 000000A2 F7FF FFFE       BL               TRANSMIT
   66 000000A6 F04F 0549       MOV              R5, #0X49
   67 000000AA F7FF FFFE       BL               TRANSMIT
   68 000000AE F04F 0531       MOV              R5, #0X31
   69 000000B2 F7FF FFFE       BL               TRANSMIT
   70 000000B6 F04F 0546       MOV              R5, #0X46   ;S
   71 000000BA F7FF FFFE       BL               TRANSMIT
   72 000000BE F04F 0549       MOV              R5, #0X49
   73 000000C2 F7FF FFFE       BL               TRANSMIT
   74 000000C6 F04F 0549       MOV              R5, #0X49
   75 000000CA F7FF FFFE       BL               TRANSMIT
   76 000000CE F04F 0549       MOV              R5, #0X49
   77 000000D2 F7FF FFFE       BL               TRANSMIT
   78 000000D6 F04F 0531       MOV              R5, #0X31
   79 000000DA F7FF FFFE       BL               TRANSMIT
   80 000000DE F04F 057F       MOV              R5, #0X7F   ;E
   81 000000E2 F7FF FFFE       BL               TRANSMIT
   82 000000E6 F04F 0549       MOV              R5, #0X49
   83 000000EA F7FF FFFE       BL               TRANSMIT
   84 000000EE F04F 0549       MOV              R5, #0X49
   85 000000F2 F7FF FFFE       BL               TRANSMIT
   86 000000F6 F04F 0549       MOV              R5, #0X49
   87 000000FA F7FF FFFE       BL               TRANSMIT
   88 000000FE F04F 0541       MOV              R5, #0X41
   89 00000102 F7FF FFFE       BL               TRANSMIT
   90 00000106 F04F 057F       MOV              R5, #0X7F   ;D
   91 0000010A F7FF FFFE       BL               TRANSMIT
   92 0000010E F04F 0541       MOV              R5, #0X41
   93 00000112 F7FF FFFE       BL               TRANSMIT
   94 00000116 F04F 0541       MOV              R5, #0X41
   95 0000011A F7FF FFFE       BL               TRANSMIT
   96 0000011E F04F 0541       MOV              R5, #0X41
   97 00000122 F7FF FFFE       BL               TRANSMIT
   98 00000126 F04F 053E       MOV              R5, #0X3E
   99 0000012A F7FF FFFE       BL               TRANSMIT
  100 0000012E F04F 0500       MOV              R5, #0X00
  101 00000132 F7FF FFFE       BL               TRANSMIT
  102 00000136 F04F 0500       MOV              R5, #0X00
  103 0000013A F7FF FFFE       BL               TRANSMIT
  104 0000013E F04F 0500       MOV              R5, #0X00
  105 00000142 F7FF FFFE       BL               TRANSMIT
  106 00000146 F04F 0500       MOV              R5, #0X00
  107 0000014A F7FF FFFE       BL               TRANSMIT
  108 0000014E F04F 0500       MOV              R5, #0X00
  109 00000152 F7FF FFFE       BL               TRANSMIT
  110 00000156 F04F 0546       MOV              R5, #0X46   ;S
  111 0000015A F7FF FFFE       BL               TRANSMIT
  112 0000015E F04F 0549       MOV              R5, #0X49
  113 00000162 F7FF FFFE       BL               TRANSMIT



ARM Macro Assembler    Page 3 


  114 00000166 F04F 0549       MOV              R5, #0X49
  115 0000016A F7FF FFFE       BL               TRANSMIT
  116 0000016E F04F 0549       MOV              R5, #0X49
  117 00000172 F7FF FFFE       BL               TRANSMIT
  118 00000176 F04F 0531       MOV              R5, #0X31
  119 0000017A F7FF FFFE       BL               TRANSMIT
  120 0000017E F04F 053E       MOV              R5, #0X3E   ;O
  121 00000182 F7FF FFFE       BL               TRANSMIT
  122 00000186 F04F 0541       MOV              R5, #0X41
  123 0000018A F7FF FFFE       BL               TRANSMIT
  124 0000018E F04F 0541       MOV              R5, #0X41
  125 00000192 F7FF FFFE       BL               TRANSMIT
  126 00000196 F04F 0541       MOV              R5, #0X41
  127 0000019A F7FF FFFE       BL               TRANSMIT
  128 0000019E F04F 053E       MOV              R5, #0X3E
  129 000001A2 F7FF FFFE       BL               TRANSMIT
  130 000001A6 F04F 057F       MOV              R5, #0X7F   ;M
  131 000001AA F7FF FFFE       BL               TRANSMIT
  132 000001AE F04F 0502       MOV              R5, #0X02
  133 000001B2 F7FF FFFE       BL               TRANSMIT
  134 000001B6 F04F 050C       MOV              R5, #0X0C
  135 000001BA F7FF FFFE       BL               TRANSMIT
  136 000001BE F04F 0502       MOV              R5, #0X02
  137 000001C2 F7FF FFFE       BL               TRANSMIT
  138 000001C6 F04F 057F       MOV              R5, #0X7F
  139 000001CA F7FF FFFE       BL               TRANSMIT
  140 000001CE F04F 057F       MOV              R5, #0X7F   ;E
  141 000001D2 F7FF FFFE       BL               TRANSMIT
  142 000001D6 F04F 0549       MOV              R5, #0X49
  143 000001DA F7FF FFFE       BL               TRANSMIT
  144 000001DE F04F 0549       MOV              R5, #0X49
  145 000001E2 F7FF FFFE       BL               TRANSMIT
  146 000001E6 F04F 0549       MOV              R5, #0X49
  147 000001EA F7FF FFFE       BL               TRANSMIT
  148 000001EE F04F 0541       MOV              R5, #0X41
  149 000001F2 F7FF FFFE       BL               TRANSMIT
  150 000001F6         
  151 000001F6 4978            LDR              R1,=PORTA_DATA
  152 000001F8 6808            LDR              R0,[R1]
  153 000001FA F020 0040       BIC              R0,#0x40
  154 000001FE 6008            STR              R0,[R1]
  155 00000200         
  156 00000200 F04F 058F       MOV              R5, #0x8F
  157 00000204 F7FF FFFE       BL               TRANSMIT
  158 00000208 F04F 0543       MOV              R5, #0X43
  159 0000020C F7FF FFFE       BL               TRANSMIT
  160 00000210         
  161 00000210 4971            LDR              R1,=PORTA_DATA
  162 00000212 6808            LDR              R0,[R1]
  163 00000214 F040 0040       ORR              R0,#0x40
  164 00000218 6008            STR              R0,[R1]
  165 0000021A         
  166 0000021A F04F 057F       MOV              R5, #0X7F   ;B
  167 0000021E F7FF FFFE       BL               TRANSMIT
  168 00000222 F04F 0549       MOV              R5, #0X49
  169 00000226 F7FF FFFE       BL               TRANSMIT
  170 0000022A F04F 0549       MOV              R5, #0X49
  171 0000022E F7FF FFFE       BL               TRANSMIT
  172 00000232 F04F 0549       MOV              R5, #0X49



ARM Macro Assembler    Page 4 


  173 00000236 F7FF FFFE       BL               TRANSMIT
  174 0000023A F04F 0536       MOV              R5, #0X36
  175 0000023E F7FF FFFE       BL               TRANSMIT
  176 00000242 F04F 057E       MOV              R5, #0X7E   ;A
  177 00000246 F7FF FFFE       BL               TRANSMIT
  178 0000024A F04F 0511       MOV              R5, #0X11
  179 0000024E F7FF FFFE       BL               TRANSMIT
  180 00000252 F04F 0511       MOV              R5, #0X11
  181 00000256 F7FF FFFE       BL               TRANSMIT
  182 0000025A F04F 0511       MOV              R5, #0X11
  183 0000025E F7FF FFFE       BL               TRANSMIT
  184 00000262 F04F 057E       MOV              R5, #0X7E
  185 00000266 F7FF FFFE       BL               TRANSMIT
  186 0000026A F04F 0501       MOV              R5, #0X01   ;T
  187 0000026E F7FF FFFE       BL               TRANSMIT
  188 00000272 F04F 0501       MOV              R5, #0X01
  189 00000276 F7FF FFFE       BL               TRANSMIT
  190 0000027A F04F 057F       MOV              R5, #0X7F
  191 0000027E F7FF FFFE       BL               TRANSMIT
  192 00000282 F04F 0501       MOV              R5, #0X01
  193 00000286 F7FF FFFE       BL               TRANSMIT
  194 0000028A F04F 0501       MOV              R5, #0X01
  195 0000028E F7FF FFFE       BL               TRANSMIT
  196 00000292 F04F 0501       MOV              R5, #0X01   ;T
  197 00000296 F7FF FFFE       BL               TRANSMIT
  198 0000029A F04F 0501       MOV              R5, #0X01
  199 0000029E F7FF FFFE       BL               TRANSMIT
  200 000002A2 F04F 057F       MOV              R5, #0X7F
  201 000002A6 F7FF FFFE       BL               TRANSMIT
  202 000002AA F04F 0501       MOV              R5, #0X01
  203 000002AE F7FF FFFE       BL               TRANSMIT
  204 000002B2 F04F 0501       MOV              R5, #0X01
  205 000002B6 F7FF FFFE       BL               TRANSMIT
  206 000002BA F04F 057F       MOV              R5, #0X7F   ;L
  207 000002BE F7FF FFFE       BL               TRANSMIT
  208 000002C2 F04F 0540       MOV              R5, #0X40
  209 000002C6 F7FF FFFE       BL               TRANSMIT
  210 000002CA F04F 0540       MOV              R5, #0X40
  211 000002CE F7FF FFFE       BL               TRANSMIT
  212 000002D2 F04F 0540       MOV              R5, #0X40
  213 000002D6 F7FF FFFE       BL               TRANSMIT
  214 000002DA F04F 0540       MOV              R5, #0X40
  215 000002DE F7FF FFFE       BL               TRANSMIT
  216 000002E2 F04F 057F       MOV              R5, #0X7F   ;E
  217 000002E6 F7FF FFFE       BL               TRANSMIT
  218 000002EA F04F 0549       MOV              R5, #0X49
  219 000002EE F7FF FFFE       BL               TRANSMIT
  220 000002F2 F04F 0549       MOV              R5, #0X49
  221 000002F6 F7FF FFFE       BL               TRANSMIT
  222 000002FA F04F 0549       MOV              R5, #0X49
  223 000002FE F7FF FFFE       BL               TRANSMIT
  224 00000302 F04F 0541       MOV              R5, #0X41
  225 00000306 F7FF FFFE       BL               TRANSMIT
  226 0000030A F04F 0546       MOV              R5, #0X46   ;S
  227 0000030E F7FF FFFE       BL               TRANSMIT
  228 00000312 F04F 0549       MOV              R5, #0X49
  229 00000316 F7FF FFFE       BL               TRANSMIT
  230 0000031A F04F 0549       MOV              R5, #0X49
  231 0000031E F7FF FFFE       BL               TRANSMIT



ARM Macro Assembler    Page 5 


  232 00000322 F04F 0549       MOV              R5, #0X49
  233 00000326 F7FF FFFE       BL               TRANSMIT
  234 0000032A F04F 0531       MOV              R5, #0X31
  235 0000032E F7FF FFFE       BL               TRANSMIT
  236 00000332 F04F 057F       MOV              R5, #0X7F   ;H
  237 00000336 F7FF FFFE       BL               TRANSMIT
  238 0000033A F04F 0508       MOV              R5, #0X08
  239 0000033E F7FF FFFE       BL               TRANSMIT
  240 00000342 F04F 0508       MOV              R5, #0X08
  241 00000346 F7FF FFFE       BL               TRANSMIT
  242 0000034A F04F 0508       MOV              R5, #0X08
  243 0000034E F7FF FFFE       BL               TRANSMIT
  244 00000352 F04F 057F       MOV              R5, #0X7F
  245 00000356 F7FF FFFE       BL               TRANSMIT
  246 0000035A F04F 0500       MOV              R5, #0X00   ;I
  247 0000035E F7FF FFFE       BL               TRANSMIT
  248 00000362 F04F 0541       MOV              R5, #0X41
  249 00000366 F7FF FFFE       BL               TRANSMIT
  250 0000036A F04F 057F       MOV              R5, #0X7F
  251 0000036E F7FF FFFE       BL               TRANSMIT
  252 00000372 F04F 0541       MOV              R5, #0X41
  253 00000376 F7FF FFFE       BL               TRANSMIT
  254 0000037A F04F 0500       MOV              R5, #0X00
  255 0000037E F7FF FFFE       BL               TRANSMIT
  256 00000382 F04F 057F       MOV              R5, #0X7F   ;P
  257 00000386 F7FF FFFE       BL               TRANSMIT
  258 0000038A F04F 0509       MOV              R5, #0X09
  259 0000038E F7FF FFFE       BL               TRANSMIT
  260 00000392 F04F 0509       MOV              R5, #0X09
  261 00000396 F7FF FFFE       BL               TRANSMIT
  262 0000039A F04F 0509       MOV              R5, #0X09
  263 0000039E F7FF FFFE       BL               TRANSMIT
  264 000003A2 F04F 0506       MOV              R5, #0X06
  265 000003A6 F7FF FFFE       BL               TRANSMIT
  266 000003AA F04F 0546       MOV              R5, #0X46   ;S
  267 000003AE F7FF FFFE       BL               TRANSMIT
  268 000003B2 F04F 0549       MOV              R5, #0X49
  269 000003B6 F7FF FFFE       BL               TRANSMIT
  270 000003BA F04F 0549       MOV              R5, #0X49
  271 000003BE F7FF FFFE       BL               TRANSMIT
  272 000003C2 F04F 0549       MOV              R5, #0X49
  273 000003C6 F7FF FFFE       BL               TRANSMIT
  274 000003CA F04F 0531       MOV              R5, #0X31
  275 000003CE F7FF FFFE       BL               TRANSMIT
  276 000003D2         
  277 000003D2 F85D EB04       POP              {LR}
  278 000003D6 4770            BX               LR
  279 000003D8         
  280 000003D8                 ENDP
  281 000003D8                 END
              400043FC 
Command Line: --debug --xref --diag_suppress=9931 --cpu=Cortex-M4.fp --apcs=int
erwork --depend=.\objects\lose_b.d -o.\objects\lose_b.o -I.\RTE\_Target_1 -IC:\
Keil_v5\ARM\PACK\Keil\TM4C_DFP\1.1.0\Device\Include\TM4C123 -IC:\Keil_v5\ARM\CM
SIS\Include --predefine="__EVAL SETA 1" --predefine="__UVISION_VERSION SETA 526
" --predefine="TM4C123GH6PM SETA 1" --list=.\listings\lose_b.lst LOSE_B.s



ARM Macro Assembler    Page 1 Alphabetic symbol ordering
Relocatable symbols

CLEARLOOP 00000002

Symbol: CLEARLOOP
   Definitions
      At line 16 in file LOSE_B.s
   Uses
      None
Comment: CLEARLOOP unused
LOOP 0000000A

Symbol: LOOP
   Definitions
      At line 19 in file LOSE_B.s
   Uses
      At line 23 in file LOSE_B.s
Comment: LOOP used once
LOSE_B 00000000

Symbol: LOSE_B
   Definitions
      At line 12 in file LOSE_B.s
   Uses
      At line 8 in file LOSE_B.s
Comment: LOSE_B used once
routines 00000000

Symbol: routines
   Definitions
      At line 5 in file LOSE_B.s
   Uses
      None
Comment: routines unused
4 symbols



ARM Macro Assembler    Page 1 Alphabetic symbol ordering
Absolute symbols

PORTA_DATA 400043FC

Symbol: PORTA_DATA
   Definitions
      At line 1 in file LOSE_B.s
   Uses
      At line 25 in file LOSE_B.s
      At line 35 in file LOSE_B.s
      At line 151 in file LOSE_B.s
      At line 161 in file LOSE_B.s

TIMER0_CTL 4003000C

Symbol: TIMER0_CTL
   Definitions
      At line 2 in file LOSE_B.s
   Uses
      None
Comment: TIMER0_CTL unused
2 symbols



ARM Macro Assembler    Page 1 Alphabetic symbol ordering
External symbols

TRANSMIT 00000000

Symbol: TRANSMIT
   Definitions
      At line 7 in file LOSE_B.s
   Uses
      At line 20 in file LOSE_B.s
      At line 31 in file LOSE_B.s
      At line 33 in file LOSE_B.s
      At line 41 in file LOSE_B.s
      At line 43 in file LOSE_B.s
      At line 45 in file LOSE_B.s
      At line 47 in file LOSE_B.s
      At line 49 in file LOSE_B.s
      At line 51 in file LOSE_B.s
      At line 53 in file LOSE_B.s
      At line 55 in file LOSE_B.s
      At line 57 in file LOSE_B.s
      At line 59 in file LOSE_B.s
      At line 61 in file LOSE_B.s
      At line 63 in file LOSE_B.s
      At line 65 in file LOSE_B.s
      At line 67 in file LOSE_B.s
      At line 69 in file LOSE_B.s
      At line 71 in file LOSE_B.s
      At line 73 in file LOSE_B.s
      At line 75 in file LOSE_B.s
      At line 77 in file LOSE_B.s
      At line 79 in file LOSE_B.s
      At line 81 in file LOSE_B.s
      At line 83 in file LOSE_B.s
      At line 85 in file LOSE_B.s
      At line 87 in file LOSE_B.s
      At line 89 in file LOSE_B.s
      At line 91 in file LOSE_B.s
      At line 93 in file LOSE_B.s
      At line 95 in file LOSE_B.s
      At line 97 in file LOSE_B.s
      At line 99 in file LOSE_B.s
      At line 101 in file LOSE_B.s
      At line 103 in file LOSE_B.s
      At line 105 in file LOSE_B.s
      At line 107 in file LOSE_B.s
      At line 109 in file LOSE_B.s
      At line 111 in file LOSE_B.s
      At line 113 in file LOSE_B.s
      At line 115 in file LOSE_B.s
      At line 117 in file LOSE_B.s
      At line 119 in file LOSE_B.s
      At line 121 in file LOSE_B.s
      At line 123 in file LOSE_B.s
      At line 125 in file LOSE_B.s
      At line 127 in file LOSE_B.s
      At line 129 in file LOSE_B.s
      At line 131 in file LOSE_B.s
      At line 133 in file LOSE_B.s
      At line 135 in file LOSE_B.s
      At line 137 in file LOSE_B.s
      At line 139 in file LOSE_B.s



ARM Macro Assembler    Page 2 Alphabetic symbol ordering
External symbols

      At line 141 in file LOSE_B.s
      At line 143 in file LOSE_B.s
      At line 145 in file LOSE_B.s
      At line 147 in file LOSE_B.s
      At line 149 in file LOSE_B.s
      At line 157 in file LOSE_B.s
      At line 159 in file LOSE_B.s
      At line 167 in file LOSE_B.s
      At line 169 in file LOSE_B.s
      At line 171 in file LOSE_B.s
      At line 173 in file LOSE_B.s
      At line 175 in file LOSE_B.s
      At line 177 in file LOSE_B.s
      At line 179 in file LOSE_B.s
      At line 181 in file LOSE_B.s
      At line 183 in file LOSE_B.s
      At line 185 in file LOSE_B.s
      At line 187 in file LOSE_B.s
      At line 189 in file LOSE_B.s
      At line 191 in file LOSE_B.s
      At line 193 in file LOSE_B.s
      At line 195 in file LOSE_B.s
      At line 197 in file LOSE_B.s
      At line 199 in file LOSE_B.s
      At line 201 in file LOSE_B.s
      At line 203 in file LOSE_B.s
      At line 205 in file LOSE_B.s
      At line 207 in file LOSE_B.s
      At line 209 in file LOSE_B.s
      At line 211 in file LOSE_B.s
      At line 213 in file LOSE_B.s
      At line 215 in file LOSE_B.s
      At line 217 in file LOSE_B.s
      At line 219 in file LOSE_B.s
      At line 221 in file LOSE_B.s
      At line 223 in file LOSE_B.s
      At line 225 in file LOSE_B.s
      At line 227 in file LOSE_B.s
      At line 229 in file LOSE_B.s
      At line 231 in file LOSE_B.s
      At line 233 in file LOSE_B.s
      At line 235 in file LOSE_B.s
      At line 237 in file LOSE_B.s
      At line 239 in file LOSE_B.s
      At line 241 in file LOSE_B.s
      At line 243 in file LOSE_B.s
      At line 245 in file LOSE_B.s
      At line 247 in file LOSE_B.s
      At line 249 in file LOSE_B.s
      At line 251 in file LOSE_B.s
      At line 253 in file LOSE_B.s
      At line 255 in file LOSE_B.s
      At line 257 in file LOSE_B.s
      At line 259 in file LOSE_B.s
      At line 261 in file LOSE_B.s
      At line 263 in file LOSE_B.s
      At line 265 in file LOSE_B.s
      At line 267 in file LOSE_B.s
      At line 269 in file LOSE_B.s



ARM Macro Assembler    Page 3 Alphabetic symbol ordering
External symbols

      At line 271 in file LOSE_B.s
      At line 273 in file LOSE_B.s
      At line 275 in file LOSE_B.s

1 symbol
343 symbols in table
