


ARM Macro Assembler    Page 1 


    1 00000000 400043FC 
                       PORTA_DATA
                               EQU              0x400043FC
    2 00000000 4003000C 
                       TIMER0_CTL
                               EQU              0x4003000C
    3 00000000         
    4 00000000         
    5 00000000                 AREA             routines, CODE, READONLY
    6 00000000                 THUMB
    7 00000000                 EXTERN           TRANSMIT
    8 00000000                 EXPORT           LOSE_C
    9 00000000         
   10 00000000         
   11 00000000         
   12 00000000         LOSE_C  PROC
   13 00000000         
   14 00000000 B500            PUSH             {LR}
   15 00000002         
   16 00000002         CLEARLOOP
   17 00000002 F04F 0000       MOV              R0,#0
   18 00000006 F240 11F7       MOV              R1, #503
   19 0000000A F04F 0500 
                       LOOP    MOV              R5, #0X0
   20 0000000E F7FF FFFE       BL               TRANSMIT
   21 00000012 F100 0001       ADD              R0, #1
   22 00000016 4288            CMP              R0,R1
   23 00000018 D1F7            BNE              LOOP
   24 0000001A         
   25 0000001A 49BD            LDR              R1,=PORTA_DATA
   26 0000001C 6808            LDR              R0,[R1]
   27 0000001E F020 0040       BIC              R0,#0x40
   28 00000022 6008            STR              R0,[R1]
   29 00000024         
   30 00000024 F04F 058F       MOV              R5, #0x8F
   31 00000028 F7FF FFFE       BL               TRANSMIT
   32 0000002C F04F 0542       MOV              R5, #0X42
   33 00000030 F7FF FFFE       BL               TRANSMIT
   34 00000034         
   35 00000034 49B6            LDR              R1,=PORTA_DATA
   36 00000036 6808            LDR              R0,[R1]
   37 00000038 F040 0040       ORR              R0,#0x40
   38 0000003C 6008            STR              R0,[R1]
   39 0000003E         
   40 0000003E F04F 053E       MOV              R5, #0X3E   ;C
   41 00000042 F7FF FFFE       BL               TRANSMIT
   42 00000046 F04F 0541       MOV              R5, #0X41
   43 0000004A F7FF FFFE       BL               TRANSMIT
   44 0000004E F04F 0541       MOV              R5, #0X41
   45 00000052 F7FF FFFE       BL               TRANSMIT
   46 00000056 F04F 0541       MOV              R5, #0X41
   47 0000005A F7FF FFFE       BL               TRANSMIT
   48 0000005E F04F 0522       MOV              R5, #0X22
   49 00000062 F7FF FFFE       BL               TRANSMIT
   50 00000066 F04F 0500       MOV              R5, #0X00   ;I
   51 0000006A F7FF FFFE       BL               TRANSMIT
   52 0000006E F04F 0541       MOV              R5, #0X41
   53 00000072 F7FF FFFE       BL               TRANSMIT
   54 00000076 F04F 057F       MOV              R5, #0X7F



ARM Macro Assembler    Page 2 


   55 0000007A F7FF FFFE       BL               TRANSMIT
   56 0000007E F04F 0541       MOV              R5, #0X41
   57 00000082 F7FF FFFE       BL               TRANSMIT
   58 00000086 F04F 0500       MOV              R5, #0X00
   59 0000008A F7FF FFFE       BL               TRANSMIT
   60 0000008E F04F 050F       MOV              R5, #0X0F   ;V
   61 00000092 F7FF FFFE       BL               TRANSMIT
   62 00000096 F04F 0530       MOV              R5, #0X30
   63 0000009A F7FF FFFE       BL               TRANSMIT
   64 0000009E F04F 0540       MOV              R5, #0X40
   65 000000A2 F7FF FFFE       BL               TRANSMIT
   66 000000A6 F04F 0530       MOV              R5, #0X30
   67 000000AA F7FF FFFE       BL               TRANSMIT
   68 000000AE F04F 050F       MOV              R5, #0X0F
   69 000000B2 F7FF FFFE       BL               TRANSMIT
   70 000000B6 F04F 0500       MOV              R5, #0X00   ;I
   71 000000BA F7FF FFFE       BL               TRANSMIT
   72 000000BE F04F 0541       MOV              R5, #0X41
   73 000000C2 F7FF FFFE       BL               TRANSMIT
   74 000000C6 F04F 057F       MOV              R5, #0X7F
   75 000000CA F7FF FFFE       BL               TRANSMIT
   76 000000CE F04F 0541       MOV              R5, #0X41
   77 000000D2 F7FF FFFE       BL               TRANSMIT
   78 000000D6 F04F 0500       MOV              R5, #0X00
   79 000000DA F7FF FFFE       BL               TRANSMIT
   80 000000DE F04F 057F       MOV              R5, #0X7F   ;L
   81 000000E2 F7FF FFFE       BL               TRANSMIT
   82 000000E6 F04F 0540       MOV              R5, #0X40
   83 000000EA F7FF FFFE       BL               TRANSMIT
   84 000000EE F04F 0540       MOV              R5, #0X40
   85 000000F2 F7FF FFFE       BL               TRANSMIT
   86 000000F6 F04F 0540       MOV              R5, #0X40
   87 000000FA F7FF FFFE       BL               TRANSMIT
   88 000000FE F04F 0540       MOV              R5, #0X40
   89 00000102 F7FF FFFE       BL               TRANSMIT
   90 00000106 F04F 0500       MOV              R5, #0X00   ;I
   91 0000010A F7FF FFFE       BL               TRANSMIT
   92 0000010E F04F 0541       MOV              R5, #0X41
   93 00000112 F7FF FFFE       BL               TRANSMIT
   94 00000116 F04F 057F       MOV              R5, #0X7F
   95 0000011A F7FF FFFE       BL               TRANSMIT
   96 0000011E F04F 0541       MOV              R5, #0X41
   97 00000122 F7FF FFFE       BL               TRANSMIT
   98 00000126 F04F 0500       MOV              R5, #0X00
   99 0000012A F7FF FFFE       BL               TRANSMIT
  100 0000012E F04F 057E       MOV              R5, #0X7E   ;A
  101 00000132 F7FF FFFE       BL               TRANSMIT
  102 00000136 F04F 0511       MOV              R5, #0X11
  103 0000013A F7FF FFFE       BL               TRANSMIT
  104 0000013E F04F 0511       MOV              R5, #0X11
  105 00000142 F7FF FFFE       BL               TRANSMIT
  106 00000146 F04F 0511       MOV              R5, #0X11
  107 0000014A F7FF FFFE       BL               TRANSMIT
  108 0000014E F04F 057E       MOV              R5, #0X7E
  109 00000152 F7FF FFFE       BL               TRANSMIT
  110 00000156 F04F 057F       MOV              R5, #0X7F   ;N
  111 0000015A F7FF FFFE       BL               TRANSMIT
  112 0000015E F04F 0504       MOV              R5, #0X04
  113 00000162 F7FF FFFE       BL               TRANSMIT



ARM Macro Assembler    Page 3 


  114 00000166 F04F 0508       MOV              R5, #0X08
  115 0000016A F7FF FFFE       BL               TRANSMIT
  116 0000016E F04F 0510       MOV              R5, #0X10
  117 00000172 F7FF FFFE       BL               TRANSMIT
  118 00000176 F04F 057F       MOV              R5, #0X7F
  119 0000017A F7FF FFFE       BL               TRANSMIT
  120 0000017E F04F 0546       MOV              R5, #0X46   ;S
  121 00000182 F7FF FFFE       BL               TRANSMIT
  122 00000186 F04F 0549       MOV              R5, #0X49
  123 0000018A F7FF FFFE       BL               TRANSMIT
  124 0000018E F04F 0549       MOV              R5, #0X49
  125 00000192 F7FF FFFE       BL               TRANSMIT
  126 00000196 F04F 0549       MOV              R5, #0X49
  127 0000019A F7FF FFFE       BL               TRANSMIT
  128 0000019E F04F 0531       MOV              R5, #0X31
  129 000001A2 F7FF FFFE       BL               TRANSMIT
  130 000001A6         
  131 000001A6 495A            LDR              R1,=PORTA_DATA
  132 000001A8 6808            LDR              R0,[R1]
  133 000001AA F020 0040       BIC              R0,#0x40
  134 000001AE 6008            STR              R0,[R1]
  135 000001B0         
  136 000001B0 F04F 058F       MOV              R5, #0x8F
  137 000001B4 F7FF FFFE       BL               TRANSMIT
  138 000001B8 F04F 0543       MOV              R5, #0X43
  139 000001BC F7FF FFFE       BL               TRANSMIT
  140 000001C0         
  141 000001C0 4953            LDR              R1,=PORTA_DATA
  142 000001C2 6808            LDR              R0,[R1]
  143 000001C4 F040 0040       ORR              R0,#0x40
  144 000001C8 6008            STR              R0,[R1]
  145 000001CA         
  146 000001CA F04F 057E       MOV              R5, #0X7E   ;A
  147 000001CE F7FF FFFE       BL               TRANSMIT
  148 000001D2 F04F 0511       MOV              R5, #0X11
  149 000001D6 F7FF FFFE       BL               TRANSMIT
  150 000001DA F04F 0511       MOV              R5, #0X11
  151 000001DE F7FF FFFE       BL               TRANSMIT
  152 000001E2 F04F 0511       MOV              R5, #0X11
  153 000001E6 F7FF FFFE       BL               TRANSMIT
  154 000001EA F04F 057E       MOV              R5, #0X7E
  155 000001EE F7FF FFFE       BL               TRANSMIT
  156 000001F2 F04F 057F       MOV              R5, #0X7F   ;R
  157 000001F6 F7FF FFFE       BL               TRANSMIT
  158 000001FA F04F 0509       MOV              R5, #0X09
  159 000001FE F7FF FFFE       BL               TRANSMIT
  160 00000202 F04F 0519       MOV              R5, #0X19
  161 00000206 F7FF FFFE       BL               TRANSMIT
  162 0000020A F04F 0529       MOV              R5, #0X29
  163 0000020E F7FF FFFE       BL               TRANSMIT
  164 00000212 F04F 0546       MOV              R5, #0X46
  165 00000216 F7FF FFFE       BL               TRANSMIT
  166 0000021A F04F 057F       MOV              R5, #0X7F   ;E
  167 0000021E F7FF FFFE       BL               TRANSMIT
  168 00000222 F04F 0549       MOV              R5, #0X49
  169 00000226 F7FF FFFE       BL               TRANSMIT
  170 0000022A F04F 0549       MOV              R5, #0X49
  171 0000022E F7FF FFFE       BL               TRANSMIT
  172 00000232 F04F 0549       MOV              R5, #0X49



ARM Macro Assembler    Page 4 


  173 00000236 F7FF FFFE       BL               TRANSMIT
  174 0000023A F04F 0541       MOV              R5, #0X41
  175 0000023E F7FF FFFE       BL               TRANSMIT
  176 00000242 F04F 0500       MOV              R5, #0X00   ;
  177 00000246 F7FF FFFE       BL               TRANSMIT
  178 0000024A F04F 0500       MOV              R5, #0X00
  179 0000024E F7FF FFFE       BL               TRANSMIT
  180 00000252 F04F 0500       MOV              R5, #0X00
  181 00000256 F7FF FFFE       BL               TRANSMIT
  182 0000025A F04F 0500       MOV              R5, #0X00
  183 0000025E F7FF FFFE       BL               TRANSMIT
  184 00000262 F04F 0500       MOV              R5, #0X00
  185 00000266 F7FF FFFE       BL               TRANSMIT
  186 0000026A F04F 057F       MOV              R5, #0X7F   ;D
  187 0000026E F7FF FFFE       BL               TRANSMIT
  188 00000272 F04F 0541       MOV              R5, #0X41
  189 00000276 F7FF FFFE       BL               TRANSMIT
  190 0000027A F04F 0541       MOV              R5, #0X41
  191 0000027E F7FF FFFE       BL               TRANSMIT
  192 00000282 F04F 0541       MOV              R5, #0X41
  193 00000286 F7FF FFFE       BL               TRANSMIT
  194 0000028A F04F 053E       MOV              R5, #0X3E
  195 0000028E F7FF FFFE       BL               TRANSMIT
  196 00000292 F04F 057F       MOV              R5, #0X7F   ;E
  197 00000296 F7FF FFFE       BL               TRANSMIT
  198 0000029A F04F 0549       MOV              R5, #0X49
  199 0000029E F7FF FFFE       BL               TRANSMIT
  200 000002A2 F04F 0549       MOV              R5, #0X49
  201 000002A6 F7FF FFFE       BL               TRANSMIT
  202 000002AA F04F 0549       MOV              R5, #0X49
  203 000002AE F7FF FFFE       BL               TRANSMIT
  204 000002B2 F04F 0541       MOV              R5, #0X41
  205 000002B6 F7FF FFFE       BL               TRANSMIT
  206 000002BA F04F 057E       MOV              R5, #0X7E   ;A
  207 000002BE F7FF FFFE       BL               TRANSMIT
  208 000002C2 F04F 0511       MOV              R5, #0X11
  209 000002C6 F7FF FFFE       BL               TRANSMIT
  210 000002CA F04F 0511       MOV              R5, #0X11
  211 000002CE F7FF FFFE       BL               TRANSMIT
  212 000002D2 F04F 0511       MOV              R5, #0X11
  213 000002D6 F7FF FFFE       BL               TRANSMIT
  214 000002DA F04F 057E       MOV              R5, #0X7E
  215 000002DE F7FF FFFE       BL               TRANSMIT
  216 000002E2 F04F 057F       MOV              R5, #0X7F   ;D
  217 000002E6 F7FF FFFE       BL               TRANSMIT
  218 000002EA F04F 0541       MOV              R5, #0X41
  219 000002EE F7FF FFFE       BL               TRANSMIT
  220 000002F2 F04F 0541       MOV              R5, #0X41
  221 000002F6 F7FF FFFE       BL               TRANSMIT
  222 000002FA F04F 0541       MOV              R5, #0X41
  223 000002FE F7FF FFFE       BL               TRANSMIT
  224 00000302 F04F 053E       MOV              R5, #0X3E
  225 00000306 F7FF FFFE       BL               TRANSMIT
  226 0000030A         
  227 0000030A F85D EB04       POP              {LR}
  228 0000030E 4770            BX               LR
  229 00000310         
  230 00000310                 ENDP
  231 00000310                 END



ARM Macro Assembler    Page 5 


              400043FC 
Command Line: --debug --xref --diag_suppress=9931 --cpu=Cortex-M4.fp --apcs=int
erwork --depend=.\objects\lose_c.d -o.\objects\lose_c.o -I.\RTE\_Target_1 -IC:\
Keil_v5\ARM\PACK\Keil\TM4C_DFP\1.1.0\Device\Include\TM4C123 -IC:\Keil_v5\ARM\CM
SIS\Include --predefine="__EVAL SETA 1" --predefine="__UVISION_VERSION SETA 526
" --predefine="TM4C123GH6PM SETA 1" --list=.\listings\lose_c.lst LOSE_C.s



ARM Macro Assembler    Page 1 Alphabetic symbol ordering
Relocatable symbols

CLEARLOOP 00000002

Symbol: CLEARLOOP
   Definitions
      At line 16 in file LOSE_C.s
   Uses
      None
Comment: CLEARLOOP unused
LOOP 0000000A

Symbol: LOOP
   Definitions
      At line 19 in file LOSE_C.s
   Uses
      At line 23 in file LOSE_C.s
Comment: LOOP used once
LOSE_C 00000000

Symbol: LOSE_C
   Definitions
      At line 12 in file LOSE_C.s
   Uses
      At line 8 in file LOSE_C.s
Comment: LOSE_C used once
routines 00000000

Symbol: routines
   Definitions
      At line 5 in file LOSE_C.s
   Uses
      None
Comment: routines unused
4 symbols



ARM Macro Assembler    Page 1 Alphabetic symbol ordering
Absolute symbols

PORTA_DATA 400043FC

Symbol: PORTA_DATA
   Definitions
      At line 1 in file LOSE_C.s
   Uses
      At line 25 in file LOSE_C.s
      At line 35 in file LOSE_C.s
      At line 131 in file LOSE_C.s
      At line 141 in file LOSE_C.s

TIMER0_CTL 4003000C

Symbol: TIMER0_CTL
   Definitions
      At line 2 in file LOSE_C.s
   Uses
      None
Comment: TIMER0_CTL unused
2 symbols



ARM Macro Assembler    Page 1 Alphabetic symbol ordering
External symbols

TRANSMIT 00000000

Symbol: TRANSMIT
   Definitions
      At line 7 in file LOSE_C.s
   Uses
      At line 20 in file LOSE_C.s
      At line 31 in file LOSE_C.s
      At line 33 in file LOSE_C.s
      At line 41 in file LOSE_C.s
      At line 43 in file LOSE_C.s
      At line 45 in file LOSE_C.s
      At line 47 in file LOSE_C.s
      At line 49 in file LOSE_C.s
      At line 51 in file LOSE_C.s
      At line 53 in file LOSE_C.s
      At line 55 in file LOSE_C.s
      At line 57 in file LOSE_C.s
      At line 59 in file LOSE_C.s
      At line 61 in file LOSE_C.s
      At line 63 in file LOSE_C.s
      At line 65 in file LOSE_C.s
      At line 67 in file LOSE_C.s
      At line 69 in file LOSE_C.s
      At line 71 in file LOSE_C.s
      At line 73 in file LOSE_C.s
      At line 75 in file LOSE_C.s
      At line 77 in file LOSE_C.s
      At line 79 in file LOSE_C.s
      At line 81 in file LOSE_C.s
      At line 83 in file LOSE_C.s
      At line 85 in file LOSE_C.s
      At line 87 in file LOSE_C.s
      At line 89 in file LOSE_C.s
      At line 91 in file LOSE_C.s
      At line 93 in file LOSE_C.s
      At line 95 in file LOSE_C.s
      At line 97 in file LOSE_C.s
      At line 99 in file LOSE_C.s
      At line 101 in file LOSE_C.s
      At line 103 in file LOSE_C.s
      At line 105 in file LOSE_C.s
      At line 107 in file LOSE_C.s
      At line 109 in file LOSE_C.s
      At line 111 in file LOSE_C.s
      At line 113 in file LOSE_C.s
      At line 115 in file LOSE_C.s
      At line 117 in file LOSE_C.s
      At line 119 in file LOSE_C.s
      At line 121 in file LOSE_C.s
      At line 123 in file LOSE_C.s
      At line 125 in file LOSE_C.s
      At line 127 in file LOSE_C.s
      At line 129 in file LOSE_C.s
      At line 137 in file LOSE_C.s
      At line 139 in file LOSE_C.s
      At line 147 in file LOSE_C.s
      At line 149 in file LOSE_C.s
      At line 151 in file LOSE_C.s



ARM Macro Assembler    Page 2 Alphabetic symbol ordering
External symbols

      At line 153 in file LOSE_C.s
      At line 155 in file LOSE_C.s
      At line 157 in file LOSE_C.s
      At line 159 in file LOSE_C.s
      At line 161 in file LOSE_C.s
      At line 163 in file LOSE_C.s
      At line 165 in file LOSE_C.s
      At line 167 in file LOSE_C.s
      At line 169 in file LOSE_C.s
      At line 171 in file LOSE_C.s
      At line 173 in file LOSE_C.s
      At line 175 in file LOSE_C.s
      At line 177 in file LOSE_C.s
      At line 179 in file LOSE_C.s
      At line 181 in file LOSE_C.s
      At line 183 in file LOSE_C.s
      At line 185 in file LOSE_C.s
      At line 187 in file LOSE_C.s
      At line 189 in file LOSE_C.s
      At line 191 in file LOSE_C.s
      At line 193 in file LOSE_C.s
      At line 195 in file LOSE_C.s
      At line 197 in file LOSE_C.s
      At line 199 in file LOSE_C.s
      At line 201 in file LOSE_C.s
      At line 203 in file LOSE_C.s
      At line 205 in file LOSE_C.s
      At line 207 in file LOSE_C.s
      At line 209 in file LOSE_C.s
      At line 211 in file LOSE_C.s
      At line 213 in file LOSE_C.s
      At line 215 in file LOSE_C.s
      At line 217 in file LOSE_C.s
      At line 219 in file LOSE_C.s
      At line 221 in file LOSE_C.s
      At line 223 in file LOSE_C.s
      At line 225 in file LOSE_C.s

1 symbol
343 symbols in table
