


ARM Macro Assembler    Page 1 


    1 00000000 400FE604 
                       SYSCTL_RCGCTIMER
                               EQU              0x400FE604  ; GPTM Gate Control
                                                            
    2 00000000         ;Nested Vector Interrupt Controller registers
    3 00000000 00080000 
                       NVIC_EN0_INT19
                               EQU              0x00080000  ; Interrupt 19 enab
                                                            le
    4 00000000 E000E100 
                       NVIC_EN0
                               EQU              0xE000E100  ; IRQ 0 to 31 Set E
                                                            nable Register
    5 00000000 E000E410 
                       NVIC_PRI4
                               EQU              0xE000E410  ; IRQ 16 to 19 Prio
                                                            rity Register
    6 00000000         ; 16/32 Timer Registers
    7 00000000 40030000 
                       TIMER0_CFG
                               EQU              0x40030000
    8 00000000 40030004 
                       TIMER0_TAMR
                               EQU              0x40030004
    9 00000000 4003000C 
                       TIMER0_CTL
                               EQU              0x4003000C
   10 00000000 40030018 
                       TIMER0_IMR
                               EQU              0x40030018
   11 00000000 4003001C 
                       TIMER0_RIS
                               EQU              0x4003001C  ; Timer Interrupt S
                                                            tatus
   12 00000000 40030024 
                       TIMER0_ICR
                               EQU              0x40030024  ; Timer Interrupt C
                                                            lear
   13 00000000 40030028 
                       TIMER0_TAILR
                               EQU              0x40030028  ; Timer interval
   14 00000000 40030038 
                       TIMER0_TAPR
                               EQU              0x40030038
   15 00000000 40030048 
                       TIMER0_TAR
                               EQU              0x40030048  ; Timer register
   16 00000000 400043FC 
                       PORTA_DATA
                               EQU              0x400043FC
   17 00000000 20000411 
                       SCREEN_COUNTER
                               EQU              0X20000411
   18 00000000         
   19 00000000                 AREA             routines, CODE, READONLY
   20 00000000                 THUMB
   21 00000000                 EXTERN           TRANSMIT
   22 00000000                 EXTERN           FINAL
   23 00000000                 EXTERN           DELAY



ARM Macro Assembler    Page 2 


   24 00000000                 EXPORT           Timer0A_Handler
   25 00000000                 EXPORT           TIMER_INIT
   26 00000000         
   27 00000000         
   28 00000000         Timer0A_Handler
                               PROC
   29 00000000 B500            PUSH             {LR}
   30 00000002         
   31 00000002 49E9            LDR              R1,=TIMER0_ICR ; Clear the Flag
                                                            
   32 00000004 F04F 0001       MOV              R0,#0x01    ;
   33 00000008 6008            STR              R0,[R1]     ; Time Out Interrup
                                                            t clearead
   34 0000000A         
   35 0000000A F000 F881       BL               CLEAR
   36 0000000E F1A7 0701       SUB              R7, #1
   37 00000012 49E6            LDR              R1,=SCREEN_COUNTER
   38 00000014 7808            LDRB             R0,[R1]
   39 00000016 280D            CMP              R0, #13
   40 00000018 D06E            BEQ              STP
   41 0000001A F1B7 3FFF       CMP              R7,#-1
   42 0000001E BF08 F000 
              F86E             BLEQ             ENDDD
   43 00000024 2F14            CMP              R7, #20
   44 00000026 D05F            BEQ              TWENTY
   45 00000028         
   46 00000028 2F09            CMP              R7, #9
   47 0000002A BFC8 F000 
              F8B8             BLGT             N1
   48 00000030 F04F 0500       MOV              R5, #0X0
   49 00000034 F7FF FFFE       BL               TRANSMIT
   50 00000038         
   51 00000038 2F13            CMP              R7, #19
   52 0000003A BF08 F000 
              F970             BLEQ             N9
   53 00000040 2F12            CMP              R7, #18
   54 00000042 BF08 F000 
              F954             BLEQ             N8
   55 00000048 2F11            CMP              R7, #17
   56 0000004A BF08 F000 
              F938             BLEQ             N7
   57 00000050 2F10            CMP              R7, #16
   58 00000052 BF08 F000 
              F91C             BLEQ             N6
   59 00000058 2F0F            CMP              R7, #15
   60 0000005A BF08 F000 
              F900             BLEQ             N5
   61 00000060 2F0E            CMP              R7, #14
   62 00000062 BF08 F000 
              F8E4             BLEQ             N4
   63 00000068 2F0D            CMP              R7, #13
   64 0000006A BF08 F000 
              F8C8             BLEQ             N3
   65 00000070 2F0C            CMP              R7, #12
   66 00000072 BF08 F000 
              F8AC             BLEQ             N2
   67 00000078 2F0B            CMP              R7, #11
   68 0000007A BF08 F000 
              F890             BLEQ             N1



ARM Macro Assembler    Page 3 


   69 00000080 2F0A            CMP              R7, #10
   70 00000082 BF08 F000 
              F874             BLEQ             N0
   71 00000088 2F09            CMP              R7, #9
   72 0000008A BF08 F000 
              F948             BLEQ             N9
   73 00000090 2F08            CMP              R7, #8
   74 00000092 BF08 F000 
              F92C             BLEQ             N8
   75 00000098 2F07            CMP              R7, #7
   76 0000009A BF08 F000 
              F910             BLEQ             N7
   77 000000A0 2F06            CMP              R7, #6
   78 000000A2 BF08 F000 
              F8F4             BLEQ             N6
   79 000000A8 2F05            CMP              R7, #5
   80 000000AA BF08 F000 
              F8D8             BLEQ             N5
   81 000000B0 2F04            CMP              R7, #4
   82 000000B2 BF08 F000 
              F8BC             BLEQ             N4
   83 000000B8 2F03            CMP              R7, #3
   84 000000BA BF08 F000 
              F8A0             BLEQ             N3
   85 000000C0 2F02            CMP              R7, #2
   86 000000C2 BF08 F000 
              F884             BLEQ             N2
   87 000000C8 2F01            CMP              R7, #1
   88 000000CA BF08 F000 
              F868             BLEQ             N1
   89 000000D0 2F00            CMP              R7, #0
   90 000000D2 BF08 F000 
              F84C             BLEQ             N0
   91 000000D8 BF02 F64F 
              70FF F2C0 
              0000             MOV32EQ          R0, #0XFFFF
   92 000000E2 F7FF FFFE       BLEQ             DELAY
   93 000000E6 E010            B                FINISH
   94 000000E8         
   95 000000E8         TWENTY
   96 000000E8 F000 F872       BL               N2
   97 000000EC F04F 0500       MOV              R5, #0X0
   98 000000F0 F7FF FFFE       BL               TRANSMIT
   99 000000F4 F000 F83C       BL               N0
  100 000000F8         STP
  101 000000F8 49AD            LDR              R1, =TIMER0_CTL ; disable timer
                                                             during setup LDR R
                                                            2, [R1]
  102 000000FA F022 0201       BIC              R2, R2, #0x01
  103 000000FE 600A            STR              R2, [R1]
  104 00000100         ENDDD
  105 00000100 49AA            LDR              R1,=SCREEN_COUNTER
  106 00000102 7808            LDRB             R0,[R1]
  107 00000104 F04F 000C       MOV              R0, #12
  108 00000108 7008            STRB             R0,[R1]
  109 0000010A         
  110 0000010A F85D EB04 
                       FINISH  POP              {LR}
  111 0000010E 4770            BX               LR



ARM Macro Assembler    Page 4 


  112 00000110         
  113 00000110         ;;;;;;;;;;;;;;;;;;;;;;;;;;;;;;;;;;;;;;;;;;;
  114 00000110         ;;;;; CLEAR 14X8 BOX BEGINNING
  115 00000110         ;;;;;;;;;;;;;;;;;;;;;;;;;;;;;;;;;;;;;;;;;;;
  116 00000110 B500    CLEAR   PUSH             {LR}
  117 00000112 49A8            LDR              R1,=PORTA_DATA
  118 00000114 6808            LDR              R0,[R1]
  119 00000116 F020 0040       BIC              R0,#0x40
  120 0000011A 6008            STR              R0,[R1]
  121 0000011C         
  122 0000011C F04F 05C7       MOV              R5, #0xC7
  123 00000120 F7FF FFFE       BL               TRANSMIT
  124 00000124 F04F 0540       MOV              R5, #0X40
  125 00000128 F7FF FFFE       BL               TRANSMIT
  126 0000012C         
  127 0000012C 49A1            LDR              R1,=PORTA_DATA
  128 0000012E 6808            LDR              R0,[R1]
  129 00000130 F040 0040       ORR              R0,#0x40
  130 00000134 6008            STR              R0,[R1]
  131 00000136         
  132 00000136         
  133 00000136 F04F 040D       MOV              R4, #13
  134 0000013A F04F 0500 
                       LOOP    MOV              R5, #0X0    ;CLEAR NUMBER PLACE
                                                            
  135 0000013E F7FF FFFE       BL               TRANSMIT
  136 00000142 3C01            SUBS             R4, #1
  137 00000144 D1F9            BNE              LOOP
  138 00000146         
  139 00000146 499B            LDR              R1,=PORTA_DATA
  140 00000148 6808            LDR              R0,[R1]
  141 0000014A F020 0040       BIC              R0,#0x40
  142 0000014E 6008            STR              R0,[R1]
  143 00000150         
  144 00000150 F04F 05C7       MOV              R5, #0xC7
  145 00000154 F7FF FFFE       BL               TRANSMIT
  146 00000158 F04F 0540       MOV              R5, #0X40
  147 0000015C F7FF FFFE       BL               TRANSMIT
  148 00000160         
  149 00000160 4994            LDR              R1,=PORTA_DATA
  150 00000162 6808            LDR              R0,[R1]
  151 00000164 F040 0040       ORR              R0,#0x40
  152 00000168 6008            STR              R0,[R1]
  153 0000016A F85D EB04       POP              {LR}
  154 0000016E 4770            BX               LR
  155 00000170         ;;;;;;;;;;;;;;;;;;;;;;;;;;;;;;;;;;;;;;;;;;;
  156 00000170         ;;;;; CLEAR 14X8 BOX FINISH
  157 00000170         ;;;;;;;;;;;;;;;;;;;;;;;;;;;;;;;;;;;;;;;;;;;
  158 00000170         ;;;;;;;;;;;;;;;;;;;;;;;;;;;;;;;;;;;;;;;;;;;
  159 00000170         ;;;;; NUMBERS 0-9 BEGINNING
  160 00000170         ;;;;;;;;;;;;;;;;;;;;;;;;;;;;;;;;;;;;;;;;;;;
  161 00000170 B500    N0      PUSH             {LR}
  162 00000172 F04F 053E       MOV              R5, #0X3E
  163 00000176 F7FF FFFE       BL               TRANSMIT
  164 0000017A F04F 0551       MOV              R5, #0X51
  165 0000017E F7FF FFFE       BL               TRANSMIT
  166 00000182 F04F 0549       MOV              R5, #0X49
  167 00000186 F7FF FFFE       BL               TRANSMIT
  168 0000018A F04F 0545       MOV              R5, #0X45



ARM Macro Assembler    Page 5 


  169 0000018E F7FF FFFE       BL               TRANSMIT
  170 00000192 F04F 053E       MOV              R5, #0X3E
  171 00000196 F7FF FFFE       BL               TRANSMIT
  172 0000019A F85D EB04       POP              {LR}
  173 0000019E 4770            BX               LR
  174 000001A0         
  175 000001A0 B500    N1      PUSH             {LR}
  176 000001A2 F04F 0500       MOV              R5, #0X0
  177 000001A6 F7FF FFFE       BL               TRANSMIT
  178 000001AA F04F 0542       MOV              R5, #0X42
  179 000001AE F7FF FFFE       BL               TRANSMIT
  180 000001B2 F04F 057F       MOV              R5, #0X7F
  181 000001B6 F7FF FFFE       BL               TRANSMIT
  182 000001BA F04F 0540       MOV              R5, #0X40
  183 000001BE F7FF FFFE       BL               TRANSMIT
  184 000001C2 F04F 0500       MOV              R5, #0X0
  185 000001C6 F7FF FFFE       BL               TRANSMIT
  186 000001CA F85D EB04       POP              {LR}
  187 000001CE 4770            BX               LR
  188 000001D0         
  189 000001D0 B500    N2      PUSH             {LR}
  190 000001D2 F04F 0542       MOV              R5, #0X42
  191 000001D6 F7FF FFFE       BL               TRANSMIT
  192 000001DA F04F 0561       MOV              R5, #0X61
  193 000001DE F7FF FFFE       BL               TRANSMIT
  194 000001E2 F04F 0551       MOV              R5, #0X51
  195 000001E6 F7FF FFFE       BL               TRANSMIT
  196 000001EA F04F 0549       MOV              R5, #0X49
  197 000001EE F7FF FFFE       BL               TRANSMIT
  198 000001F2 F04F 0546       MOV              R5, #0X46
  199 000001F6 F7FF FFFE       BL               TRANSMIT
  200 000001FA F85D EB04       POP              {LR}
  201 000001FE 4770            BX               LR
  202 00000200         
  203 00000200 B500    N3      PUSH             {LR}
  204 00000202 F04F 0521       MOV              R5, #0X21
  205 00000206 F7FF FFFE       BL               TRANSMIT
  206 0000020A F04F 0541       MOV              R5, #0X41
  207 0000020E F7FF FFFE       BL               TRANSMIT
  208 00000212 F04F 0545       MOV              R5, #0X45
  209 00000216 F7FF FFFE       BL               TRANSMIT
  210 0000021A F04F 054B       MOV              R5, #0X4B
  211 0000021E F7FF FFFE       BL               TRANSMIT
  212 00000222 F04F 0531       MOV              R5, #0X31
  213 00000226 F7FF FFFE       BL               TRANSMIT
  214 0000022A F85D EB04       POP              {LR}
  215 0000022E 4770            BX               LR
  216 00000230         
  217 00000230 B500    N4      PUSH             {LR}
  218 00000232 F04F 0518       MOV              R5, #0X18
  219 00000236 F7FF FFFE       BL               TRANSMIT
  220 0000023A F04F 0514       MOV              R5, #0X14
  221 0000023E F7FF FFFE       BL               TRANSMIT
  222 00000242 F04F 0512       MOV              R5, #0X12
  223 00000246 F7FF FFFE       BL               TRANSMIT
  224 0000024A F04F 057F       MOV              R5, #0X7F
  225 0000024E F7FF FFFE       BL               TRANSMIT
  226 00000252 F04F 0510       MOV              R5, #0X10
  227 00000256 F7FF FFFE       BL               TRANSMIT



ARM Macro Assembler    Page 6 


  228 0000025A F85D EB04       POP              {LR}
  229 0000025E 4770            BX               LR
  230 00000260         
  231 00000260 B500    N5      PUSH             {LR}
  232 00000262 F04F 0527       MOV              R5, #0X27
  233 00000266 F7FF FFFE       BL               TRANSMIT
  234 0000026A F04F 0545       MOV              R5, #0X45
  235 0000026E F7FF FFFE       BL               TRANSMIT
  236 00000272 F04F 0545       MOV              R5, #0X45
  237 00000276 F7FF FFFE       BL               TRANSMIT
  238 0000027A F04F 0545       MOV              R5, #0X45
  239 0000027E F7FF FFFE       BL               TRANSMIT
  240 00000282 F04F 0539       MOV              R5, #0X39
  241 00000286 F7FF FFFE       BL               TRANSMIT
  242 0000028A F85D EB04       POP              {LR}
  243 0000028E 4770            BX               LR
  244 00000290         
  245 00000290 B500    N6      PUSH             {LR}
  246 00000292 F04F 053C       MOV              R5, #0X3C
  247 00000296 F7FF FFFE       BL               TRANSMIT
  248 0000029A F04F 054A       MOV              R5, #0X4A
  249 0000029E F7FF FFFE       BL               TRANSMIT
  250 000002A2 F04F 0549       MOV              R5, #0X49
  251 000002A6 F7FF FFFE       BL               TRANSMIT
  252 000002AA F04F 0549       MOV              R5, #0X49
  253 000002AE F7FF FFFE       BL               TRANSMIT
  254 000002B2 F04F 0530       MOV              R5, #0X30
  255 000002B6 F7FF FFFE       BL               TRANSMIT
  256 000002BA F85D EB04       POP              {LR}
  257 000002BE 4770            BX               LR
  258 000002C0         
  259 000002C0 B500    N7      PUSH             {LR}
  260 000002C2 F04F 0501       MOV              R5, #0X1
  261 000002C6 F7FF FFFE       BL               TRANSMIT
  262 000002CA F04F 0571       MOV              R5, #0X71
  263 000002CE F7FF FFFE       BL               TRANSMIT
  264 000002D2 F04F 0509       MOV              R5, #0X9
  265 000002D6 F7FF FFFE       BL               TRANSMIT
  266 000002DA F04F 0505       MOV              R5, #0X5
  267 000002DE F7FF FFFE       BL               TRANSMIT
  268 000002E2 F04F 0503       MOV              R5, #0X3
  269 000002E6 F7FF FFFE       BL               TRANSMIT
  270 000002EA F85D EB04       POP              {LR}
  271 000002EE 4770            BX               LR
  272 000002F0         
  273 000002F0 B500    N8      PUSH             {LR}
  274 000002F2 F04F 0536       MOV              R5, #0X36
  275 000002F6 F7FF FFFE       BL               TRANSMIT
  276 000002FA F04F 0549       MOV              R5, #0X49
  277 000002FE F7FF FFFE       BL               TRANSMIT
  278 00000302 F04F 0549       MOV              R5, #0X49
  279 00000306 F7FF FFFE       BL               TRANSMIT
  280 0000030A F04F 0549       MOV              R5, #0X49
  281 0000030E F7FF FFFE       BL               TRANSMIT
  282 00000312 F04F 0536       MOV              R5, #0X36
  283 00000316 F7FF FFFE       BL               TRANSMIT
  284 0000031A F85D EB04       POP              {LR}
  285 0000031E 4770            BX               LR
  286 00000320         



ARM Macro Assembler    Page 7 


  287 00000320 B500    N9      PUSH             {LR}
  288 00000322 F04F 0506       MOV              R5, #0X6
  289 00000326 F7FF FFFE       BL               TRANSMIT
  290 0000032A F04F 0549       MOV              R5, #0X49
  291 0000032E F7FF FFFE       BL               TRANSMIT
  292 00000332 F04F 0549       MOV              R5, #0X49
  293 00000336 F7FF FFFE       BL               TRANSMIT
  294 0000033A F04F 0529       MOV              R5, #0X29
  295 0000033E F7FF FFFE       BL               TRANSMIT
  296 00000342 F04F 051E       MOV              R5, #0X1E
  297 00000346 F7FF FFFE       BL               TRANSMIT
  298 0000034A F85D EB04       POP              {LR}
  299 0000034E 4770            BX               LR
  300 00000350         ;;;;;;;;;;;;;;;;;;;;;;;;;;;;;;;;;;;;;;;;;;;
  301 00000350         ;;;;; NUMBERS 0-9 FINISH
  302 00000350         ;;;;;;;;;;;;;;;;;;;;;;;;;;;;;;;;;;;;;;;;;;;   
  303 00000350                 ENDP
  304 00000350         ;;;;;;;;;;;;;;;;;;;;;;;;;;;;;;;;;;;;;;;;;;;
  305 00000350         ;;;;; TIMER INITIALIZE
  306 00000350         ;;;;;;;;;;;;;;;;;;;;;;;;;;;;;;;;;;;;;;;;;;;
  307 00000350         TIMER_INIT
                               PROC
  308 00000350 4919            LDR              R1, =SYSCTL_RCGCTIMER 
                                                            ; Start Timer0
  309 00000352 680A            LDR              R2, [R1]
  310 00000354 F042 0201       ORR              R2, R2, #0X01
  311 00000358 600A            STR              R2, [R1]
  312 0000035A BF00            NOP                          ; allow clock to se
                                                            ttle
  313 0000035C BF00            NOP
  314 0000035E BF00            NOP
  315 00000360 4913            LDR              R1, =TIMER0_CTL ; disable timer
                                                             during setup LDR R
                                                            2, [R1]
  316 00000362 F022 0201       BIC              R2, R2, #0x01
  317 00000366 600A            STR              R2, [R1]
  318 00000368 4914            LDR              R1, =TIMER0_CFG 
                                                            ; set 32 bit mode
  319 0000036A F04F 0200       MOV              R2, #0x00
  320 0000036E 600A            STR              R2, [R1]
  321 00000370 4913            LDR              R1, =TIMER0_TAMR
  322 00000372 F04F 0202       MOV              R2, #0x02   ; set to periodic, 
                                                            count down
  323 00000376 600A            STR              R2, [R1]
  324 00000378 4912            LDR              R1, =TIMER0_TAILR ; initialize 
                                                            match clocks
  325 0000037A 4A13            LDR              R2, =15999999 ;1 SEC 
  326 0000037C 600A            STR              R2, [R1]
  327 0000037E 4913            LDR              R1, =TIMER0_IMR ; enable timeou
                                                            t interrupt
  328 00000380 F04F 0201       MOV              R2, #0X01
  329 00000384 600A            STR              R2, [R1]
  330 00000386         ; Configure interrupt priorities
  331 00000386         ; Timer0A is interrupt #19.
  332 00000386         ; Interrupts 16-19 are handled by NVIC register PRI4.
  333 00000386         ; Interrupt 19 is controlled by bits 31:29 of PRI4.
  334 00000386         ; set NVIC interrupt 19 to priority 2
  335 00000386 4912            LDR              R1, =NVIC_PRI4
  336 00000388 680A            LDR              R2, [R1]



ARM Macro Assembler    Page 8 


  337 0000038A F022 427F       AND              R2, R2, #0x00FFFFFF ; clear int
                                                            errupt 19 priority
  338 0000038E F042 4280       ORR              R2, R2, #0x40000000 ; set inter
                                                            rupt 19 priority to
                                                             2
  339 00000392 600A            STR              R2, [R1]
  340 00000394         ; NVIC has to be enabled
  341 00000394         ; Interrupts 0-31 are handled by NVIC register EN0
  342 00000394         ; Interrupt 19 is controlled by bit 19
  343 00000394         ; enable interrupt 19 in NVIC
  344 00000394 490F            LDR              R1, =NVIC_EN0
  345 00000396 F44F 2200       MOV              R2, #0x080000 ; set bit 19 to e
                                                            nable interrupt 19
  346 0000039A 600A            STR              R2, [R1]
  347 0000039C         ; Enable timer
  348 0000039C 4904            LDR              R1, =TIMER0_CTL
  349 0000039E 680A            LDR              R2, [R1]
  350 000003A0 EA42 0203       ORR              R2, R2, R3  ;#0x03 ; set bit0 t
                                                            o enable
  351 000003A4 600A            STR              R2, [R1]    ; and bit 1 to stal
                                                            l on debug   
  352 000003A6         
  353 000003A6 4770            BX               LR
  354 000003A8                 ENDP
  355 000003A8                 ALIGN
  356 000003A8                 END
              40030024 
              20000411 
              4003000C 
              400043FC 
              400FE604 
              40030000 
              40030004 
              40030028 
              00F423FF 
              40030018 
              E000E410 
              E000E100 
Command Line: --debug --xref --diag_suppress=9931 --cpu=Cortex-M4.fp --apcs=int
erwork --depend=.\objects\timer_init.d -o.\objects\timer_init.o -I.\RTE\_Target
_1 -IC:\Keil_v5\ARM\PACK\Keil\TM4C_DFP\1.1.0\Device\Include\TM4C123 -IC:\Keil_v
5\ARM\CMSIS\Include --predefine="__EVAL SETA 1" --predefine="__UVISION_VERSION 
SETA 526" --predefine="TM4C123GH6PM SETA 1" --list=.\listings\timer_init.lst TI
MER_INIT.s



ARM Macro Assembler    Page 1 Alphabetic symbol ordering
Relocatable symbols

CLEAR 00000110

Symbol: CLEAR
   Definitions
      At line 116 in file TIMER_INIT.s
   Uses
      At line 35 in file TIMER_INIT.s
Comment: CLEAR used once
ENDDD 00000100

Symbol: ENDDD
   Definitions
      At line 104 in file TIMER_INIT.s
   Uses
      At line 42 in file TIMER_INIT.s
Comment: ENDDD used once
FINISH 0000010A

Symbol: FINISH
   Definitions
      At line 110 in file TIMER_INIT.s
   Uses
      At line 93 in file TIMER_INIT.s
Comment: FINISH used once
LOOP 0000013A

Symbol: LOOP
   Definitions
      At line 134 in file TIMER_INIT.s
   Uses
      At line 137 in file TIMER_INIT.s
Comment: LOOP used once
N0 00000170

Symbol: N0
   Definitions
      At line 161 in file TIMER_INIT.s
   Uses
      At line 70 in file TIMER_INIT.s
      At line 90 in file TIMER_INIT.s
      At line 99 in file TIMER_INIT.s

N1 000001A0

Symbol: N1
   Definitions
      At line 175 in file TIMER_INIT.s
   Uses
      At line 47 in file TIMER_INIT.s
      At line 68 in file TIMER_INIT.s
      At line 88 in file TIMER_INIT.s

N2 000001D0

Symbol: N2
   Definitions
      At line 189 in file TIMER_INIT.s
   Uses
      At line 66 in file TIMER_INIT.s



ARM Macro Assembler    Page 2 Alphabetic symbol ordering
Relocatable symbols

      At line 86 in file TIMER_INIT.s
      At line 96 in file TIMER_INIT.s

N3 00000200

Symbol: N3
   Definitions
      At line 203 in file TIMER_INIT.s
   Uses
      At line 64 in file TIMER_INIT.s
      At line 84 in file TIMER_INIT.s

N4 00000230

Symbol: N4
   Definitions
      At line 217 in file TIMER_INIT.s
   Uses
      At line 62 in file TIMER_INIT.s
      At line 82 in file TIMER_INIT.s

N5 00000260

Symbol: N5
   Definitions
      At line 231 in file TIMER_INIT.s
   Uses
      At line 60 in file TIMER_INIT.s
      At line 80 in file TIMER_INIT.s

N6 00000290

Symbol: N6
   Definitions
      At line 245 in file TIMER_INIT.s
   Uses
      At line 58 in file TIMER_INIT.s
      At line 78 in file TIMER_INIT.s

N7 000002C0

Symbol: N7
   Definitions
      At line 259 in file TIMER_INIT.s
   Uses
      At line 56 in file TIMER_INIT.s
      At line 76 in file TIMER_INIT.s

N8 000002F0

Symbol: N8
   Definitions
      At line 273 in file TIMER_INIT.s
   Uses
      At line 54 in file TIMER_INIT.s
      At line 74 in file TIMER_INIT.s

N9 00000320




ARM Macro Assembler    Page 3 Alphabetic symbol ordering
Relocatable symbols

Symbol: N9
   Definitions
      At line 287 in file TIMER_INIT.s
   Uses
      At line 52 in file TIMER_INIT.s
      At line 72 in file TIMER_INIT.s

STP 000000F8

Symbol: STP
   Definitions
      At line 100 in file TIMER_INIT.s
   Uses
      At line 40 in file TIMER_INIT.s
Comment: STP used once
TIMER_INIT 00000350

Symbol: TIMER_INIT
   Definitions
      At line 307 in file TIMER_INIT.s
   Uses
      At line 25 in file TIMER_INIT.s
Comment: TIMER_INIT used once
TWENTY 000000E8

Symbol: TWENTY
   Definitions
      At line 95 in file TIMER_INIT.s
   Uses
      At line 44 in file TIMER_INIT.s
Comment: TWENTY used once
Timer0A_Handler 00000000

Symbol: Timer0A_Handler
   Definitions
      At line 28 in file TIMER_INIT.s
   Uses
      At line 24 in file TIMER_INIT.s
Comment: Timer0A_Handler used once
routines 00000000

Symbol: routines
   Definitions
      At line 19 in file TIMER_INIT.s
   Uses
      None
Comment: routines unused
19 symbols



ARM Macro Assembler    Page 1 Alphabetic symbol ordering
Absolute symbols

NVIC_EN0 E000E100

Symbol: NVIC_EN0
   Definitions
      At line 4 in file TIMER_INIT.s
   Uses
      At line 344 in file TIMER_INIT.s
Comment: NVIC_EN0 used once
NVIC_EN0_INT19 00080000

Symbol: NVIC_EN0_INT19
   Definitions
      At line 3 in file TIMER_INIT.s
   Uses
      None
Comment: NVIC_EN0_INT19 unused
NVIC_PRI4 E000E410

Symbol: NVIC_PRI4
   Definitions
      At line 5 in file TIMER_INIT.s
   Uses
      At line 335 in file TIMER_INIT.s
Comment: NVIC_PRI4 used once
PORTA_DATA 400043FC

Symbol: PORTA_DATA
   Definitions
      At line 16 in file TIMER_INIT.s
   Uses
      At line 117 in file TIMER_INIT.s
      At line 127 in file TIMER_INIT.s
      At line 139 in file TIMER_INIT.s
      At line 149 in file TIMER_INIT.s

SCREEN_COUNTER 20000411

Symbol: SCREEN_COUNTER
   Definitions
      At line 17 in file TIMER_INIT.s
   Uses
      At line 37 in file TIMER_INIT.s
      At line 105 in file TIMER_INIT.s

SYSCTL_RCGCTIMER 400FE604

Symbol: SYSCTL_RCGCTIMER
   Definitions
      At line 1 in file TIMER_INIT.s
   Uses
      At line 308 in file TIMER_INIT.s
Comment: SYSCTL_RCGCTIMER used once
TIMER0_CFG 40030000

Symbol: TIMER0_CFG
   Definitions
      At line 7 in file TIMER_INIT.s
   Uses
      At line 318 in file TIMER_INIT.s



ARM Macro Assembler    Page 2 Alphabetic symbol ordering
Absolute symbols

Comment: TIMER0_CFG used once
TIMER0_CTL 4003000C

Symbol: TIMER0_CTL
   Definitions
      At line 9 in file TIMER_INIT.s
   Uses
      At line 101 in file TIMER_INIT.s
      At line 315 in file TIMER_INIT.s
      At line 348 in file TIMER_INIT.s

TIMER0_ICR 40030024

Symbol: TIMER0_ICR
   Definitions
      At line 12 in file TIMER_INIT.s
   Uses
      At line 31 in file TIMER_INIT.s
Comment: TIMER0_ICR used once
TIMER0_IMR 40030018

Symbol: TIMER0_IMR
   Definitions
      At line 10 in file TIMER_INIT.s
   Uses
      At line 327 in file TIMER_INIT.s
Comment: TIMER0_IMR used once
TIMER0_RIS 4003001C

Symbol: TIMER0_RIS
   Definitions
      At line 11 in file TIMER_INIT.s
   Uses
      None
Comment: TIMER0_RIS unused
TIMER0_TAILR 40030028

Symbol: TIMER0_TAILR
   Definitions
      At line 13 in file TIMER_INIT.s
   Uses
      At line 324 in file TIMER_INIT.s
Comment: TIMER0_TAILR used once
TIMER0_TAMR 40030004

Symbol: TIMER0_TAMR
   Definitions
      At line 8 in file TIMER_INIT.s
   Uses
      At line 321 in file TIMER_INIT.s
Comment: TIMER0_TAMR used once
TIMER0_TAPR 40030038

Symbol: TIMER0_TAPR
   Definitions
      At line 14 in file TIMER_INIT.s
   Uses
      None
Comment: TIMER0_TAPR unused



ARM Macro Assembler    Page 3 Alphabetic symbol ordering
Absolute symbols

TIMER0_TAR 40030048

Symbol: TIMER0_TAR
   Definitions
      At line 15 in file TIMER_INIT.s
   Uses
      None
Comment: TIMER0_TAR unused
15 symbols



ARM Macro Assembler    Page 1 Alphabetic symbol ordering
External symbols

DELAY 00000000

Symbol: DELAY
   Definitions
      At line 23 in file TIMER_INIT.s
   Uses
      At line 92 in file TIMER_INIT.s
Comment: DELAY used once
FINAL 00000000

Symbol: FINAL
   Definitions
      At line 22 in file TIMER_INIT.s
   Uses
      None
Comment: FINAL unused
TRANSMIT 00000000

Symbol: TRANSMIT
   Definitions
      At line 21 in file TIMER_INIT.s
   Uses
      At line 49 in file TIMER_INIT.s
      At line 98 in file TIMER_INIT.s
      At line 123 in file TIMER_INIT.s
      At line 125 in file TIMER_INIT.s
      At line 135 in file TIMER_INIT.s
      At line 145 in file TIMER_INIT.s
      At line 147 in file TIMER_INIT.s
      At line 163 in file TIMER_INIT.s
      At line 165 in file TIMER_INIT.s
      At line 167 in file TIMER_INIT.s
      At line 169 in file TIMER_INIT.s
      At line 171 in file TIMER_INIT.s
      At line 177 in file TIMER_INIT.s
      At line 179 in file TIMER_INIT.s
      At line 181 in file TIMER_INIT.s
      At line 183 in file TIMER_INIT.s
      At line 185 in file TIMER_INIT.s
      At line 191 in file TIMER_INIT.s
      At line 193 in file TIMER_INIT.s
      At line 195 in file TIMER_INIT.s
      At line 197 in file TIMER_INIT.s
      At line 199 in file TIMER_INIT.s
      At line 205 in file TIMER_INIT.s
      At line 207 in file TIMER_INIT.s
      At line 209 in file TIMER_INIT.s
      At line 211 in file TIMER_INIT.s
      At line 213 in file TIMER_INIT.s
      At line 219 in file TIMER_INIT.s
      At line 221 in file TIMER_INIT.s
      At line 223 in file TIMER_INIT.s
      At line 225 in file TIMER_INIT.s
      At line 227 in file TIMER_INIT.s
      At line 233 in file TIMER_INIT.s
      At line 235 in file TIMER_INIT.s
      At line 237 in file TIMER_INIT.s
      At line 239 in file TIMER_INIT.s
      At line 241 in file TIMER_INIT.s



ARM Macro Assembler    Page 2 Alphabetic symbol ordering
External symbols

      At line 247 in file TIMER_INIT.s
      At line 249 in file TIMER_INIT.s
      At line 251 in file TIMER_INIT.s
      At line 253 in file TIMER_INIT.s
      At line 255 in file TIMER_INIT.s
      At line 261 in file TIMER_INIT.s
      At line 263 in file TIMER_INIT.s
      At line 265 in file TIMER_INIT.s
      At line 267 in file TIMER_INIT.s
      At line 269 in file TIMER_INIT.s
      At line 275 in file TIMER_INIT.s
      At line 277 in file TIMER_INIT.s
      At line 279 in file TIMER_INIT.s
      At line 281 in file TIMER_INIT.s
      At line 283 in file TIMER_INIT.s
      At line 289 in file TIMER_INIT.s
      At line 291 in file TIMER_INIT.s
      At line 293 in file TIMER_INIT.s
      At line 295 in file TIMER_INIT.s
      At line 297 in file TIMER_INIT.s

3 symbols
373 symbols in table
