


ARM Macro Assembler    Page 1 


    1 00000000         
    2 00000000         ;Nested Vector Interrupt Controller registers
    3 00000000 40000000 
                       NVIC_EN0_INT30
                               EQU              0x40000000  ; Interrupt 19 enab
                                                            le
    4 00000000 E000E100 
                       NVIC_EN0
                               EQU              0xE000E100  ; IRQ 0 to 31 Set E
                                                            nable Register
    5 00000000 E000E41C 
                       NVIC_PRI7
                               EQU              0xE000E41C  ; IRQ 28 to 31 Prio
                                                            rity Register
    6 00000000         ; GPIO Registers
    7 00000000 400FE608 
                       RCGCGPIO
                               EQU              0x400FE608  ; GPIO clock regist
                                                            er
    8 00000000         ;PORT F base address EQU 0x40025000
    9 00000000 4002551C 
                       PORTF_DEN
                               EQU              0x4002551C  ; Digital Enable
   10 00000000 4002552C 
                       PORTF_PCTL
                               EQU              0x4002552C  ; Alternate functio
                                                            n select
   11 00000000 40025420 
                       PORTF_AFSEL
                               EQU              0x40025420  ; Enable Alt functi
                                                            ons
   12 00000000 40025528 
                       PORTF_AMSEL
                               EQU              0x40025528  ; Enable analog
   13 00000000 40025400 
                       PORTF_DIR
                               EQU              0x40025400  ;Set direction
   14 00000000 400253FC 
                       PORTF_DATA
                               EQU              0x400253FC
   15 00000000 40025520 
                       PORTF_LOCK
                               EQU              0X40025520
   16 00000000 4C4F434B 
                       GPIO_LOCK_KEY
                               EQU              0x4C4F434B
   17 00000000 40025524 
                       GPIO_PORTF_CR_R
                               EQU              0x40025524
   18 00000000 40025510 
                       PORTF_PUR
                               EQU              0x40025510
   19 00000000 40025404 
                       GPIO_PORTF_IS
                               EQU              0X40025404
   20 00000000 40025408 
                       GPIO_PORTF_IBE
                               EQU              0X40025408
   21 00000000 4002540C 



ARM Macro Assembler    Page 2 


                       GPIO_PORTF_IEV
                               EQU              0X4002540C
   22 00000000 40025410 
                       GPIO_PORTF_IM
                               EQU              0X40025410
   23 00000000 40025414 
                       GPIO_PORTF_RIS
                               EQU              0X40025414
   24 00000000 4002541C 
                       GPIO_PORTF_ICR
                               EQU              0X4002541C
   25 00000000         
   26 00000000 20000400 
                       POSITION
                               EQU              0X20000400
   27 00000000 2000040F 
                       BATTLE_COUNTER
                               EQU              0X2000040F
   28 00000000 20000410 
                       CIV_COUNTER
                               EQU              0X20000410
   29 00000000 20000411 
                       SCREEN_COUNTER
                               EQU              0X20000411
   30 00000000 20000412 
                       MINE_POSITION
                               EQU              0X20000412
   31 00000000                 AREA             routines, CODE, READONLY
   32 00000000                 THUMB
   33 00000000                 EXTERN           BATTLESHIP
   34 00000000                 EXTERN           CIVILIAN
   35 00000000                 EXPORT           GPIOPortF_Handler
   36 00000000                 EXPORT           GPIO_INIT
   37 00000000         
   38 00000000         GPIOPortF_Handler
                               PROC
   39 00000000 B537            PUSH             {R0, R1, R2, R4, R5, LR}
   40 00000002 F04F 020A       MOV              R2, #10
   41 00000006 F64F 71FF 
                       LOOP2   MOV              R1, #0XFFFF
   42 0000000A 3901    LOOP    SUBS             R1, #1
   43 0000000C D1FD            BNE              LOOP
   44 0000000E 3A01            SUBS             R2, #1
   45 00000010 D1F9            BNE              LOOP2
   46 00000012         
   47 00000012 496C            LDR              R1, =GPIO_PORTF_RIS
   48 00000014 6808            LDR              R0, [R1]
   49 00000016 496C            LDR              R1, =GPIO_PORTF_ICR
   50 00000018 F04F 0211       MOV              R2, #0X11
   51 0000001C 600A            STR              R2, [R1]
   52 0000001E         
   53 0000001E 496B            LDR              R1, =SCREEN_COUNTER
   54 00000020 780C            LDRB             R4, [R1]
   55 00000022 2C05            CMP              R4, #5
   56 00000024 D06A            BEQ              FIRST_MINE
   57 00000026 2C06            CMP              R4, #6
   58 00000028 D06E            BEQ              SECOND_MINE
   59 0000002A 2C07            CMP              R4, #7
   60 0000002C D072            BEQ              THIRD_MINE



ARM Macro Assembler    Page 3 


   61 0000002E 2C08            CMP              R4, #8
   62 00000030 D076            BEQ              FOURTH_MINE
   63 00000032 F04F 0500       MOV              R5, #0
   64 00000036 4966            LDR              R1, =BATTLE_COUNTER
   65 00000038 780A            LDRB             R2, [R1]
   66 0000003A 4966            LDR              R1, =CIV_COUNTER
   67 0000003C 780C            LDRB             R4, [R1]
   68 0000003E EB02 0504       ADD              R5, R2, R4
   69 00000042 2D04            CMP              R5, #4
   70 00000044 D071            BEQ              FINISH
   71 00000046 F010 0001       ANDS             R0, #0X1
   72 0000004A D131            BNE              CIV
   73 0000004C 4860            LDR              R0, =BATTLE_COUNTER
   74 0000004E 7802            LDRB             R2, [R0]
   75 00000050 2A04            CMP              R2, #4
   76 00000052 DA6A            BGE              FINISH
   77 00000054 2A02            CMP              R2, #2
   78 00000056 DC21            BGT              FOUR_B
   79 00000058 2A01            CMP              R2, #1
   80 0000005A DC15            BGT              THIRD_B
   81 0000005C 2A00            CMP              R2, #0
   82 0000005E DC09            BGT              SECOND_B
   83 00000060 485D            LDR              R0, =(POSITION + 6)
   84 00000062 F800 3B01       STRB             R3, [R0], #1 ;X POSITION
   85 00000066 F880 8000       STRB             R8, [R0]    ;SHIFTING
   86 0000006A F102 0201       ADD              R2, #1
   87 0000006E 4858            LDR              R0, =BATTLE_COUNTER
   88 00000070 7002            STRB             R2, [R0]
   89 00000072 E05A            B                FINISH
   90 00000074         SECOND_B
   91 00000074 4859            LDR              R0, =(POSITION + 8)
   92 00000076 F800 3B01       STRB             R3, [R0], #1 ;X POSITION
   93 0000007A F880 8000       STRB             R8, [R0]    ;SHIFTING
   94 0000007E F102 0201       ADD              R2, #1
   95 00000082 4853            LDR              R0, =BATTLE_COUNTER
   96 00000084 7002            STRB             R2, [R0]
   97 00000086 E050            B                FINISH
   98 00000088         THIRD_B
   99 00000088 4855            LDR              R0, =(POSITION + 10)
  100 0000008A F800 3B01       STRB             R3, [R0], #1 ;X POSITION
  101 0000008E F880 8000       STRB             R8, [R0]    ;SHIFTING
  102 00000092 F102 0201       ADD              R2, #1
  103 00000096 484E            LDR              R0, =BATTLE_COUNTER
  104 00000098 7002            STRB             R2, [R0]
  105 0000009A E046            B                FINISH
  106 0000009C         FOUR_B
  107 0000009C 4851            LDR              R0, =(POSITION + 12)
  108 0000009E F800 3B01       STRB             R3, [R0], #1 ;X POSITION
  109 000000A2 F880 8000       STRB             R8, [R0]    ;SHIFTING
  110 000000A6 F102 0201       ADD              R2, #1
  111 000000AA 4849            LDR              R0, =BATTLE_COUNTER
  112 000000AC 7002            STRB             R2, [R0]
  113 000000AE E03C            B                FINISH
  114 000000B0         
  115 000000B0         CIV
  116 000000B0 4948            LDR              R1, =CIV_COUNTER
  117 000000B2 780C            LDRB             R4, [R1]
  118 000000B4 2C03            CMP              R4, #3
  119 000000B6 DA38            BGE              FINISH



ARM Macro Assembler    Page 4 


  120 000000B8 2C01            CMP              R4, #1
  121 000000BA DC15            BGT              THIRD
  122 000000BC 2C00            CMP              R4, #0
  123 000000BE DC09            BGT              SECOND
  124 000000C0 4849            LDR              R0, =POSITION
  125 000000C2 F800 3B01       STRB             R3, [R0], #1 ;X POSITION
  126 000000C6 F880 8000       STRB             R8, [R0]    ;SHIFTING
  127 000000CA F104 0401       ADD              R4, #1
  128 000000CE 4941            LDR              R1, =CIV_COUNTER
  129 000000D0 700C            STRB             R4, [R1]
  130 000000D2 E02A            B                FINISH
  131 000000D4         SECOND
  132 000000D4 4845            LDR              R0, =(POSITION + 2)
  133 000000D6 F800 3B01       STRB             R3, [R0], #1 ;X POSITION
  134 000000DA F880 8000       STRB             R8, [R0]    ;SHIFTING
  135 000000DE F104 0401       ADD              R4, #1
  136 000000E2 493C            LDR              R1, =CIV_COUNTER
  137 000000E4 700C            STRB             R4, [R1]
  138 000000E6 E020            B                FINISH
  139 000000E8         THIRD
  140 000000E8 4841            LDR              R0, =(POSITION + 4)
  141 000000EA F800 3B01       STRB             R3, [R0], #1 ;X POSITION
  142 000000EE F880 8000       STRB             R8, [R0]    ;SHIFTING
  143 000000F2 F104 0401       ADD              R4, #1
  144 000000F6 4937            LDR              R1, =CIV_COUNTER
  145 000000F8 700C            STRB             R4, [R1]
  146 000000FA E016            B                FINISH
  147 000000FC         
  148 000000FC         FIRST_MINE
  149 000000FC 483D            LDR              R0, =MINE_POSITION
  150 000000FE F800 3B01       STRB             R3, [R0], #1 ;X POSITION
  151 00000102 F880 8000       STRB             R8, [R0]    ;SHIFTING
  152 00000106 E010            B                FINISH
  153 00000108         SECOND_MINE
  154 00000108 483B            LDR              R0, =(MINE_POSITION + 2)
  155 0000010A F800 3B01       STRB             R3, [R0], #1 ;X POSITION
  156 0000010E F880 8000       STRB             R8, [R0]    ;SHIFTING
  157 00000112 E00A            B                FINISH
  158 00000114         THIRD_MINE
  159 00000114 4839            LDR              R0, =(MINE_POSITION + 4)
  160 00000116 F800 3B01       STRB             R3, [R0], #1 ;X POSITION
  161 0000011A F880 8000       STRB             R8, [R0]    ;SHIFTING
  162 0000011E E004            B                FINISH
  163 00000120         FOURTH_MINE
  164 00000120 4837            LDR              R0, =(MINE_POSITION + 6)
  165 00000122 F800 3B01       STRB             R3, [R0], #1 ;X POSITION
  166 00000126 F880 8000       STRB             R8, [R0]    ;SHIFTING   
  167 0000012A         FINISH
  168 0000012A 4929            LDR              R1, =BATTLE_COUNTER
  169 0000012C 780A            LDRB             R2, [R1]
  170 0000012E 4929            LDR              R1, =CIV_COUNTER
  171 00000130 780C            LDRB             R4, [R1]
  172 00000132 F04F 0000       MOV              R0, #0
  173 00000136 EB02 0004       ADD              R0, R2, R4
  174 0000013A 2804            CMP              R0, #4
  175 0000013C 4923            LDR              R1, =SCREEN_COUNTER
  176 0000013E 780C            LDRB             R4, [R1]
  177 00000140 BF08 3401       ADDEQ            R4, #1
  178 00000144 700C            STRB             R4, [R1]



ARM Macro Assembler    Page 5 


  179 00000146 E8BD 4037       POP              {R0, R1, R2, R4, R5, LR}
  180 0000014A 4770            BX               LR
  181 0000014C                 ENDP
  182 0000014C         
  183 0000014C         ;;;;;;;;;;;;;;;;;;;;;;;;;;;;;;;;;;;;;;;;;;;;;;;;;
  184 0000014C         ;;;;; GPIO INIT
  185 0000014C         ;;;;;;;;;;;;;;;;;;;;;;;;;;;;;;;;;;;;;;;;;;;;;;;;;
  186 0000014C         
  187 0000014C         GPIO_INIT
                               PROC
  188 0000014C 492D            LDR              R1 , =RCGCGPIO
  189 0000014E 6808            LDR              R0 , [ R1 ]
  190 00000150 F040 0020       ORR              R0 , R0 , #0x20 ;Port F clock e
                                                            nabled
  191 00000154 6008            STR              R0 , [ R1 ]
  192 00000156 BF00            NOP                          ;Wait for clock to 
                                                            stabilize
  193 00000158 BF00            NOP
  194 0000015A BF00            NOP
  195 0000015C 492A            LDR              R1, =PORTF_LOCK
  196 0000015E 482B            LDR              R0, =GPIO_LOCK_KEY
  197 00000160 6008            STR              R0, [R1]
  198 00000162 492B            LDR              R1, =GPIO_PORTF_CR_R
  199 00000164 F04F 00FF       MOV              R0, #0xFF
  200 00000168 6008            STR              R0, [R1]
  201 0000016A 492A            LDR              R1 , =PORTF_DIR ; Config of Por
                                                            t F starts
  202 0000016C F04F 0002       MOV              R0 , #0x2
  203 00000170 6008            STR              R0 , [ R1 ]
  204 00000172 4929            LDR              R1 , =PORTF_AFSEL
  205 00000174 6808            LDR              R0 , [ R1 ]
  206 00000176 F020 00FF       BIC              R0 , #0xFF
  207 0000017A 6008            STR              R0 , [ R1 ]
  208 0000017C 4927            LDR              R1 , =PORTF_DEN
  209 0000017E 6808            LDR              R0 , [ R1 ]
  210 00000180 F040 00FF       ORR              R0 , #0xFF
  211 00000184 6008            STR              R0 , [ R1 ]
  212 00000186 4926            LDR              R1 , =PORTF_PUR
  213 00000188 6808            LDR              R0 , [ R1 ]
  214 0000018A F040 0011       ORR              R0 , #0x11
  215 0000018E 6008            STR              R0 , [ R1 ]
  216 00000190         
  217 00000190 4924            LDR              R1, =GPIO_PORTF_IS
  218 00000192 4A25            LDR              R2, =GPIO_PORTF_IBE
  219 00000194 4B25            LDR              R3, =GPIO_PORTF_IEV
  220 00000196 4C26            LDR              R4, =GPIO_PORTF_IM
  221 00000198 4D0B            LDR              R5, =GPIO_PORTF_ICR
  222 0000019A F04F 0000       MOV              R0, #0x00
  223 0000019E 6008            STR              R0, [R1]
  224 000001A0 6010            STR              R0, [R2]
  225 000001A2 6018            STR              R0, [R3]
  226 000001A4 F04F 0011       MOV              R0, #0x11
  227 000001A8 6020            STR              R0, [R4]
  228 000001AA 6028            STR              R0, [R5]
  229 000001AC         
  230 000001AC 4921            LDR              R1, =NVIC_PRI7
  231 000001AE 680A            LDR              R2, [R1]
  232 000001B0 F422 027F       AND              R2, R2, #0xFF00FFFF ;
  233 000001B4 F442 0200       ORR              R2, R2, #0x00800000 ;



ARM Macro Assembler    Page 6 


  234 000001B8 600A            STR              R2, [R1]
  235 000001BA 491F            LDR              R1, =NVIC_EN0
  236 000001BC F04F 4280       MOV              R2, #0x40000000 ; set bit 19 to
                                                             enable interrupt 1
                                                            9
  237 000001C0 600A            STR              R2, [R1]
  238 000001C2         ; Enable timer
  239 000001C2         ;   LDR R1 , =PORTF_DATA
  240 000001C2         ;   MOV R0, #0x0
  241 000001C2         ;   STR R0, [R1]   
  242 000001C2 4770            BX               LR          ; end
  243 000001C4         
  244 000001C4                 ALIGN
  245 000001C4                 ENDP
  246 000001C4                 END
              40025414 
              4002541C 
              20000411 
              2000040F 
              20000410 
              20000406 
              20000408 
              2000040A 
              2000040C 
              20000400 
              20000402 
              20000404 
              20000412 
              20000414 
              20000416 
              20000418 
              400FE608 
              40025520 
              4C4F434B 
              40025524 
              40025400 
              40025420 
              4002551C 
              40025510 
              40025404 
              40025408 
              4002540C 
              40025410 
              E000E41C 
              E000E100 
Command Line: --debug --xref --diag_suppress=9931 --cpu=Cortex-M4.fp --apcs=int
erwork --depend=.\objects\gpio_inter_init.d -o.\objects\gpio_inter_init.o -I.\R
TE\_Target_1 -IC:\Keil_v5\ARM\PACK\Keil\TM4C_DFP\1.1.0\Device\Include\TM4C123 -
IC:\Keil_v5\ARM\CMSIS\Include --predefine="__EVAL SETA 1" --predefine="__UVISIO
N_VERSION SETA 526" --predefine="TM4C123GH6PM SETA 1" --list=.\listings\gpio_in
ter_init.lst GPIO_INTER_INIT.s



ARM Macro Assembler    Page 1 Alphabetic symbol ordering
Relocatable symbols

CIV 000000B0

Symbol: CIV
   Definitions
      At line 115 in file GPIO_INTER_INIT.s
   Uses
      At line 72 in file GPIO_INTER_INIT.s
Comment: CIV used once
FINISH 0000012A

Symbol: FINISH
   Definitions
      At line 167 in file GPIO_INTER_INIT.s
   Uses
      At line 70 in file GPIO_INTER_INIT.s
      At line 76 in file GPIO_INTER_INIT.s
      At line 89 in file GPIO_INTER_INIT.s
      At line 97 in file GPIO_INTER_INIT.s
      At line 105 in file GPIO_INTER_INIT.s
      At line 113 in file GPIO_INTER_INIT.s
      At line 119 in file GPIO_INTER_INIT.s
      At line 130 in file GPIO_INTER_INIT.s
      At line 138 in file GPIO_INTER_INIT.s
      At line 146 in file GPIO_INTER_INIT.s
      At line 152 in file GPIO_INTER_INIT.s
      At line 157 in file GPIO_INTER_INIT.s
      At line 162 in file GPIO_INTER_INIT.s

FIRST_MINE 000000FC

Symbol: FIRST_MINE
   Definitions
      At line 148 in file GPIO_INTER_INIT.s
   Uses
      At line 56 in file GPIO_INTER_INIT.s
Comment: FIRST_MINE used once
FOURTH_MINE 00000120

Symbol: FOURTH_MINE
   Definitions
      At line 163 in file GPIO_INTER_INIT.s
   Uses
      At line 62 in file GPIO_INTER_INIT.s
Comment: FOURTH_MINE used once
FOUR_B 0000009C

Symbol: FOUR_B
   Definitions
      At line 106 in file GPIO_INTER_INIT.s
   Uses
      At line 78 in file GPIO_INTER_INIT.s
Comment: FOUR_B used once
GPIOPortF_Handler 00000000

Symbol: GPIOPortF_Handler
   Definitions
      At line 38 in file GPIO_INTER_INIT.s
   Uses
      At line 35 in file GPIO_INTER_INIT.s



ARM Macro Assembler    Page 2 Alphabetic symbol ordering
Relocatable symbols

Comment: GPIOPortF_Handler used once
GPIO_INIT 0000014C

Symbol: GPIO_INIT
   Definitions
      At line 187 in file GPIO_INTER_INIT.s
   Uses
      At line 36 in file GPIO_INTER_INIT.s
Comment: GPIO_INIT used once
LOOP 0000000A

Symbol: LOOP
   Definitions
      At line 42 in file GPIO_INTER_INIT.s
   Uses
      At line 43 in file GPIO_INTER_INIT.s
Comment: LOOP used once
LOOP2 00000006

Symbol: LOOP2
   Definitions
      At line 41 in file GPIO_INTER_INIT.s
   Uses
      At line 45 in file GPIO_INTER_INIT.s
Comment: LOOP2 used once
SECOND 000000D4

Symbol: SECOND
   Definitions
      At line 131 in file GPIO_INTER_INIT.s
   Uses
      At line 123 in file GPIO_INTER_INIT.s
Comment: SECOND used once
SECOND_B 00000074

Symbol: SECOND_B
   Definitions
      At line 90 in file GPIO_INTER_INIT.s
   Uses
      At line 82 in file GPIO_INTER_INIT.s
Comment: SECOND_B used once
SECOND_MINE 00000108

Symbol: SECOND_MINE
   Definitions
      At line 153 in file GPIO_INTER_INIT.s
   Uses
      At line 58 in file GPIO_INTER_INIT.s
Comment: SECOND_MINE used once
THIRD 000000E8

Symbol: THIRD
   Definitions
      At line 139 in file GPIO_INTER_INIT.s
   Uses
      At line 121 in file GPIO_INTER_INIT.s
Comment: THIRD used once
THIRD_B 00000088




ARM Macro Assembler    Page 3 Alphabetic symbol ordering
Relocatable symbols

Symbol: THIRD_B
   Definitions
      At line 98 in file GPIO_INTER_INIT.s
   Uses
      At line 80 in file GPIO_INTER_INIT.s
Comment: THIRD_B used once
THIRD_MINE 00000114

Symbol: THIRD_MINE
   Definitions
      At line 158 in file GPIO_INTER_INIT.s
   Uses
      At line 60 in file GPIO_INTER_INIT.s
Comment: THIRD_MINE used once
routines 00000000

Symbol: routines
   Definitions
      At line 31 in file GPIO_INTER_INIT.s
   Uses
      None
Comment: routines unused
16 symbols



ARM Macro Assembler    Page 1 Alphabetic symbol ordering
Absolute symbols

BATTLE_COUNTER 2000040F

Symbol: BATTLE_COUNTER
   Definitions
      At line 27 in file GPIO_INTER_INIT.s
   Uses
      At line 64 in file GPIO_INTER_INIT.s
      At line 73 in file GPIO_INTER_INIT.s
      At line 87 in file GPIO_INTER_INIT.s
      At line 95 in file GPIO_INTER_INIT.s
      At line 103 in file GPIO_INTER_INIT.s
      At line 111 in file GPIO_INTER_INIT.s
      At line 168 in file GPIO_INTER_INIT.s

CIV_COUNTER 20000410

Symbol: CIV_COUNTER
   Definitions
      At line 28 in file GPIO_INTER_INIT.s
   Uses
      At line 66 in file GPIO_INTER_INIT.s
      At line 116 in file GPIO_INTER_INIT.s
      At line 128 in file GPIO_INTER_INIT.s
      At line 136 in file GPIO_INTER_INIT.s
      At line 144 in file GPIO_INTER_INIT.s
      At line 170 in file GPIO_INTER_INIT.s

GPIO_LOCK_KEY 4C4F434B

Symbol: GPIO_LOCK_KEY
   Definitions
      At line 16 in file GPIO_INTER_INIT.s
   Uses
      At line 196 in file GPIO_INTER_INIT.s
Comment: GPIO_LOCK_KEY used once
GPIO_PORTF_CR_R 40025524

Symbol: GPIO_PORTF_CR_R
   Definitions
      At line 17 in file GPIO_INTER_INIT.s
   Uses
      At line 198 in file GPIO_INTER_INIT.s
Comment: GPIO_PORTF_CR_R used once
GPIO_PORTF_IBE 40025408

Symbol: GPIO_PORTF_IBE
   Definitions
      At line 20 in file GPIO_INTER_INIT.s
   Uses
      At line 218 in file GPIO_INTER_INIT.s
Comment: GPIO_PORTF_IBE used once
GPIO_PORTF_ICR 4002541C

Symbol: GPIO_PORTF_ICR
   Definitions
      At line 24 in file GPIO_INTER_INIT.s
   Uses
      At line 49 in file GPIO_INTER_INIT.s
      At line 221 in file GPIO_INTER_INIT.s



ARM Macro Assembler    Page 2 Alphabetic symbol ordering
Absolute symbols


GPIO_PORTF_IEV 4002540C

Symbol: GPIO_PORTF_IEV
   Definitions
      At line 21 in file GPIO_INTER_INIT.s
   Uses
      At line 219 in file GPIO_INTER_INIT.s
Comment: GPIO_PORTF_IEV used once
GPIO_PORTF_IM 40025410

Symbol: GPIO_PORTF_IM
   Definitions
      At line 22 in file GPIO_INTER_INIT.s
   Uses
      At line 220 in file GPIO_INTER_INIT.s
Comment: GPIO_PORTF_IM used once
GPIO_PORTF_IS 40025404

Symbol: GPIO_PORTF_IS
   Definitions
      At line 19 in file GPIO_INTER_INIT.s
   Uses
      At line 217 in file GPIO_INTER_INIT.s
Comment: GPIO_PORTF_IS used once
GPIO_PORTF_RIS 40025414

Symbol: GPIO_PORTF_RIS
   Definitions
      At line 23 in file GPIO_INTER_INIT.s
   Uses
      At line 47 in file GPIO_INTER_INIT.s
Comment: GPIO_PORTF_RIS used once
MINE_POSITION 20000412

Symbol: MINE_POSITION
   Definitions
      At line 30 in file GPIO_INTER_INIT.s
   Uses
      At line 149 in file GPIO_INTER_INIT.s
      At line 154 in file GPIO_INTER_INIT.s
      At line 159 in file GPIO_INTER_INIT.s
      At line 164 in file GPIO_INTER_INIT.s

NVIC_EN0 E000E100

Symbol: NVIC_EN0
   Definitions
      At line 4 in file GPIO_INTER_INIT.s
   Uses
      At line 235 in file GPIO_INTER_INIT.s
Comment: NVIC_EN0 used once
NVIC_EN0_INT30 40000000

Symbol: NVIC_EN0_INT30
   Definitions
      At line 3 in file GPIO_INTER_INIT.s
   Uses
      None



ARM Macro Assembler    Page 3 Alphabetic symbol ordering
Absolute symbols

Comment: NVIC_EN0_INT30 unused
NVIC_PRI7 E000E41C

Symbol: NVIC_PRI7
   Definitions
      At line 5 in file GPIO_INTER_INIT.s
   Uses
      At line 230 in file GPIO_INTER_INIT.s
Comment: NVIC_PRI7 used once
PORTF_AFSEL 40025420

Symbol: PORTF_AFSEL
   Definitions
      At line 11 in file GPIO_INTER_INIT.s
   Uses
      At line 204 in file GPIO_INTER_INIT.s
Comment: PORTF_AFSEL used once
PORTF_AMSEL 40025528

Symbol: PORTF_AMSEL
   Definitions
      At line 12 in file GPIO_INTER_INIT.s
   Uses
      None
Comment: PORTF_AMSEL unused
PORTF_DATA 400253FC

Symbol: PORTF_DATA
   Definitions
      At line 14 in file GPIO_INTER_INIT.s
   Uses
      None
Comment: PORTF_DATA unused
PORTF_DEN 4002551C

Symbol: PORTF_DEN
   Definitions
      At line 9 in file GPIO_INTER_INIT.s
   Uses
      At line 208 in file GPIO_INTER_INIT.s
Comment: PORTF_DEN used once
PORTF_DIR 40025400

Symbol: PORTF_DIR
   Definitions
      At line 13 in file GPIO_INTER_INIT.s
   Uses
      At line 201 in file GPIO_INTER_INIT.s
Comment: PORTF_DIR used once
PORTF_LOCK 40025520

Symbol: PORTF_LOCK
   Definitions
      At line 15 in file GPIO_INTER_INIT.s
   Uses
      At line 195 in file GPIO_INTER_INIT.s
Comment: PORTF_LOCK used once
PORTF_PCTL 4002552C




ARM Macro Assembler    Page 4 Alphabetic symbol ordering
Absolute symbols

Symbol: PORTF_PCTL
   Definitions
      At line 10 in file GPIO_INTER_INIT.s
   Uses
      None
Comment: PORTF_PCTL unused
PORTF_PUR 40025510

Symbol: PORTF_PUR
   Definitions
      At line 18 in file GPIO_INTER_INIT.s
   Uses
      At line 212 in file GPIO_INTER_INIT.s
Comment: PORTF_PUR used once
POSITION 20000400

Symbol: POSITION
   Definitions
      At line 26 in file GPIO_INTER_INIT.s
   Uses
      At line 83 in file GPIO_INTER_INIT.s
      At line 91 in file GPIO_INTER_INIT.s
      At line 99 in file GPIO_INTER_INIT.s
      At line 107 in file GPIO_INTER_INIT.s
      At line 124 in file GPIO_INTER_INIT.s
      At line 132 in file GPIO_INTER_INIT.s
      At line 140 in file GPIO_INTER_INIT.s

RCGCGPIO 400FE608

Symbol: RCGCGPIO
   Definitions
      At line 7 in file GPIO_INTER_INIT.s
   Uses
      At line 188 in file GPIO_INTER_INIT.s
Comment: RCGCGPIO used once
SCREEN_COUNTER 20000411

Symbol: SCREEN_COUNTER
   Definitions
      At line 29 in file GPIO_INTER_INIT.s
   Uses
      At line 53 in file GPIO_INTER_INIT.s
      At line 175 in file GPIO_INTER_INIT.s

25 symbols



ARM Macro Assembler    Page 1 Alphabetic symbol ordering
External symbols

BATTLESHIP 00000000

Symbol: BATTLESHIP
   Definitions
      At line 33 in file GPIO_INTER_INIT.s
   Uses
      None
Comment: BATTLESHIP unused
CIVILIAN 00000000

Symbol: CIVILIAN
   Definitions
      At line 34 in file GPIO_INTER_INIT.s
   Uses
      None
Comment: CIVILIAN unused
2 symbols
379 symbols in table
