


ARM Macro Assembler    Page 1 


    1 00000000 400FE604 
                       SYSCTL_RCGCTIMER
                               EQU              0x400FE604  ; GPTM Gate Control
                                                            
    2 00000000         ;Nested Vector Interrupt Controller registers
    3 00000000 00080000 
                       NVIC_EN0_INT19
                               EQU              0x00080000  ; Interrupt 19 enab
                                                            le
    4 00000000 E000E100 
                       NVIC_EN0
                               EQU              0xE000E100  ; IRQ 0 to 31 Set E
                                                            nable Register
    5 00000000 E000E410 
                       NVIC_PRI4
                               EQU              0xE000E410  ; IRQ 16 to 19 Prio
                                                            rity Register
    6 00000000         ; 16/32 Timer Registers
    7 00000000 40030000 
                       TIMER0_CFG
                               EQU              0x40030000
    8 00000000 40030004 
                       TIMER0_TAMR
                               EQU              0x40030004
    9 00000000 4003000C 
                       TIMER0_CTL
                               EQU              0x4003000C
   10 00000000 40030018 
                       TIMER0_IMR
                               EQU              0x40030018
   11 00000000 4003001C 
                       TIMER0_RIS
                               EQU              0x4003001C  ; Timer Interrupt S
                                                            tatus
   12 00000000 40030024 
                       TIMER0_ICR
                               EQU              0x40030024  ; Timer Interrupt C
                                                            lear
   13 00000000 40030028 
                       TIMER0_TAILR
                               EQU              0x40030028  ; Timer interval
   14 00000000 40030038 
                       TIMER0_TAPR
                               EQU              0x40030038
   15 00000000 40030048 
                       TIMER0_TAR
                               EQU              0x40030048  ; Timer register
   16 00000000 400043FC 
                       PORTA_DATA
                               EQU              0x400043FC
   17 00000000                 AREA             routines, CODE, READONLY
   18 00000000                 THUMB
   19 00000000                 EXTERN           TRANSMIT
   20 00000000                 EXPORT           Timer0A_Handler
   21 00000000                 EXPORT           TIMER_INIT
   22 00000000         
   23 00000000         
   24 00000000         Timer0A_Handler
                               PROC



ARM Macro Assembler    Page 2 


   25 00000000 B500            PUSH             {LR}
   26 00000002 49D8            LDR              R1,=TIMER0_ICR ; Clear the Flag
                                                            
   27 00000004 F04F 0001       MOV              R0,#0x01    ;
   28 00000008 6008            STR              R0,[R1]     ; Time Out Interrup
                                                            t clearead
   29 0000000A         
   30 0000000A F000 F85F       BL               CLEAR
   31 0000000E F1A7 0701       SUB              R7, #1
   32 00000012 2F14            CMP              R7, #20
   33 00000014 D030            BEQ              TWENTY
   34 00000016         
   35 00000016         
   36 00000016         
   37 00000016 F000 F8A1       BL               N1
   38 0000001A F04F 0500       MOV              R5, #0X0
   39 0000001E F7FF FFFE       BL               TRANSMIT
   40 00000022         
   41 00000022 2F13            CMP              R7, #19
   42 00000024 D031            BEQ              NINE
   43 00000026 2F12            CMP              R7, #18
   44 00000028 D032            BEQ              EIGHT
   45 0000002A 2F11            CMP              R7, #17
   46 0000002C D033            BEQ              SEVEN
   47 0000002E 2F10            CMP              R7, #16
   48 00000030 D034            BEQ              SIX
   49 00000032 2F0F            CMP              R7, #15
   50 00000034 D035            BEQ              FIVE
   51 00000036 2F0E            CMP              R7, #14
   52 00000038 D036            BEQ              FOUR
   53 0000003A 2F0D            CMP              R7, #13
   54 0000003C D037            BEQ              THREE
   55 0000003E 2F0C            CMP              R7, #12
   56 00000040 D038            BEQ              TWO
   57 00000042 2F0B            CMP              R7, #11
   58 00000044 D039            BEQ              ONE
   59 00000046 2F0A            CMP              R7, #10
   60 00000048 D03A            BEQ              ZERO
   61 0000004A F000 F83F       BL               CLEAR
   62 0000004E 2F09            CMP              R7, #9
   63 00000050 D01B            BEQ              NINE
   64 00000052 2F08            CMP              R7, #8
   65 00000054 D01C            BEQ              EIGHT
   66 00000056 2F07            CMP              R7, #7
   67 00000058 D01D            BEQ              SEVEN
   68 0000005A 2F06            CMP              R7, #6
   69 0000005C D01E            BEQ              SIX
   70 0000005E 2F05            CMP              R7, #5
   71 00000060 D01F            BEQ              FIVE
   72 00000062 2F04            CMP              R7, #4
   73 00000064 D020            BEQ              FOUR
   74 00000066 2F03            CMP              R7, #3
   75 00000068 D021            BEQ              THREE
   76 0000006A 2F02            CMP              R7, #2
   77 0000006C D022            BEQ              TWO
   78 0000006E 2F01            CMP              R7, #1
   79 00000070 D023            BEQ              ONE
   80 00000072 2F00            CMP              R7, #0
   81 00000074 D024            BEQ              ZERO



ARM Macro Assembler    Page 3 


   82 00000076 E026            B                FINISH
   83 00000078         
   84 00000078         TWENTY
   85 00000078 F000 F888       BL               N2
   86 0000007C F04F 0500       MOV              R5, #0X0
   87 00000080 F7FF FFFE       BL               TRANSMIT
   88 00000084 F000 F852       BL               N0
   89 00000088 E01D            B                FINISH
   90 0000008A F000 F927 
                       NINE    BL               N9
   91 0000008E E01A            B                FINISH
   92 00000090 F000 F90C 
                       EIGHT   BL               N8
   93 00000094 E017            B                FINISH
   94 00000096 F000 F8F1 
                       SEVEN   BL               N7
   95 0000009A E014            B                FINISH
   96 0000009C F000 F8D6 
                       SIX     BL               N6
   97 000000A0 E011            B                FINISH
   98 000000A2 F000 F8BB 
                       FIVE    BL               N5
   99 000000A6 E00E            B                FINISH
  100 000000A8 F000 F8A0 
                       FOUR    BL               N4
  101 000000AC E00B            B                FINISH
  102 000000AE F000 F885 
                       THREE   BL               N3
  103 000000B2 E008            B                FINISH
  104 000000B4 F000 F86A 
                       TWO     BL               N2
  105 000000B8 E005            B                FINISH
  106 000000BA F000 F84F 
                       ONE     BL               N1
  107 000000BE E002            B                FINISH
  108 000000C0 F000 F834 
                       ZERO    BL               N0
  109 000000C4 E7FF            B                FINISH
  110 000000C6 F85D EB04 
                       FINISH  POP              {LR}
  111 000000CA 4770            BX               LR
  112 000000CC         
  113 000000CC B500    CLEAR   PUSH             {LR}
  114 000000CE 49A6            LDR              R1,=PORTA_DATA
  115 000000D0 6808            LDR              R0,[R1]
  116 000000D2 F020 0040       BIC              R0,#0x40
  117 000000D6 6008            STR              R0,[R1]
  118 000000D8         
  119 000000D8 F04F 05C7       MOV              R5, #0xC7
  120 000000DC F7FF FFFE       BL               TRANSMIT
  121 000000E0 F04F 0540       MOV              R5, #0X40
  122 000000E4 F7FF FFFE       BL               TRANSMIT
  123 000000E8         
  124 000000E8 499F            LDR              R1,=PORTA_DATA
  125 000000EA 6808            LDR              R0,[R1]
  126 000000EC F040 0040       ORR              R0,#0x40
  127 000000F0 6008            STR              R0,[R1]
  128 000000F2         
  129 000000F2         



ARM Macro Assembler    Page 4 


  130 000000F2 F04F 040B       MOV              R4, #11
  131 000000F6 F04F 0500 
                       LOOP    MOV              R5, #0X0    ;CLEAR NUMBER PLACE
                                                            
  132 000000FA F7FF FFFE       BL               TRANSMIT
  133 000000FE 3C01            SUBS             R4, #1
  134 00000100 D1F9            BNE              LOOP
  135 00000102         
  136 00000102 4999            LDR              R1,=PORTA_DATA
  137 00000104 6808            LDR              R0,[R1]
  138 00000106 F020 0040       BIC              R0,#0x40
  139 0000010A 6008            STR              R0,[R1]
  140 0000010C         
  141 0000010C F04F 05C7       MOV              R5, #0xC7
  142 00000110 F7FF FFFE       BL               TRANSMIT
  143 00000114 F04F 0540       MOV              R5, #0X40
  144 00000118 F7FF FFFE       BL               TRANSMIT
  145 0000011C         
  146 0000011C 4992            LDR              R1,=PORTA_DATA
  147 0000011E 6808            LDR              R0,[R1]
  148 00000120 F040 0040       ORR              R0,#0x40
  149 00000124 6008            STR              R0,[R1]
  150 00000126 F85D EB04       POP              {LR}
  151 0000012A 4770            BX               LR
  152 0000012C B500    N0      PUSH             {LR}
  153 0000012E F04F 053E       MOV              R5, #0X3E
  154 00000132 F7FF FFFE       BL               TRANSMIT
  155 00000136 F04F 0551       MOV              R5, #0X51
  156 0000013A F7FF FFFE       BL               TRANSMIT
  157 0000013E F04F 0549       MOV              R5, #0X49
  158 00000142 F7FF FFFE       BL               TRANSMIT
  159 00000146 F04F 0545       MOV              R5, #0X45
  160 0000014A F7FF FFFE       BL               TRANSMIT
  161 0000014E F04F 053E       MOV              R5, #0X3E
  162 00000152 F7FF FFFE       BL               TRANSMIT
  163 00000156 F85D EB04       POP              {LR}
  164 0000015A 4770            BX               LR
  165 0000015C         
  166 0000015C B500    N1      PUSH             {LR}
  167 0000015E F04F 0500       MOV              R5, #0X0
  168 00000162 F7FF FFFE       BL               TRANSMIT
  169 00000166 F04F 0542       MOV              R5, #0X42
  170 0000016A F7FF FFFE       BL               TRANSMIT
  171 0000016E F04F 057F       MOV              R5, #0X7F
  172 00000172 F7FF FFFE       BL               TRANSMIT
  173 00000176 F04F 0540       MOV              R5, #0X40
  174 0000017A F7FF FFFE       BL               TRANSMIT
  175 0000017E F04F 0500       MOV              R5, #0X0
  176 00000182 F7FF FFFE       BL               TRANSMIT
  177 00000186 F85D EB04       POP              {LR}
  178 0000018A 4770            BX               LR
  179 0000018C         
  180 0000018C B500    N2      PUSH             {LR}
  181 0000018E F04F 0542       MOV              R5, #0X42
  182 00000192 F7FF FFFE       BL               TRANSMIT
  183 00000196 F04F 0561       MOV              R5, #0X61
  184 0000019A F7FF FFFE       BL               TRANSMIT
  185 0000019E F04F 0551       MOV              R5, #0X51
  186 000001A2 F7FF FFFE       BL               TRANSMIT



ARM Macro Assembler    Page 5 


  187 000001A6 F04F 0549       MOV              R5, #0X49
  188 000001AA F7FF FFFE       BL               TRANSMIT
  189 000001AE F04F 0546       MOV              R5, #0X46
  190 000001B2 F7FF FFFE       BL               TRANSMIT
  191 000001B6 F85D EB04       POP              {LR}
  192 000001BA 4770            BX               LR
  193 000001BC         
  194 000001BC B500    N3      PUSH             {LR}
  195 000001BE F04F 0521       MOV              R5, #0X21
  196 000001C2 F7FF FFFE       BL               TRANSMIT
  197 000001C6 F04F 0541       MOV              R5, #0X41
  198 000001CA F7FF FFFE       BL               TRANSMIT
  199 000001CE F04F 0545       MOV              R5, #0X45
  200 000001D2 F7FF FFFE       BL               TRANSMIT
  201 000001D6 F04F 054B       MOV              R5, #0X4B
  202 000001DA F7FF FFFE       BL               TRANSMIT
  203 000001DE F04F 0531       MOV              R5, #0X31
  204 000001E2 F7FF FFFE       BL               TRANSMIT
  205 000001E6 F85D EB04       POP              {LR}
  206 000001EA 4770            BX               LR
  207 000001EC         
  208 000001EC B500    N4      PUSH             {LR}
  209 000001EE F04F 0518       MOV              R5, #0X18
  210 000001F2 F7FF FFFE       BL               TRANSMIT
  211 000001F6 F04F 0514       MOV              R5, #0X14
  212 000001FA F7FF FFFE       BL               TRANSMIT
  213 000001FE F04F 0512       MOV              R5, #0X12
  214 00000202 F7FF FFFE       BL               TRANSMIT
  215 00000206 F04F 057F       MOV              R5, #0X7F
  216 0000020A F7FF FFFE       BL               TRANSMIT
  217 0000020E F04F 0510       MOV              R5, #0X10
  218 00000212 F7FF FFFE       BL               TRANSMIT
  219 00000216 F85D EB04       POP              {LR}
  220 0000021A 4770            BX               LR
  221 0000021C         
  222 0000021C B500    N5      PUSH             {LR}
  223 0000021E F04F 0527       MOV              R5, #0X27
  224 00000222 F7FF FFFE       BL               TRANSMIT
  225 00000226 F04F 0545       MOV              R5, #0X45
  226 0000022A F7FF FFFE       BL               TRANSMIT
  227 0000022E F04F 0545       MOV              R5, #0X45
  228 00000232 F7FF FFFE       BL               TRANSMIT
  229 00000236 F04F 0545       MOV              R5, #0X45
  230 0000023A F7FF FFFE       BL               TRANSMIT
  231 0000023E F04F 0539       MOV              R5, #0X39
  232 00000242 F7FF FFFE       BL               TRANSMIT
  233 00000246 F85D EB04       POP              {LR}
  234 0000024A 4770            BX               LR
  235 0000024C         
  236 0000024C B500    N6      PUSH             {LR}
  237 0000024E F04F 053C       MOV              R5, #0X3C
  238 00000252 F7FF FFFE       BL               TRANSMIT
  239 00000256 F04F 054A       MOV              R5, #0X4A
  240 0000025A F7FF FFFE       BL               TRANSMIT
  241 0000025E F04F 0549       MOV              R5, #0X49
  242 00000262 F7FF FFFE       BL               TRANSMIT
  243 00000266 F04F 0549       MOV              R5, #0X49
  244 0000026A F7FF FFFE       BL               TRANSMIT
  245 0000026E F04F 0530       MOV              R5, #0X30



ARM Macro Assembler    Page 6 


  246 00000272 F7FF FFFE       BL               TRANSMIT
  247 00000276 F85D EB04       POP              {LR}
  248 0000027A 4770            BX               LR
  249 0000027C         
  250 0000027C B500    N7      PUSH             {LR}
  251 0000027E F04F 0501       MOV              R5, #0X1
  252 00000282 F7FF FFFE       BL               TRANSMIT
  253 00000286 F04F 0571       MOV              R5, #0X71
  254 0000028A F7FF FFFE       BL               TRANSMIT
  255 0000028E F04F 0509       MOV              R5, #0X9
  256 00000292 F7FF FFFE       BL               TRANSMIT
  257 00000296 F04F 0505       MOV              R5, #0X5
  258 0000029A F7FF FFFE       BL               TRANSMIT
  259 0000029E F04F 0503       MOV              R5, #0X3
  260 000002A2 F7FF FFFE       BL               TRANSMIT
  261 000002A6 F85D EB04       POP              {LR}
  262 000002AA 4770            BX               LR
  263 000002AC         
  264 000002AC B500    N8      PUSH             {LR}
  265 000002AE F04F 0536       MOV              R5, #0X36
  266 000002B2 F7FF FFFE       BL               TRANSMIT
  267 000002B6 F04F 0549       MOV              R5, #0X49
  268 000002BA F7FF FFFE       BL               TRANSMIT
  269 000002BE F04F 0549       MOV              R5, #0X49
  270 000002C2 F7FF FFFE       BL               TRANSMIT
  271 000002C6 F04F 0549       MOV              R5, #0X49
  272 000002CA F7FF FFFE       BL               TRANSMIT
  273 000002CE F04F 0536       MOV              R5, #0X36
  274 000002D2 F7FF FFFE       BL               TRANSMIT
  275 000002D6 F85D EB04       POP              {LR}
  276 000002DA 4770            BX               LR
  277 000002DC         
  278 000002DC B500    N9      PUSH             {LR}
  279 000002DE F04F 0506       MOV              R5, #0X6
  280 000002E2 F7FF FFFE       BL               TRANSMIT
  281 000002E6 F04F 0549       MOV              R5, #0X49
  282 000002EA F7FF FFFE       BL               TRANSMIT
  283 000002EE F04F 0549       MOV              R5, #0X49
  284 000002F2 F7FF FFFE       BL               TRANSMIT
  285 000002F6 F04F 0529       MOV              R5, #0X29
  286 000002FA F7FF FFFE       BL               TRANSMIT
  287 000002FE F04F 051E       MOV              R5, #0X1E
  288 00000302 F7FF FFFE       BL               TRANSMIT
  289 00000306 F85D EB04       POP              {LR}
  290 0000030A 4770            BX               LR
  291 0000030C         
  292 0000030C                 ENDP
  293 0000030C         
  294 0000030C         TIMER_INIT
                               PROC
  295 0000030C 4917            LDR              R1, =SYSCTL_RCGCTIMER 
                                                            ; Start Timer0
  296 0000030E 680A            LDR              R2, [R1]
  297 00000310 F042 0201       ORR              R2, R2, #0x01
  298 00000314 600A            STR              R2, [R1]
  299 00000316 BF00            NOP                          ; allow clock to se
                                                            ttle
  300 00000318 BF00            NOP
  301 0000031A BF00            NOP



ARM Macro Assembler    Page 7 


  302 0000031C 4914            LDR              R1, =TIMER0_CTL ; disable timer
                                                             during setup LDR R
                                                            2, [R1]
  303 0000031E F022 0201       BIC              R2, R2, #0x01
  304 00000322 600A            STR              R2, [R1]
  305 00000324 4913            LDR              R1, =TIMER0_CFG 
                                                            ; set 32 bit mode
  306 00000326 F04F 0200       MOV              R2, #0x00
  307 0000032A 600A            STR              R2, [R1]
  308 0000032C 4912            LDR              R1, =TIMER0_TAMR
  309 0000032E F04F 0202       MOV              R2, #0x02   ; set to periodic, 
                                                            count down
  310 00000332 600A            STR              R2, [R1]
  311 00000334 4911            LDR              R1, =TIMER0_TAILR ; initialize 
                                                            match clocks
  312 00000336 4A12            LDR              R2, =15999999 ;1 SEC 
  313 00000338 600A            STR              R2, [R1]
  314 0000033A 4912            LDR              R1, =TIMER0_IMR ; enable timeou
                                                            t interrupt
  315 0000033C F04F 0201       MOV              R2, #0x01
  316 00000340 600A            STR              R2, [R1]
  317 00000342         ; Configure interrupt priorities
  318 00000342         ; Timer0A is interrupt #19.
  319 00000342         ; Interrupts 16-19 are handled by NVIC register PRI4.
  320 00000342         ; Interrupt 19 is controlled by bits 31:29 of PRI4.
  321 00000342         ; set NVIC interrupt 19 to priority 2
  322 00000342 4911            LDR              R1, =NVIC_PRI4
  323 00000344 680A            LDR              R2, [R1]
  324 00000346 F022 427F       AND              R2, R2, #0x00FFFFFF ; clear int
                                                            errupt 19 priority
  325 0000034A F042 4280       ORR              R2, R2, #0x40000000 ; set inter
                                                            rupt 19 priority to
                                                             2
  326 0000034E 600A            STR              R2, [R1]
  327 00000350         ; NVIC has to be enabled
  328 00000350         ; Interrupts 0-31 are handled by NVIC register EN0
  329 00000350         ; Interrupt 19 is controlled by bit 19
  330 00000350         ; enable interrupt 19 in NVIC
  331 00000350 490E            LDR              R1, =NVIC_EN0
  332 00000352 F2C0 0208       MOVT             R2, #0x08   ; set bit 19 to ena
                                                            ble interrupt 19
  333 00000356 600A            STR              R2, [R1]
  334 00000358         ; Enable timer
  335 00000358 4905            LDR              R1, =TIMER0_CTL
  336 0000035A 680A            LDR              R2, [R1]
  337 0000035C F042 0203       ORR              R2, R2, #0x03 ; set bit0 to ena
                                                            ble
  338 00000360 600A            STR              R2, [R1]    ; and bit 1 to stal
                                                            l on debug   
  339 00000362         
  340 00000362 4770            BX               LR
  341 00000364                 ENDP
  342 00000364                 ALIGN
  343 00000364                 END
              40030024 
              400043FC 
              400FE604 
              4003000C 
              40030000 



ARM Macro Assembler    Page 8 


              40030004 
              40030028 
              00F423FF 
              40030018 
              E000E410 
              E000E100 
Command Line: --debug --xref --diag_suppress=9931 --cpu=Cortex-M4.fp --apcs=int
erwork --depend=.\objects\timer_init.d -o.\objects\timer_init.o -I.\RTE\_Target
_1 -IC:\Keil_v5\ARM\PACK\Keil\TM4C_DFP\1.1.0\Device\Include\TM4C123 -IC:\Keil_v
5\ARM\CMSIS\Include --predefine="__EVAL SETA 1" --predefine="__UVISION_VERSION 
SETA 526" --predefine="TM4C123GH6PM SETA 1" --list=.\listings\timer_init.lst TI
MER_INIT.s



ARM Macro Assembler    Page 1 Alphabetic symbol ordering
Relocatable symbols

CLEAR 000000CC

Symbol: CLEAR
   Definitions
      At line 113 in file TIMER_INIT.s
   Uses
      At line 30 in file TIMER_INIT.s
      At line 61 in file TIMER_INIT.s

EIGHT 00000090

Symbol: EIGHT
   Definitions
      At line 92 in file TIMER_INIT.s
   Uses
      At line 44 in file TIMER_INIT.s
      At line 65 in file TIMER_INIT.s

FINISH 000000C6

Symbol: FINISH
   Definitions
      At line 110 in file TIMER_INIT.s
   Uses
      At line 82 in file TIMER_INIT.s
      At line 89 in file TIMER_INIT.s
      At line 91 in file TIMER_INIT.s
      At line 93 in file TIMER_INIT.s
      At line 95 in file TIMER_INIT.s
      At line 97 in file TIMER_INIT.s
      At line 99 in file TIMER_INIT.s
      At line 101 in file TIMER_INIT.s
      At line 103 in file TIMER_INIT.s
      At line 105 in file TIMER_INIT.s
      At line 107 in file TIMER_INIT.s
      At line 109 in file TIMER_INIT.s

FIVE 000000A2

Symbol: FIVE
   Definitions
      At line 98 in file TIMER_INIT.s
   Uses
      At line 50 in file TIMER_INIT.s
      At line 71 in file TIMER_INIT.s

FOUR 000000A8

Symbol: FOUR
   Definitions
      At line 100 in file TIMER_INIT.s
   Uses
      At line 52 in file TIMER_INIT.s
      At line 73 in file TIMER_INIT.s

LOOP 000000F6

Symbol: LOOP
   Definitions



ARM Macro Assembler    Page 2 Alphabetic symbol ordering
Relocatable symbols

      At line 131 in file TIMER_INIT.s
   Uses
      At line 134 in file TIMER_INIT.s
Comment: LOOP used once
N0 0000012C

Symbol: N0
   Definitions
      At line 152 in file TIMER_INIT.s
   Uses
      At line 88 in file TIMER_INIT.s
      At line 108 in file TIMER_INIT.s

N1 0000015C

Symbol: N1
   Definitions
      At line 166 in file TIMER_INIT.s
   Uses
      At line 37 in file TIMER_INIT.s
      At line 106 in file TIMER_INIT.s

N2 0000018C

Symbol: N2
   Definitions
      At line 180 in file TIMER_INIT.s
   Uses
      At line 85 in file TIMER_INIT.s
      At line 104 in file TIMER_INIT.s

N3 000001BC

Symbol: N3
   Definitions
      At line 194 in file TIMER_INIT.s
   Uses
      At line 102 in file TIMER_INIT.s
Comment: N3 used once
N4 000001EC

Symbol: N4
   Definitions
      At line 208 in file TIMER_INIT.s
   Uses
      At line 100 in file TIMER_INIT.s
Comment: N4 used once
N5 0000021C

Symbol: N5
   Definitions
      At line 222 in file TIMER_INIT.s
   Uses
      At line 98 in file TIMER_INIT.s
Comment: N5 used once
N6 0000024C

Symbol: N6
   Definitions



ARM Macro Assembler    Page 3 Alphabetic symbol ordering
Relocatable symbols

      At line 236 in file TIMER_INIT.s
   Uses
      At line 96 in file TIMER_INIT.s
Comment: N6 used once
N7 0000027C

Symbol: N7
   Definitions
      At line 250 in file TIMER_INIT.s
   Uses
      At line 94 in file TIMER_INIT.s
Comment: N7 used once
N8 000002AC

Symbol: N8
   Definitions
      At line 264 in file TIMER_INIT.s
   Uses
      At line 92 in file TIMER_INIT.s
Comment: N8 used once
N9 000002DC

Symbol: N9
   Definitions
      At line 278 in file TIMER_INIT.s
   Uses
      At line 90 in file TIMER_INIT.s
Comment: N9 used once
NINE 0000008A

Symbol: NINE
   Definitions
      At line 90 in file TIMER_INIT.s
   Uses
      At line 42 in file TIMER_INIT.s
      At line 63 in file TIMER_INIT.s

ONE 000000BA

Symbol: ONE
   Definitions
      At line 106 in file TIMER_INIT.s
   Uses
      At line 58 in file TIMER_INIT.s
      At line 79 in file TIMER_INIT.s

SEVEN 00000096

Symbol: SEVEN
   Definitions
      At line 94 in file TIMER_INIT.s
   Uses
      At line 46 in file TIMER_INIT.s
      At line 67 in file TIMER_INIT.s

SIX 0000009C

Symbol: SIX
   Definitions



ARM Macro Assembler    Page 4 Alphabetic symbol ordering
Relocatable symbols

      At line 96 in file TIMER_INIT.s
   Uses
      At line 48 in file TIMER_INIT.s
      At line 69 in file TIMER_INIT.s

THREE 000000AE

Symbol: THREE
   Definitions
      At line 102 in file TIMER_INIT.s
   Uses
      At line 54 in file TIMER_INIT.s
      At line 75 in file TIMER_INIT.s

TIMER_INIT 0000030C

Symbol: TIMER_INIT
   Definitions
      At line 294 in file TIMER_INIT.s
   Uses
      At line 21 in file TIMER_INIT.s
Comment: TIMER_INIT used once
TWENTY 00000078

Symbol: TWENTY
   Definitions
      At line 84 in file TIMER_INIT.s
   Uses
      At line 33 in file TIMER_INIT.s
Comment: TWENTY used once
TWO 000000B4

Symbol: TWO
   Definitions
      At line 104 in file TIMER_INIT.s
   Uses
      At line 56 in file TIMER_INIT.s
      At line 77 in file TIMER_INIT.s

Timer0A_Handler 00000000

Symbol: Timer0A_Handler
   Definitions
      At line 24 in file TIMER_INIT.s
   Uses
      At line 20 in file TIMER_INIT.s
Comment: Timer0A_Handler used once
ZERO 000000C0

Symbol: ZERO
   Definitions
      At line 108 in file TIMER_INIT.s
   Uses
      At line 60 in file TIMER_INIT.s
      At line 81 in file TIMER_INIT.s

routines 00000000

Symbol: routines



ARM Macro Assembler    Page 5 Alphabetic symbol ordering
Relocatable symbols

   Definitions
      At line 17 in file TIMER_INIT.s
   Uses
      None
Comment: routines unused
27 symbols



ARM Macro Assembler    Page 1 Alphabetic symbol ordering
Absolute symbols

NVIC_EN0 E000E100

Symbol: NVIC_EN0
   Definitions
      At line 4 in file TIMER_INIT.s
   Uses
      At line 331 in file TIMER_INIT.s
Comment: NVIC_EN0 used once
NVIC_EN0_INT19 00080000

Symbol: NVIC_EN0_INT19
   Definitions
      At line 3 in file TIMER_INIT.s
   Uses
      None
Comment: NVIC_EN0_INT19 unused
NVIC_PRI4 E000E410

Symbol: NVIC_PRI4
   Definitions
      At line 5 in file TIMER_INIT.s
   Uses
      At line 322 in file TIMER_INIT.s
Comment: NVIC_PRI4 used once
PORTA_DATA 400043FC

Symbol: PORTA_DATA
   Definitions
      At line 16 in file TIMER_INIT.s
   Uses
      At line 114 in file TIMER_INIT.s
      At line 124 in file TIMER_INIT.s
      At line 136 in file TIMER_INIT.s
      At line 146 in file TIMER_INIT.s

SYSCTL_RCGCTIMER 400FE604

Symbol: SYSCTL_RCGCTIMER
   Definitions
      At line 1 in file TIMER_INIT.s
   Uses
      At line 295 in file TIMER_INIT.s
Comment: SYSCTL_RCGCTIMER used once
TIMER0_CFG 40030000

Symbol: TIMER0_CFG
   Definitions
      At line 7 in file TIMER_INIT.s
   Uses
      At line 305 in file TIMER_INIT.s
Comment: TIMER0_CFG used once
TIMER0_CTL 4003000C

Symbol: TIMER0_CTL
   Definitions
      At line 9 in file TIMER_INIT.s
   Uses
      At line 302 in file TIMER_INIT.s
      At line 335 in file TIMER_INIT.s



ARM Macro Assembler    Page 2 Alphabetic symbol ordering
Absolute symbols


TIMER0_ICR 40030024

Symbol: TIMER0_ICR
   Definitions
      At line 12 in file TIMER_INIT.s
   Uses
      At line 26 in file TIMER_INIT.s
Comment: TIMER0_ICR used once
TIMER0_IMR 40030018

Symbol: TIMER0_IMR
   Definitions
      At line 10 in file TIMER_INIT.s
   Uses
      At line 314 in file TIMER_INIT.s
Comment: TIMER0_IMR used once
TIMER0_RIS 4003001C

Symbol: TIMER0_RIS
   Definitions
      At line 11 in file TIMER_INIT.s
   Uses
      None
Comment: TIMER0_RIS unused
TIMER0_TAILR 40030028

Symbol: TIMER0_TAILR
   Definitions
      At line 13 in file TIMER_INIT.s
   Uses
      At line 311 in file TIMER_INIT.s
Comment: TIMER0_TAILR used once
TIMER0_TAMR 40030004

Symbol: TIMER0_TAMR
   Definitions
      At line 8 in file TIMER_INIT.s
   Uses
      At line 308 in file TIMER_INIT.s
Comment: TIMER0_TAMR used once
TIMER0_TAPR 40030038

Symbol: TIMER0_TAPR
   Definitions
      At line 14 in file TIMER_INIT.s
   Uses
      None
Comment: TIMER0_TAPR unused
TIMER0_TAR 40030048

Symbol: TIMER0_TAR
   Definitions
      At line 15 in file TIMER_INIT.s
   Uses
      None
Comment: TIMER0_TAR unused
14 symbols



ARM Macro Assembler    Page 1 Alphabetic symbol ordering
External symbols

TRANSMIT 00000000

Symbol: TRANSMIT
   Definitions
      At line 19 in file TIMER_INIT.s
   Uses
      At line 39 in file TIMER_INIT.s
      At line 87 in file TIMER_INIT.s
      At line 120 in file TIMER_INIT.s
      At line 122 in file TIMER_INIT.s
      At line 132 in file TIMER_INIT.s
      At line 142 in file TIMER_INIT.s
      At line 144 in file TIMER_INIT.s
      At line 154 in file TIMER_INIT.s
      At line 156 in file TIMER_INIT.s
      At line 158 in file TIMER_INIT.s
      At line 160 in file TIMER_INIT.s
      At line 162 in file TIMER_INIT.s
      At line 168 in file TIMER_INIT.s
      At line 170 in file TIMER_INIT.s
      At line 172 in file TIMER_INIT.s
      At line 174 in file TIMER_INIT.s
      At line 176 in file TIMER_INIT.s
      At line 182 in file TIMER_INIT.s
      At line 184 in file TIMER_INIT.s
      At line 186 in file TIMER_INIT.s
      At line 188 in file TIMER_INIT.s
      At line 190 in file TIMER_INIT.s
      At line 196 in file TIMER_INIT.s
      At line 198 in file TIMER_INIT.s
      At line 200 in file TIMER_INIT.s
      At line 202 in file TIMER_INIT.s
      At line 204 in file TIMER_INIT.s
      At line 210 in file TIMER_INIT.s
      At line 212 in file TIMER_INIT.s
      At line 214 in file TIMER_INIT.s
      At line 216 in file TIMER_INIT.s
      At line 218 in file TIMER_INIT.s
      At line 224 in file TIMER_INIT.s
      At line 226 in file TIMER_INIT.s
      At line 228 in file TIMER_INIT.s
      At line 230 in file TIMER_INIT.s
      At line 232 in file TIMER_INIT.s
      At line 238 in file TIMER_INIT.s
      At line 240 in file TIMER_INIT.s
      At line 242 in file TIMER_INIT.s
      At line 244 in file TIMER_INIT.s
      At line 246 in file TIMER_INIT.s
      At line 252 in file TIMER_INIT.s
      At line 254 in file TIMER_INIT.s
      At line 256 in file TIMER_INIT.s
      At line 258 in file TIMER_INIT.s
      At line 260 in file TIMER_INIT.s
      At line 266 in file TIMER_INIT.s
      At line 268 in file TIMER_INIT.s
      At line 270 in file TIMER_INIT.s
      At line 272 in file TIMER_INIT.s
      At line 274 in file TIMER_INIT.s
      At line 280 in file TIMER_INIT.s



ARM Macro Assembler    Page 2 Alphabetic symbol ordering
External symbols

      At line 282 in file TIMER_INIT.s
      At line 284 in file TIMER_INIT.s
      At line 286 in file TIMER_INIT.s
      At line 288 in file TIMER_INIT.s

1 symbol
378 symbols in table
